Begin execution of run: 2001-Opt-Tc&R; 6 May 2005,  17:22:43
     Basin Model: Jun 2001-R2; Meteorologic Model: Jun 2001; Control Specifications: Jun 2001
WARNING: Error in computing Clark Unit Hydrograph for l114b;
     Time of Concentration increased to one time interval: .25 hr
WARNING: Error in computing Clark Unit Hydrograph for l114b;
     Time of Concentration increased to one time interval: .25 hr
WARNING: Error in computing Clark Unit Hydrograph for l114b;
     Time of Concentration increased to one time interval: .25 hr
WARNING: Error in computing Clark Unit Hydrograph for l114b;
     Time of Concentration increased to one time interval: .25 hr
WARNING: Error in computing Clark Unit Hydrograph for l114b;
     Time of Concentration increased to one time interval: .25 hr
WARNING: Error in computing Clark Unit Hydrograph for l114b;
     Time of Concentration increased to one time interval: .25 hr
WARNING: Error in computing Clark Unit Hydrograph for l114b;
     Time of Concentration increased to one time interval: .25 hr
WARNING: Error in computing Clark Unit Hydrograph for l114b;
     Time of Concentration increased to one time interval: .25 hr
WARNING: Error in computing Clark Unit Hydrograph for l114b;
     Time of Concentration increased to one time interval: .25 hr
WARNING: Error in computing Clark Unit Hydrograph for l114b;
     Time of Concentration increased to one time interval: .25 hr
WARNING: Error in computing Clark Unit Hydrograph for l114b;
     Time of Concentration increased to one time interval: .25 hr
WARNING: Error in computing Clark Unit Hydrograph for l114b;
     Time of Concentration increased to one time interval: .25 hr
WARNING: Error in computing Clark Unit Hydrograph for l114b;
     Time of Concentration increased to one time interval: .25 hr
WARNING: Error in computing Clark Unit Hydrograph for l114b;
     Time of Concentration increased to one time interval: .25 hr
WARNING: Error in computing Clark Unit Hydrograph for l114b;
     Time of Concentration increased to one time interval: .25 hr
WARNING: Error in computing Clark Unit Hydrograph for l114b;
     Time of Concentration increased to one time interval: .25 hr
WARNING: Error in computing Clark Unit Hydrograph for l114b;
     Time of Concentration increased to one time interval: .25 hr
WARNING: Error in computing Clark Unit Hydrograph for l114b;
     Time of Concentration increased to one time interval: .25 hr
WARNING: Error in computing Clark Unit Hydrograph for l114b;
     Time of Concentration increased to one time interval: .25 hr
WARNING: Error in computing Clark Unit Hydrograph for l114b;
     Time of Concentration increased to one time interval: .25 hr
WARNING: Error in computing Clark Unit Hydrograph for l114b;
     Time of Concentration increased to one time interval: .25 hr
WARNING: Error in computing Clark Unit Hydrograph for l114b;
     Time of Concentration increased to one time interval: .25 hr
WARNING: Error in computing Clark Unit Hydrograph for l114b;
     Time of Concentration increased to one time interval: .25 hr
WARNING: Error in computing Clark Unit Hydrograph for l114b;
     Time of Concentration increased to one time interval: .25 hr
WARNING: Error in computing Clark Unit Hydrograph for l114b;
     Time of Concentration increased to one time interval: .25 hr
WARNING: Error in computing Clark Unit Hydrograph for l114b;
     Time of Concentration increased to one time interval: .25 hr
WARNING: Error in computing Clark Unit Hydrograph for l114b;
     Time of Concentration increased to one time interval: .25 hr
WARNING: Error in computing Clark Unit Hydrograph for l114b;
     Time of Concentration increased to one time interval: .25 hr
WARNING: Error in computing Clark Unit Hydrograph for l114b;
     Time of Concentration increased to one time interval: .25 hr
WARNING: Error in computing Clark Unit Hydrograph for l114b;
     Time of Concentration increased to one time interval: .25 hr
WARNING: Error in computing Clark Unit Hydrograph for l114b;
     Time of Concentration increased to one time interval: .25 hr
WARNING: Error in computing Clark Unit Hydrograph for l114b;
     Time of Concentration increased to one time interval: .25 hr
WARNING: Error in computing Clark Unit Hydrograph for l114b;
     Time of Concentration increased to one time interval: .25 hr
WARNING: Error in computing Clark Unit Hydrograph for l114b;
     Time of Concentration increased to one time interval: .25 hr
WARNING: Error in computing Clark Unit Hydrograph for l114b;
     Time of Concentration increased to one time interval: .25 hr
WARNING: Error in computing Clark Unit Hydrograph for l114b;
     Time of Concentration increased to one time interval: .25 hr
WARNING: Error in computing Clark Unit Hydrograph for l114b;
     Time of Concentration increased to one time interval: .25 hr
WARNING: Error in computing Clark Unit Hydrograph for l114b;
     Time of Concentration increased to one time interval: .25 hr
WARNING: Error in computing Clark Unit Hydrograph for l114b;
     Time of Concentration increased to one time interval: .25 hr
WARNING: Error in computing Clark Unit Hydrograph for l114b;
     Time of Concentration increased to one time interval: .25 hr
WARNING: Error in computing Clark Unit Hydrograph for l114b;
     Time of Concentration increased to one time interval: .25 hr
WARNING: Error in computing Clark Unit Hydrograph for l114b;
     Time of Concentration increased to one time interval: .25 hr
WARNING: Error in computing Clark Unit Hydrograph for l114b;
     Time of Concentration increased to one time interval: .25 hr
WARNING: Error in computing Clark Unit Hydrograph for l114b;
     Time of Concentration increased to one time interval: .25 hr
WARNING: Error in computing Clark Unit Hydrograph for l114b;
     Time of Concentration increased to one time interval: .25 hr
WARNING: Error in computing Clark Unit Hydrograph for l114b;
     Time of Concentration increased to one time interval: .25 hr
WARNING: Error in computing Clark Unit Hydrograph for l114b;
     Time of Concentration increased to one time interval: .25 hr
WARNING: Error in computing Clark Unit Hydrograph for l114b;
     Time of Concentration increased to one time interval: .25 hr
WARNING: Error in computing Clark Unit Hydrograph for l114b;
     Time of Concentration increased to one time interval: .25 hr
WARNING: Error in computing Clark Unit Hydrograph for l114b;
     Time of Concentration increased to one time interval: .25 hr
WARNING: Error in computing Clark Unit Hydrograph for l114b;
     Time of Concentration increased to one time interval: .25 hr
WARNING: Error in computing Clark Unit Hydrograph for l114b;
     Time of Concentration increased to one time interval: .25 hr
WARNING: Error in computing Clark Unit Hydrograph for l114b;
     Time of Concentration increased to one time interval: .25 hr
WARNING: Error in computing Clark Unit Hydrograph for l114b;
     Time of Concentration increased to one time interval: .25 hr
WARNING: Error in computing Clark Unit Hydrograph for l114b;
     Time of Concentration increased to one time interval: .25 hr
WARNING: Error in computing Clark Unit Hydrograph for l114b;
     Time of Concentration increased to one time interval: .25 hr
WARNING: Error in computing Clark Unit Hydrograph for l114b;
     Time of Concentration increased to one time interval: .25 hr
WARNING: Error in computing Clark Unit Hydrograph for l114b;
     Time of Concentration increased to one time interval: .25 hr
WARNING: Error in computing Clark Unit Hydrograph for l114b;
     Time of Concentration increased to one time interval: .25 hr
End execution of run: 2001-Opt-Tc&R;  6 May 2005,  17:26:12
