    -----DSS---ZOPEN:  Existing File Opened,  File: C:/Projects/EffectiveHMS QAQC/2009_Updated ModelsVer3.3/M-Willow Creek/Hydrology-HMS/M100_00_00/M100_00_00.dss
                       Unit:   73;  DSS Versions - Software: 6-QA, File: 6-ND
 -----DSS--- ZREAD Unit   73; Vers.    4:  //M1000000_0976_J/FLOW/01MAY2007/15MIN/RUN:M1000000_10%/
 -----DSS--- ZREAD Unit   73; Vers.    4:  //M1000000_0976_J/FLOW/01JUN2007/15MIN/RUN:M1000000_10%/
 -----DSS--- ZREAD Unit   73; Vers.    4:  //M1000000_0854_J/FLOW/01MAY2007/15MIN/RUN:M1000000_10%/
 -----DSS--- ZREAD Unit   73; Vers.    4:  //M1000000_0854_J/FLOW/01JUN2007/15MIN/RUN:M1000000_10%/
 -----DSS--- ZREAD Unit   73; Vers.    4:  //M1000000_0742_J/FLOW/01MAY2007/15MIN/RUN:M1000000_10%/
 -----DSS--- ZREAD Unit   73; Vers.    4:  //M1000000_0742_J/FLOW/01JUN2007/15MIN/RUN:M1000000_10%/
 -----DSS*** ZRRTS:  CAUTION - Data block not found in file.  Unit:   73
 Pathname: ////01MAY2007/15MIN/RUN:M1000000_10%/
 -----DSS--- ZREAD Unit   73; Vers.    4:  //M1000000_0444_J/FLOW/01MAY2007/15MIN/RUN:M1000000_10%/
 -----DSS--- ZREAD Unit   73; Vers.    4:  //M1000000_0444_J/FLOW/01JUN2007/15MIN/RUN:M1000000_10%/
 -----DSS--- ZREAD Unit   73; Vers.    4:  //M1000000_0340_J/FLOW/01MAY2007/15MIN/RUN:M1000000_10%/
 -----DSS--- ZREAD Unit   73; Vers.    4:  //M1000000_0340_J/FLOW/01JUN2007/15MIN/RUN:M1000000_10%/
 -----DSS--- ZREAD Unit   73; Vers.    4:  //M1000000_0261_J/FLOW/01MAY2007/15MIN/RUN:M1000000_10%/
 -----DSS--- ZREAD Unit   73; Vers.    4:  //M1000000_0261_J/FLOW/01JUN2007/15MIN/RUN:M1000000_10%/
 -----DSS--- ZREAD Unit   73; Vers.    4:  //M1000000_0218_J/FLOW/01MAY2007/15MIN/RUN:M1000000_10%/
 -----DSS--- ZREAD Unit   73; Vers.    4:  //M1000000_0218_J/FLOW/01JUN2007/15MIN/RUN:M1000000_10%/
 -----DSS--- ZREAD Unit   73; Vers.    4:  //M1000000_0158_J/FLOW/01MAY2007/15MIN/RUN:M1000000_10%/
 -----DSS--- ZREAD Unit   73; Vers.    4:  //M1000000_0158_J/FLOW/01JUN2007/15MIN/RUN:M1000000_10%/
 -----DSS--- ZREAD Unit   73; Vers.    4:  //M1000000_1033_J/FLOW/01MAY2007/15MIN/RUN:M1000000_10%/
 -----DSS--- ZREAD Unit   73; Vers.    4:  //M1000000_1033_J/FLOW/01JUN2007/15MIN/RUN:M1000000_10%/
 -----DSS--- ZREAD Unit   73; Vers.    4:  //M1240000_0135_J/FLOW/01MAY2007/15MIN/RUN:M1000000_10%/
 -----DSS--- ZREAD Unit   73; Vers.    4:  //M1240000_0135_J/FLOW/01JUN2007/15MIN/RUN:M1000000_10%/
 -----DSS--- ZREAD Unit   73; Vers.    4:  //M1000000_0708_J/FLOW/01MAY2007/15MIN/RUN:M1000000_10%/
 -----DSS--- ZREAD Unit   73; Vers.    4:  //M1000000_0708_J/FLOW/01JUN2007/15MIN/RUN:M1000000_10%/
 -----DSS--- ZREAD Unit   73; Vers.    4:  //M1000000_0617_J/FLOW/01MAY2007/15MIN/RUN:M1000000_10%/
 -----DSS--- ZREAD Unit   73; Vers.    4:  //M1000000_0617_J/FLOW/01JUN2007/15MIN/RUN:M1000000_10%/
 -----DSS--- ZREAD Unit   73; Vers.    4:  //M1120000_0112_J/FLOW/01MAY2007/15MIN/RUN:M1000000_10%/
 -----DSS--- ZREAD Unit   73; Vers.    4:  //M1120000_0112_J/FLOW/01JUN2007/15MIN/RUN:M1000000_10%/
 -----DSS--- ZREAD Unit   73; Vers.    4:  //M1000000_0006_J/FLOW/01MAY2007/15MIN/RUN:M1000000_10%/
 -----DSS--- ZREAD Unit   73; Vers.    4:  //M1000000_0006_J/FLOW/01JUN2007/15MIN/RUN:M1000000_10%/
 -----DSS--- ZREAD Unit   73; Vers.    4:  //M1000000_0006_J/FLOW/01MAY2007/15MIN/RUN:M1000000_10%/
 -----DSS--- ZREAD Unit   73; Vers.    4:  //M1000000_0006_J/FLOW/01JUN2007/15MIN/RUN:M1000000_10%/
 -----DSS--- ZREAD Unit   73; Vers.    4:  //M1000000_0006_J/FLOW/01MAY2007/15MIN/RUN:M1000000_10%/
 -----DSS--- ZREAD Unit   73; Vers.    4:  //M1000000_0006_J/FLOW/01JUN2007/15MIN/RUN:M1000000_10%/
 -----DSS--- ZREAD Unit   73; Vers.    4:  //M1000000_0006_J/FLOW-COMBINE/01MAY2007/15MIN/RUN:M1000000_10%/
 -----DSS--- ZREAD Unit   73; Vers.    4:  //M1000000_0006_J/FLOW-COMBINE/01JUN2007/15MIN/RUN:M1000000_10%/
 -----DSS--- ZREAD Unit   73; Vers.    4:  //M1000000_0006_J/FLOW-COMBINE/01MAY2007/15MIN/RUN:M1000000_10%/
 -----DSS--- ZREAD Unit   73; Vers.    4:  //M1000000_0006_J/FLOW-COMBINE/01JUN2007/15MIN/RUN:M1000000_10%/
 -----DSS--- ZREAD Unit   73; Vers.    4:  //M1000000_0006_J/FLOW-COMBINE/01MAY2007/15MIN/RUN:M1000000_10%/
 -----DSS--- ZREAD Unit   73; Vers.    4:  //M1000000_0006_J/FLOW-COMBINE/01JUN2007/15MIN/RUN:M1000000_10%/
 -----DSS--- ZREAD Unit   73; Vers.    4:  //M1000000_0006_J/FLOW/01MAY2007/15MIN/RUN:M1000000_10%/
 -----DSS--- ZREAD Unit   73; Vers.    4:  //M1000000_0006_J/FLOW/01JUN2007/15MIN/RUN:M1000000_10%/
 -----DSS--- ZREAD Unit   73; Vers.    4:  //M1000000_0006_J/FLOW/01MAY2007/15MIN/RUN:M1000000_10%/
 -----DSS--- ZREAD Unit   73; Vers.    4:  //M1000000_0006_J/FLOW/01JUN2007/15MIN/RUN:M1000000_10%/
 -----DSS--- ZREAD Unit   73; Vers.    4:  //M1000000_0006_J/FLOW/01MAY2007/15MIN/RUN:M1000000_10%/
 -----DSS--- ZREAD Unit   73; Vers.    4:  //M1000000_0006_J/FLOW/01JUN2007/15MIN/RUN:M1000000_10%/
 -----DSS--- ZREAD Unit   73; Vers.    4:  //M1000000_0006_J/FLOW/01MAY2007/15MIN/RUN:M1000000_10%/
 -----DSS--- ZREAD Unit   73; Vers.    4:  //M1000000_0006_J/FLOW/01JUN2007/15MIN/RUN:M1000000_10%/
 -----DSS--- ZREAD Unit   73; Vers.    4:  //M1000000_0006_J/FLOW/01MAY2007/15MIN/RUN:M1000000_10%/
 -----DSS--- ZREAD Unit   73; Vers.    4:  //M1000000_0006_J/FLOW/01JUN2007/15MIN/RUN:M1000000_10%/
 -----DSS--- ZREAD Unit   73; Vers.    4:  //M1000000_0006_J/FLOW/01MAY2007/15MIN/RUN:M1000000_10%/
 -----DSS--- ZREAD Unit   73; Vers.    4:  //M1000000_0006_J/FLOW/01JUN2007/15MIN/RUN:M1000000_10%/
 -----DSS--- ZREAD Unit   73; Vers.    4:  //M1000000_0006_J/FLOW/01MAY2007/15MIN/RUN:M1000000_10%/
 -----DSS--- ZREAD Unit   73; Vers.    4:  //M1000000_0006_J/FLOW/01JUN2007/15MIN/RUN:M1000000_10%/
 -----DSS--- ZREAD Unit   73; Vers.    4:  //M1000000_0006_J/FLOW/01MAY2007/15MIN/RUN:M1000000_10%/
 -----DSS--- ZREAD Unit   73; Vers.    4:  //M1000000_0006_J/FLOW/01JUN2007/15MIN/RUN:M1000000_10%/
 -----DSS--- ZREAD Unit   73; Vers.    4:  //M1000000_0006_J/FLOW/01MAY2007/15MIN/RUN:M1000000_10%/
 -----DSS--- ZREAD Unit   73; Vers.    4:  //M1000000_0006_J/FLOW/01JUN2007/15MIN/RUN:M1000000_10%/
 -----DSS--- ZREAD Unit   73; Vers.    4:  //M1000000_0006_J/FLOW/01MAY2007/15MIN/RUN:M1000000_10%/
 -----DSS--- ZREAD Unit   73; Vers.    4:  //M1000000_0006_J/FLOW/01JUN2007/15MIN/RUN:M1000000_10%/
 -----DSS--- ZREAD Unit   73; Vers.    4:  //M1000000_0006_J/FLOW/01MAY2007/15MIN/RUN:M1000000_10%/
 -----DSS--- ZREAD Unit   73; Vers.    4:  //M1000000_0006_J/FLOW/01JUN2007/15MIN/RUN:M1000000_10%/
 -----DSS--- ZREAD Unit   73; Vers.    4:  //M1000000_0006_J/FLOW/01MAY2007/15MIN/RUN:M1000000_10%/
 -----DSS--- ZREAD Unit   73; Vers.    4:  //M1000000_0006_J/FLOW/01JUN2007/15MIN/RUN:M1000000_10%/
    -----DSS---ZCLOSE Unit:   73,   File: C:/Projects/EffectiveHMS QAQC/2009_Updated ModelsVer3.3/M-Willow
               Pointer Utilization:  4.43
               Number of Records:   2254
               File Size:  53638.4  Kbytes
               Percent Inactive:   0.0

    -----DSS---ZOPEN:  Existing File Opened,  File: C:/Projects/EffectiveHMS QAQC/2009_Updated ModelsVer3.3/M-Willow Creek/Hydrology-HMS/M100_00_00/M100_00_00.dss
                       Unit:   74;  DSS Versions - Software: 6-QA, File: 6-ND
 -----DSS--- ZREAD Unit   74; Vers.    4:  //M1000000_0026_J/FLOW/01MAY2007/15MIN/RUN:M1000000_10%/
 -----DSS--- ZREAD Unit   74; Vers.    4:  //M1000000_0026_J/FLOW/01JUN2007/15MIN/RUN:M1000000_10%/
 -----DSS--- ZREAD Unit   74; Vers.    4:  //M1000000_0026_J/FLOW/01MAY2007/15MIN/RUN:M1000000_10%/
 -----DSS--- ZREAD Unit   74; Vers.    4:  //M1000000_0026_J/FLOW/01JUN2007/15MIN/RUN:M1000000_10%/
 -----DSS--- ZREAD Unit   74; Vers.    4:  //M1000000_0026_J/FLOW/01MAY2007/15MIN/RUN:M1000000_10%/
 -----DSS--- ZREAD Unit   74; Vers.    4:  //M1000000_0026_J/FLOW/01JUN2007/15MIN/RUN:M1000000_10%/
 -----DSS--- ZREAD Unit   74; Vers.    4:  //M1000000_0026_J/FLOW-COMBINE/01MAY2007/15MIN/RUN:M1000000_10%/
 -----DSS--- ZREAD Unit   74; Vers.    4:  //M1000000_0026_J/FLOW-COMBINE/01JUN2007/15MIN/RUN:M1000000_10%/
 -----DSS--- ZREAD Unit   74; Vers.    4:  //M1000000_0026_J/FLOW-COMBINE/01MAY2007/15MIN/RUN:M1000000_10%/
 -----DSS--- ZREAD Unit   74; Vers.    4:  //M1000000_0026_J/FLOW-COMBINE/01JUN2007/15MIN/RUN:M1000000_10%/
 -----DSS--- ZREAD Unit   74; Vers.    4:  //M1000000_0026_J/FLOW-COMBINE/01MAY2007/15MIN/RUN:M1000000_10%/
 -----DSS--- ZREAD Unit   74; Vers.    4:  //M1000000_0026_J/FLOW-COMBINE/01JUN2007/15MIN/RUN:M1000000_10%/
 -----DSS--- ZREAD Unit   74; Vers.    4:  //M100K/FLOW/01MAY2007/15MIN/RUN:M1000000_10%/
 -----DSS--- ZREAD Unit   74; Vers.    4:  //M100K/FLOW/01JUN2007/15MIN/RUN:M1000000_10%/
 -----DSS--- ZREAD Unit   74; Vers.    4:  //M1000000_0006_R/FLOW/01MAY2007/15MIN/RUN:M1000000_10%/
 -----DSS--- ZREAD Unit   74; Vers.    4:  //M1000000_0006_R/FLOW/01JUN2007/15MIN/RUN:M1000000_10%/
 -----DSS--- ZREAD Unit   74; Vers.    4:  //M1000000_0026_J/FLOW-COMBINE/01MAY2007/15MIN/RUN:M1000000_10%/
 -----DSS--- ZREAD Unit   74; Vers.    4:  //M1000000_0026_J/FLOW-COMBINE/01JUN2007/15MIN/RUN:M1000000_10%/
 -----DSS--- ZREAD Unit   74; Vers.    4:  //M1000000_0026_J/FLOW/01MAY2007/15MIN/RUN:M1000000_10%/
 -----DSS--- ZREAD Unit   74; Vers.    4:  //M1000000_0026_J/FLOW/01JUN2007/15MIN/RUN:M1000000_10%/
    -----DSS---ZCLOSE Unit:   74,   File: C:/Projects/EffectiveHMS QAQC/2009_Updated ModelsVer3.3/M-Willow
               Pointer Utilization:  4.43
               Number of Records:   2254
               File Size:  53638.4  Kbytes
               Percent Inactive:   0.0

    -----DSS---ZOPEN:  Existing File Opened,  File: C:/Projects/EffectiveHMS QAQC/2009_Updated ModelsVer3.3/M-Willow Creek/Hydrology-HMS/M100_00_00/M100_00_00.dss
                       Unit:   75;  DSS Versions - Software: 6-QA, File: 6-ND
 -----DSS--- ZREAD Unit   75; Vers.    4:  //M101A_B/FLOW/01MAY2007/15MIN/RUN:M1000000_10%/
 -----DSS--- ZREAD Unit   75; Vers.    4:  //M101A_B/FLOW/01JUN2007/15MIN/RUN:M1000000_10%/
 -----DSS--- ZREAD Unit   75; Vers.    4:  //M1000000_0026_J/FLOW/01MAY2007/15MIN/RUN:M1000000_10%/
 -----DSS--- ZREAD Unit   75; Vers.    4:  //M1000000_0026_J/FLOW/01JUN2007/15MIN/RUN:M1000000_10%/
 -----DSS--- ZREAD Unit   75; Vers.    4:  //M1000000_0006_J/FLOW-COMBINE/01MAY2007/15MIN/RUN:M1000000_10%/
 -----DSS--- ZREAD Unit   75; Vers.    4:  //M1000000_0006_J/FLOW-COMBINE/01JUN2007/15MIN/RUN:M1000000_10%/
 -----DSS--- ZREAD Unit   75; Vers.    4:  //M1000000_0006_J/FLOW/01MAY2007/15MIN/RUN:M1000000_10%/
 -----DSS--- ZREAD Unit   75; Vers.    4:  //M1000000_0006_J/FLOW/01JUN2007/15MIN/RUN:M1000000_10%/
    -----DSS---ZCLOSE Unit:   75,   File: C:/Projects/EffectiveHMS QAQC/2009_Updated ModelsVer3.3/M-Willow
               Pointer Utilization:  4.43
               Number of Records:   2254
               File Size:  53638.4  Kbytes
               Percent Inactive:   0.0

    -----DSS---ZOPEN:  Existing File Opened,  File: C:/Projects/EffectiveHMS QAQC/2009_Updated ModelsVer3.3/M-Willow Creek/Hydrology-HMS/M100_00_00/M100_00_00.dss
                       Unit:   76;  DSS Versions - Software: 6-QA, File: 6-ND
 -----DSS--- ZREAD Unit   76; Vers.    4:  //M101A_B/FLOW/01MAY2007/15MIN/RUN:M1000000_10%/
 -----DSS--- ZREAD Unit   76; Vers.    4:  //M101A_B/FLOW/01JUN2007/15MIN/RUN:M1000000_10%/
 -----DSS--- ZREAD Unit   76; Vers.    4:  //M1000000_0026_J/FLOW/01MAY2007/15MIN/RUN:M1000000_10%/
 -----DSS--- ZREAD Unit   76; Vers.    4:  //M1000000_0026_J/FLOW/01JUN2007/15MIN/RUN:M1000000_10%/
 -----DSS--- ZREAD Unit   76; Vers.    4:  //M1000000_0006_J/FLOW-COMBINE/01MAY2007/15MIN/RUN:M1000000_10%/
 -----DSS--- ZREAD Unit   76; Vers.    4:  //M1000000_0006_J/FLOW-COMBINE/01JUN2007/15MIN/RUN:M1000000_10%/
 -----DSS--- ZREAD Unit   76; Vers.    4:  //M1000000_0006_J/FLOW/01MAY2007/15MIN/RUN:M1000000_10%/
 -----DSS--- ZREAD Unit   76; Vers.    4:  //M1000000_0006_J/FLOW/01JUN2007/15MIN/RUN:M1000000_10%/
    -----DSS---ZCLOSE Unit:   76,   File: C:/Projects/EffectiveHMS QAQC/2009_Updated ModelsVer3.3/M-Willow
               Pointer Utilization:  4.43
               Number of Records:   2254
               File Size:  53638.4  Kbytes
               Percent Inactive:   0.0

