    -----DSS---ZOPEN:  Existing File Opened,  File: C:/Projects/EffectiveHMS QAQC/2009_Updated ModelsVer3.3/K-Cypress_Creek/Hydrology-HMS/K100_L100/K100_00_00.dss
                       Unit:   71;  DSS Versions - Software: 6-QA, File: 6-ND
 -----DSS--- ZREAD Unit   71; Vers.    3:  //K1000000_9901_J/FLOW/01MAY2007/15MIN/RUN:K1000000_1%/
 -----DSS--- ZREAD Unit   71; Vers.    3:  //K1000000_9901_J/FLOW/01JUN2007/15MIN/RUN:K1000000_1%/
 -----DSS--- ZREAD Unit   71; Vers.    3:  //K1660000_9901_J/FLOW/01MAY2007/15MIN/RUN:K1000000_1%/
 -----DSS--- ZREAD Unit   71; Vers.    3:  //K1660000_9901_J/FLOW/01JUN2007/15MIN/RUN:K1000000_1%/
 -----DSS--- ZREAD Unit   71; Vers.    3:  //K1660000_0407_J/FLOW/01MAY2007/15MIN/RUN:K1000000_1%/
 -----DSS--- ZREAD Unit   71; Vers.    3:  //K1660000_0407_J/FLOW/01JUN2007/15MIN/RUN:K1000000_1%/
 -----DSS--- ZREAD Unit   71; Vers.    3:  //K1660000_0254_J/FLOW/01MAY2007/15MIN/RUN:K1000000_1%/
 -----DSS--- ZREAD Unit   71; Vers.    3:  //K1660000_0254_J/FLOW/01JUN2007/15MIN/RUN:K1000000_1%/
 -----DSS--- ZREAD Unit   71; Vers.    3:  //K1000000_2740_J/FLOW/01MAY2007/15MIN/RUN:K1000000_1%/
 -----DSS--- ZREAD Unit   71; Vers.    3:  //K1000000_2740_J/FLOW/01JUN2007/15MIN/RUN:K1000000_1%/
 -----DSS--- ZREAD Unit   71; Vers.    3:  //K1660000_9902_J/FLOW/01MAY2007/15MIN/RUN:K1000000_1%/
 -----DSS--- ZREAD Unit   71; Vers.    3:  //K1660000_9902_J/FLOW/01JUN2007/15MIN/RUN:K1000000_1%/
 -----DSS--- ZREAD Unit   71; Vers.    3:  //K100C/FLOW/01MAY2007/15MIN/RUN:K1000000_1%/
 -----DSS--- ZREAD Unit   71; Vers.    3:  //K100C/FLOW/01JUN2007/15MIN/RUN:K1000000_1%/
 -----DSS--- ZREAD Unit   71; Vers.    3:  //K1000000_2629_J/FLOW/01MAY2007/15MIN/RUN:K1000000_1%/
 -----DSS--- ZREAD Unit   71; Vers.    3:  //K1000000_2629_J/FLOW/01JUN2007/15MIN/RUN:K1000000_1%/
 -----DSS*** ZRRTS:  CAUTION - Data block not found in file.  Unit:   71
 Pathname: ////01MAY2007/15MIN/RUN:K1000000_1%/
 -----DSS*** ZRRTS:  CAUTION - Data block not found in file.  Unit:   71
 Pathname: ////01MAY2007/15MIN/RUN:K1000000_1%/
 -----DSS--- ZREAD Unit   71; Vers.    3:  //K157A/FLOW/01MAY2007/15MIN/RUN:K1000000_1%/
 -----DSS--- ZREAD Unit   71; Vers.    3:  //K157A/FLOW/01JUN2007/15MIN/RUN:K1000000_1%/
 -----DSS--- ZREAD Unit   71; Vers.    3:  //K1000000_2223_J/FLOW/01MAY2007/15MIN/RUN:K1000000_1%/
 -----DSS--- ZREAD Unit   71; Vers.    3:  //K1000000_2223_J/FLOW/01JUN2007/15MIN/RUN:K1000000_1%/
 -----DSS--- ZREAD Unit   71; Vers.    3:  //K1000000_2101_J/FLOW/01MAY2007/15MIN/RUN:K1000000_1%/
 -----DSS--- ZREAD Unit   71; Vers.    3:  //K1000000_2101_J/FLOW/01JUN2007/15MIN/RUN:K1000000_1%/
 -----DSS--- ZREAD Unit   71; Vers.    3:  //K159A/FLOW/01MAY2007/15MIN/RUN:K1000000_1%/
 -----DSS--- ZREAD Unit   71; Vers.    3:  //K159A/FLOW/01JUN2007/15MIN/RUN:K1000000_1%/
 -----DSS--- ZREAD Unit   71; Vers.    3:  //K1000000_2034_J/FLOW/01MAY2007/15MIN/RUN:K1000000_1%/
 -----DSS--- ZREAD Unit   71; Vers.    3:  //K1000000_2034_J/FLOW/01JUN2007/15MIN/RUN:K1000000_1%/
 -----DSS--- ZREAD Unit   71; Vers.    3:  //K1000000_1904_J/FLOW/01MAY2007/15MIN/RUN:K1000000_1%/
 -----DSS--- ZREAD Unit   71; Vers.    3:  //K1000000_1904_J/FLOW/01JUN2007/15MIN/RUN:K1000000_1%/
 -----DSS--- ZREAD Unit   71; Vers.    3:  //K1000000_1853_J/FLOW/01MAY2007/15MIN/RUN:K1000000_1%/
 -----DSS--- ZREAD Unit   71; Vers.    3:  //K1000000_1853_J/FLOW/01JUN2007/15MIN/RUN:K1000000_1%/
 -----DSS*** ZRRTS:  CAUTION - Data block not found in file.  Unit:   71
 Pathname: ////01MAY2007/15MIN/RUN:K1000000_1%/
 -----DSS--- ZREAD Unit   71; Vers.    3:  //K1000000_1602_J/FLOW/01MAY2007/15MIN/RUN:K1000000_1%/
 -----DSS--- ZREAD Unit   71; Vers.    3:  //K1000000_1602_J/FLOW/01JUN2007/15MIN/RUN:K1000000_1%/
 -----DSS*** ZRRTS:  CAUTION - Data block not found in file.  Unit:   71
 Pathname: ////01MAY2007/15MIN/RUN:K1000000_1%/
 -----DSS--- ZREAD Unit   71; Vers.    3:  //L1000000_0988_J/FLOW/01MAY2007/15MIN/RUN:K1000000_1%/
 -----DSS--- ZREAD Unit   71; Vers.    3:  //L1000000_0988_J/FLOW/01JUN2007/15MIN/RUN:K1000000_1%/
 -----DSS--- ZREAD Unit   71; Vers.    3:  //L1000000_0781_J/FLOW/01MAY2007/15MIN/RUN:K1000000_1%/
 -----DSS--- ZREAD Unit   71; Vers.    3:  //L1000000_0781_J/FLOW/01JUN2007/15MIN/RUN:K1000000_1%/
 -----DSS--- ZREAD Unit   71; Vers.    3:  //L1000000_0602_J/FLOW/01MAY2007/15MIN/RUN:K1000000_1%/
 -----DSS--- ZREAD Unit   71; Vers.    3:  //L1000000_0602_J/FLOW/01JUN2007/15MIN/RUN:K1000000_1%/
 -----DSS--- ZREAD Unit   71; Vers.    3:  //L1000000_0408_J/FLOW/01MAY2007/15MIN/RUN:K1000000_1%/
 -----DSS--- ZREAD Unit   71; Vers.    3:  //L1000000_0408_J/FLOW/01JUN2007/15MIN/RUN:K1000000_1%/
 -----DSS--- ZREAD Unit   71; Vers.    3:  //L1000000_0198_J/FLOW/01MAY2007/15MIN/RUN:K1000000_1%/
 -----DSS--- ZREAD Unit   71; Vers.    3:  //L1000000_0198_J/FLOW/01JUN2007/15MIN/RUN:K1000000_1%/
 -----DSS--- ZREAD Unit   71; Vers.    3:  //K1420000_0198_J/FLOW/01MAY2007/15MIN/RUN:K1000000_1%/
 -----DSS--- ZREAD Unit   71; Vers.    3:  //K1420000_0198_J/FLOW/01JUN2007/15MIN/RUN:K1000000_1%/
 -----DSS--- ZREAD Unit   71; Vers.    3:  //K1000000_1445_J/FLOW/01MAY2007/15MIN/RUN:K1000000_1%/
 -----DSS--- ZREAD Unit   71; Vers.    3:  //K1000000_1445_J/FLOW/01JUN2007/15MIN/RUN:K1000000_1%/
 -----DSS--- ZREAD Unit   71; Vers.    3:  //K1000000_1233_J/FLOW/01MAY2007/15MIN/RUN:K1000000_1%/
 -----DSS--- ZREAD Unit   71; Vers.    3:  //K1000000_1233_J/FLOW/01JUN2007/15MIN/RUN:K1000000_1%/
 -----DSS*** ZRRTS:  CAUTION - Data block not found in file.  Unit:   71
 Pathname: ////01MAY2007/15MIN/RUN:K1000000_1%/
 -----DSS*** ZRRTS:  CAUTION - Data block not found in file.  Unit:   71
 Pathname: ////01MAY2007/15MIN/RUN:K1000000_1%/
 -----DSS--- ZREAD Unit   71; Vers.    3:  //K131A1/FLOW/01MAY2007/15MIN/RUN:K1000000_1%/
 -----DSS--- ZREAD Unit   71; Vers.    3:  //K131A1/FLOW/01JUN2007/15MIN/RUN:K1000000_1%/
 -----DSS*** ZRRTS:  CAUTION - Data block not found in file.  Unit:   71
 Pathname: ////01MAY2007/15MIN/RUN:K1000000_1%/
 -----DSS--- ZREAD Unit   71; Vers.    3:  //K1000000_0715_J/FLOW/01MAY2007/15MIN/RUN:K1000000_1%/
 -----DSS--- ZREAD Unit   71; Vers.    3:  //K1000000_0715_J/FLOW/01JUN2007/15MIN/RUN:K1000000_1%/
 -----DSS--- ZREAD Unit   71; Vers.    3:  //K1000000_0836_J/FLOW/01MAY2007/15MIN/RUN:K1000000_1%/
 -----DSS--- ZREAD Unit   71; Vers.    3:  //K1000000_0836_J/FLOW/01JUN2007/15MIN/RUN:K1000000_1%/
 -----DSS--- ZREAD Unit   71; Vers.    6:  //K1240000_0017_R/FLOW-IN/01MAY2007/15MIN/RUN:K1000000_1%/
 -----DSS--- ZREAD Unit   71; Vers.    6:  //K1240000_0017_R/FLOW-IN/01JUN2007/15MIN/RUN:K1000000_1%/
 -----DSS--- ZREAD Unit   71; Vers.    3:  //K1000000_0574_J/FLOW/01MAY2007/15MIN/RUN:K1000000_1%/
 -----DSS--- ZREAD Unit   71; Vers.    3:  //K1000000_0574_J/FLOW/01JUN2007/15MIN/RUN:K1000000_1%/
 -----DSS*** ZRRTS:  CAUTION - Data block not found in file.  Unit:   71
 Pathname: ////01MAY2007/15MIN/RUN:K1000000_1%/
 -----DSS*** ZRRTS:  CAUTION - Data block not found in file.  Unit:   71
 Pathname: ////01MAY2007/15MIN/RUN:K1000000_1%/
 -----DSS*** ZRRTS:  CAUTION - Data block not found in file.  Unit:   71
 Pathname: ////01MAY2007/15MIN/RUN:K1000000_1%/
 -----DSS*** ZRRTS:  CAUTION - Data block not found in file.  Unit:   71
 Pathname: ////01MAY2007/15MIN/RUN:K1000000_1%/
 -----DSS*** ZRRTS:  CAUTION - Data block not found in file.  Unit:   71
 Pathname: ////01MAY2007/15MIN/RUN:K1000000_1%/
 -----DSS--- ZREAD Unit   71; Vers.    3:  //K1000000_0165_J/FLOW/01MAY2007/15MIN/RUN:K1000000_1%/
 -----DSS--- ZREAD Unit   71; Vers.    3:  //K1000000_0165_J/FLOW/01JUN2007/15MIN/RUN:K1000000_1%/
 -----DSS*** ZRRTS:  CAUTION - Data block not found in file.  Unit:   71
 Pathname: ////01MAY2007/15MIN/RUN:K1000000_1%/
 -----DSS--- ZREAD Unit   71; Vers.    3:  //K1000000_2321_J/FLOW/01MAY2007/15MIN/RUN:K1000000_1%/
 -----DSS--- ZREAD Unit   71; Vers.    3:  //K1000000_2321_J/FLOW/01JUN2007/15MIN/RUN:K1000000_1%/
 -----DSS--- ZREAD Unit   71; Vers.    3:  //K1000000_2260_J/FLOW/01MAY2007/15MIN/RUN:K1000000_1%/
 -----DSS--- ZREAD Unit   71; Vers.    3:  //K1000000_2260_J/FLOW/01JUN2007/15MIN/RUN:K1000000_1%/
 -----DSS--- ZREAD Unit   71; Vers.    3:  //L1200000_9902_J/FLOW/01MAY2007/15MIN/RUN:K1000000_1%/
 -----DSS--- ZREAD Unit   71; Vers.    3:  //L1200000_9902_J/FLOW/01JUN2007/15MIN/RUN:K1000000_1%/
 -----DSS--- ZREAD Unit   71; Vers.    3:  //K1450000_0160_J/FLOW/01MAY2007/15MIN/RUN:K1000000_1%/
 -----DSS--- ZREAD Unit   71; Vers.    3:  //K1450000_0160_J/FLOW/01JUN2007/15MIN/RUN:K1000000_1%/
 -----DSS--- ZREAD Unit   71; Vers.    3:  //K1450000_0145_J/FLOW/01MAY2007/15MIN/RUN:K1000000_1%/
 -----DSS--- ZREAD Unit   71; Vers.    3:  //K1450000_0145_J/FLOW/01JUN2007/15MIN/RUN:K1000000_1%/
 -----DSS--- ZREAD Unit   71; Vers.    3:  //K1000000_0040_J/FLOW/01MAY2007/15MIN/RUN:K1000000_1%/
 -----DSS--- ZREAD Unit   71; Vers.    3:  //K1000000_0040_J/FLOW/01JUN2007/15MIN/RUN:K1000000_1%/
 -----DSS--- ZREAD Unit   71; Vers.    3:  //K1000000_0040_J/FLOW/01MAY2007/15MIN/RUN:K1000000_1%/
 -----DSS--- ZREAD Unit   71; Vers.    3:  //K1000000_0040_J/FLOW/01JUN2007/15MIN/RUN:K1000000_1%/
 -----DSS--- ZREAD Unit   71; Vers.    3:  //K1000000_0040_J/FLOW/01MAY2007/15MIN/RUN:K1000000_1%/
 -----DSS--- ZREAD Unit   71; Vers.    3:  //K1000000_0040_J/FLOW/01JUN2007/15MIN/RUN:K1000000_1%/
 -----DSS--- ZREAD Unit   71; Vers.    3:  //K1000000_0040_J/FLOW-COMBINE/01MAY2007/15MIN/RUN:K1000000_1%/
 -----DSS--- ZREAD Unit   71; Vers.    3:  //K1000000_0040_J/FLOW-COMBINE/01JUN2007/15MIN/RUN:K1000000_1%/
 -----DSS--- ZREAD Unit   71; Vers.    3:  //K1000000_0040_J/FLOW-COMBINE/01MAY2007/15MIN/RUN:K1000000_1%/
 -----DSS--- ZREAD Unit   71; Vers.    3:  //K1000000_0040_J/FLOW-COMBINE/01JUN2007/15MIN/RUN:K1000000_1%/
 -----DSS--- ZREAD Unit   71; Vers.    3:  //K1000000_0040_J/FLOW-COMBINE/01MAY2007/15MIN/RUN:K1000000_1%/
 -----DSS--- ZREAD Unit   71; Vers.    3:  //K1000000_0040_J/FLOW-COMBINE/01JUN2007/15MIN/RUN:K1000000_1%/
 -----DSS--- ZREAD Unit   71; Vers.    3:  //K1000000_0040_R/FLOW/01MAY2007/15MIN/RUN:K1000000_1%/
 -----DSS--- ZREAD Unit   71; Vers.    3:  //K1000000_0040_R/FLOW/01JUN2007/15MIN/RUN:K1000000_1%/
 -----DSS--- ZREAD Unit   71; Vers.    3:  //K100X/FLOW/01MAY2007/15MIN/RUN:K1000000_1%/
 -----DSS--- ZREAD Unit   71; Vers.    3:  //K100X/FLOW/01JUN2007/15MIN/RUN:K1000000_1%/
 -----DSS--- ZREAD Unit   71; Vers.    3:  //K1000000_0040_J/FLOW-COMBINE/01MAY2007/15MIN/RUN:K1000000_1%/
 -----DSS--- ZREAD Unit   71; Vers.    3:  //K1000000_0040_J/FLOW-COMBINE/01JUN2007/15MIN/RUN:K1000000_1%/
 -----DSS--- ZREAD Unit   71; Vers.    3:  //K1000000_0040_J/FLOW/01MAY2007/15MIN/RUN:K1000000_1%/
 -----DSS--- ZREAD Unit   71; Vers.    3:  //K1000000_0040_J/FLOW/01JUN2007/15MIN/RUN:K1000000_1%/
    -----DSS---ZCLOSE Unit:   71,   File: C:/Projects/EffectiveHMS QAQC/2009_Updated ModelsVer3.3/K-Cypres
               Pointer Utilization: 14.39
               Number of Records:   7312
               File Size: 173876.6  Kbytes
               Percent Inactive:   0.0

    -----DSS---ZOPEN:  Existing File Opened,  File: C:/Projects/EffectiveHMS QAQC/2009_Updated ModelsVer3.3/K-Cypress_Creek/Hydrology-HMS/K100_L100/K100_00_00.dss
                       Unit:   72;  DSS Versions - Software: 6-QA, File: 6-ND
 -----DSS--- ZREAD Unit   72; Vers.    3:  //K1000000_0040_R/FLOW/01MAY2007/15MIN/RUN:K1000000_1%/
 -----DSS--- ZREAD Unit   72; Vers.    3:  //K1000000_0040_R/FLOW/01JUN2007/15MIN/RUN:K1000000_1%/
 -----DSS--- ZREAD Unit   72; Vers.    3:  //K100X/FLOW/01MAY2007/15MIN/RUN:K1000000_1%/
 -----DSS--- ZREAD Unit   72; Vers.    3:  //K100X/FLOW/01JUN2007/15MIN/RUN:K1000000_1%/
 -----DSS--- ZREAD Unit   72; Vers.    3:  //K1000000_0040_J/FLOW-COMBINE/01MAY2007/15MIN/RUN:K1000000_1%/
 -----DSS--- ZREAD Unit   72; Vers.    3:  //K1000000_0040_J/FLOW-COMBINE/01JUN2007/15MIN/RUN:K1000000_1%/
 -----DSS--- ZREAD Unit   72; Vers.    3:  //K1000000_0040_J/FLOW/01MAY2007/15MIN/RUN:K1000000_1%/
 -----DSS--- ZREAD Unit   72; Vers.    3:  //K1000000_0040_J/FLOW/01JUN2007/15MIN/RUN:K1000000_1%/
    -----DSS---ZCLOSE Unit:   72,   File: C:/Projects/EffectiveHMS QAQC/2009_Updated ModelsVer3.3/K-Cypres
               Pointer Utilization: 14.39
               Number of Records:   7312
               File Size: 173876.6  Kbytes
               Percent Inactive:   0.0

