Version: 3.4
Build: 1361
Time Stamp: 7 January 2021, 13:50:49
Java: 1.6.0_15

Project: Restudy_Proposed
Basin: U100_Basin_010YR
Met: Rain_100YR
Control: JAN_2011

Available Message
null

Available Stack Trace
java.lang.NullPointerException
	at hms.model.basin.I.ao(Unknown Source)
	at hms.model.basin.I.a(Unknown Source)
	at hms.model.basin.t.a(Unknown Source)
	at hms.model.basin.E.a(Unknown Source)
	at hms.model.basin.al.a(Unknown Source)
	at hms.model.basin.al.a(Unknown Source)
	at hms.model.f.a(Unknown Source)
	at hms.model.f.a(Unknown Source)
	at hms.model.f.b(Unknown Source)
	at hms.b.a.M.a(Unknown Source)
	at hms.b.a.M.call(Unknown Source)
	at java.util.concurrent.FutureTask$Sync.innerRun(FutureTask.java:303)
	at java.util.concurrent.FutureTask.run(FutureTask.java:138)
	at java.util.concurrent.ThreadPoolExecutor$Worker.runTask(ThreadPoolExecutor.java:886)
	at java.util.concurrent.ThreadPoolExecutor$Worker.run(ThreadPoolExecutor.java:908)
	at java.lang.Thread.run(Thread.java:619)
