    -----DSS---ZOPEN:  Existing File Opened,  File: C:/Projects/EffectiveHMS QAQC/2009_Updated ModelsVer3.3/A-Clear Creek/Hydrology-HMS/A100 B100/A1000000.dss
                       Unit:   71;  DSS Versions - Software: 6-QA, File: 6-ND
 -----DSS--- ZREAD Unit   71; Vers.    6:  //TABLE 5/DISTANCE-ELEVATION///TABLE/
 -----DSS--- ZREAD Unit   71; Vers.    5:  //A1000000_2494_J/FLOW/31MAY2007/5MIN/RUN:10%(10YR)RUN/
 -----DSS--- ZREAD Unit   71; Vers.    5:  //A1000000_2494_J/FLOW/01JUN2007/5MIN/RUN:10%(10YR)RUN/
 -----DSS--- ZREAD Unit   71; Vers.    5:  //A1000000_2494_J/FLOW/02JUN2007/5MIN/RUN:10%(10YR)RUN/
 -----DSS--- ZREAD Unit   71; Vers.    5:  //A1000000_2494_J/FLOW/03JUN2007/5MIN/RUN:10%(10YR)RUN/
 -----DSS--- ZREAD Unit   71; Vers.    5:  //A1000000_2494_J/FLOW/04JUN2007/5MIN/RUN:10%(10YR)RUN/
 -----DSS--- ZREAD Unit   71; Vers.    5:  //A1000000_2385_J/FLOW/31MAY2007/5MIN/RUN:10%(10YR)RUN/
 -----DSS--- ZREAD Unit   71; Vers.    5:  //A1000000_2385_J/FLOW/01JUN2007/5MIN/RUN:10%(10YR)RUN/
 -----DSS--- ZREAD Unit   71; Vers.    5:  //A1000000_2385_J/FLOW/02JUN2007/5MIN/RUN:10%(10YR)RUN/
 -----DSS--- ZREAD Unit   71; Vers.    5:  //A1000000_2385_J/FLOW/03JUN2007/5MIN/RUN:10%(10YR)RUN/
 -----DSS--- ZREAD Unit   71; Vers.    5:  //A1000000_2385_J/FLOW/04JUN2007/5MIN/RUN:10%(10YR)RUN/
 -----DSS--- ZREAD Unit   71; Vers.    5:  //A1000000_2366_J/FLOW/31MAY2007/5MIN/RUN:10%(10YR)RUN/
 -----DSS--- ZREAD Unit   71; Vers.    5:  //A1000000_2366_J/FLOW/01JUN2007/5MIN/RUN:10%(10YR)RUN/
 -----DSS--- ZREAD Unit   71; Vers.    5:  //A1000000_2366_J/FLOW/02JUN2007/5MIN/RUN:10%(10YR)RUN/
 -----DSS--- ZREAD Unit   71; Vers.    5:  //A1000000_2366_J/FLOW/03JUN2007/5MIN/RUN:10%(10YR)RUN/
 -----DSS--- ZREAD Unit   71; Vers.    5:  //A1000000_2366_J/FLOW/04JUN2007/5MIN/RUN:10%(10YR)RUN/
 -----DSS*** ZRRTS:  CAUTION - Data block not found in file.  Unit:   71
 Pathname: ////31MAY2007/5MIN/RUN:10%(10YR)RUN/
 -----DSS--- ZREAD Unit   71; Vers.    5:  //A1000000_2199_J/FLOW/31MAY2007/5MIN/RUN:10%(10YR)RUN/
 -----DSS--- ZREAD Unit   71; Vers.    5:  //A1000000_2199_J/FLOW/01JUN2007/5MIN/RUN:10%(10YR)RUN/
 -----DSS--- ZREAD Unit   71; Vers.    5:  //A1000000_2199_J/FLOW/02JUN2007/5MIN/RUN:10%(10YR)RUN/
 -----DSS--- ZREAD Unit   71; Vers.    5:  //A1000000_2199_J/FLOW/03JUN2007/5MIN/RUN:10%(10YR)RUN/
 -----DSS--- ZREAD Unit   71; Vers.    5:  //A1000000_2199_J/FLOW/04JUN2007/5MIN/RUN:10%(10YR)RUN/
 -----DSS--- ZREAD Unit   71; Vers.    5:  //A1000000_2145_J/FLOW/31MAY2007/5MIN/RUN:10%(10YR)RUN/
 -----DSS--- ZREAD Unit   71; Vers.    5:  //A1000000_2145_J/FLOW/01JUN2007/5MIN/RUN:10%(10YR)RUN/
 -----DSS--- ZREAD Unit   71; Vers.    5:  //A1000000_2145_J/FLOW/02JUN2007/5MIN/RUN:10%(10YR)RUN/
 -----DSS--- ZREAD Unit   71; Vers.    5:  //A1000000_2145_J/FLOW/03JUN2007/5MIN/RUN:10%(10YR)RUN/
 -----DSS--- ZREAD Unit   71; Vers.    5:  //A1000000_2145_J/FLOW/04JUN2007/5MIN/RUN:10%(10YR)RUN/
 -----DSS--- ZREAD Unit   71; Vers.    5:  //A1000000_2143_J/FLOW/31MAY2007/5MIN/RUN:10%(10YR)RUN/
 -----DSS--- ZREAD Unit   71; Vers.    5:  //A1000000_2143_J/FLOW/01JUN2007/5MIN/RUN:10%(10YR)RUN/
 -----DSS--- ZREAD Unit   71; Vers.    5:  //A1000000_2143_J/FLOW/02JUN2007/5MIN/RUN:10%(10YR)RUN/
 -----DSS--- ZREAD Unit   71; Vers.    5:  //A1000000_2143_J/FLOW/03JUN2007/5MIN/RUN:10%(10YR)RUN/
 -----DSS--- ZREAD Unit   71; Vers.    5:  //A1000000_2143_J/FLOW/04JUN2007/5MIN/RUN:10%(10YR)RUN/
 -----DSS--- ZREAD Unit   71; Vers.    5:  //A1000000_1999_J/FLOW/31MAY2007/5MIN/RUN:10%(10YR)RUN/
 -----DSS--- ZREAD Unit   71; Vers.    5:  //A1000000_1999_J/FLOW/01JUN2007/5MIN/RUN:10%(10YR)RUN/
 -----DSS--- ZREAD Unit   71; Vers.    5:  //A1000000_1999_J/FLOW/02JUN2007/5MIN/RUN:10%(10YR)RUN/
 -----DSS--- ZREAD Unit   71; Vers.    5:  //A1000000_1999_J/FLOW/03JUN2007/5MIN/RUN:10%(10YR)RUN/
 -----DSS--- ZREAD Unit   71; Vers.    5:  //A1000000_1999_J/FLOW/04JUN2007/5MIN/RUN:10%(10YR)RUN/
 -----DSS--- ZREAD Unit   71; Vers.    5:  //HICK0100_9902_J/FLOW/31MAY2007/5MIN/RUN:10%(10YR)RUN/
 -----DSS--- ZREAD Unit   71; Vers.    5:  //HICK0100_9902_J/FLOW/01JUN2007/5MIN/RUN:10%(10YR)RUN/
 -----DSS--- ZREAD Unit   71; Vers.    5:  //HICK0100_9902_J/FLOW/02JUN2007/5MIN/RUN:10%(10YR)RUN/
 -----DSS--- ZREAD Unit   71; Vers.    5:  //HICK0100_9902_J/FLOW/03JUN2007/5MIN/RUN:10%(10YR)RUN/
 -----DSS--- ZREAD Unit   71; Vers.    5:  //HICK0100_9902_J/FLOW/04JUN2007/5MIN/RUN:10%(10YR)RUN/
 -----DSS*** ZRRTS:  CAUTION - Data block not found in file.  Unit:   71
 Pathname: ////31MAY2007/5MIN/RUN:10%(10YR)RUN/
 -----DSS--- ZREAD Unit   71; Vers.    5:  //A1000000_1601_J/FLOW/31MAY2007/5MIN/RUN:10%(10YR)RUN/
 -----DSS--- ZREAD Unit   71; Vers.    5:  //A1000000_1601_J/FLOW/01JUN2007/5MIN/RUN:10%(10YR)RUN/
 -----DSS--- ZREAD Unit   71; Vers.    5:  //A1000000_1601_J/FLOW/02JUN2007/5MIN/RUN:10%(10YR)RUN/
 -----DSS--- ZREAD Unit   71; Vers.    5:  //A1000000_1601_J/FLOW/03JUN2007/5MIN/RUN:10%(10YR)RUN/
 -----DSS--- ZREAD Unit   71; Vers.    5:  //A1000000_1601_J/FLOW/04JUN2007/5MIN/RUN:10%(10YR)RUN/
 -----DSS--- ZREAD Unit   71; Vers.    5:  //A1200000_2347_J/FLOW/31MAY2007/5MIN/RUN:10%(10YR)RUN/
 -----DSS--- ZREAD Unit   71; Vers.    5:  //A1200000_2347_J/FLOW/01JUN2007/5MIN/RUN:10%(10YR)RUN/
 -----DSS--- ZREAD Unit   71; Vers.    5:  //A1200000_2347_J/FLOW/02JUN2007/5MIN/RUN:10%(10YR)RUN/
 -----DSS--- ZREAD Unit   71; Vers.    5:  //A1200000_2347_J/FLOW/03JUN2007/5MIN/RUN:10%(10YR)RUN/
 -----DSS--- ZREAD Unit   71; Vers.    5:  //A1200000_2347_J/FLOW/04JUN2007/5MIN/RUN:10%(10YR)RUN/
 -----DSS*** ZRRTS:  CAUTION - Data block not found in file.  Unit:   71
 Pathname: ////31MAY2007/5MIN/RUN:10%(10YR)RUN/
 -----DSS--- ZREAD Unit   71; Vers.    5:  //A1190000_0136_J/FLOW/31MAY2007/5MIN/RUN:10%(10YR)RUN/
 -----DSS--- ZREAD Unit   71; Vers.    5:  //A1190000_0136_J/FLOW/01JUN2007/5MIN/RUN:10%(10YR)RUN/
 -----DSS--- ZREAD Unit   71; Vers.    5:  //A1190000_0136_J/FLOW/02JUN2007/5MIN/RUN:10%(10YR)RUN/
 -----DSS--- ZREAD Unit   71; Vers.    5:  //A1190000_0136_J/FLOW/03JUN2007/5MIN/RUN:10%(10YR)RUN/
 -----DSS--- ZREAD Unit   71; Vers.    5:  //A1190000_0136_J/FLOW/04JUN2007/5MIN/RUN:10%(10YR)RUN/
 -----DSS--- ZREAD Unit   71; Vers.    5:  //A1000000_1222_J/FLOW/31MAY2007/5MIN/RUN:10%(10YR)RUN/
 -----DSS--- ZREAD Unit   71; Vers.    5:  //A1000000_1222_J/FLOW/01JUN2007/5MIN/RUN:10%(10YR)RUN/
 -----DSS--- ZREAD Unit   71; Vers.    5:  //A1000000_1222_J/FLOW/02JUN2007/5MIN/RUN:10%(10YR)RUN/
 -----DSS--- ZREAD Unit   71; Vers.    5:  //A1000000_1222_J/FLOW/03JUN2007/5MIN/RUN:10%(10YR)RUN/
 -----DSS--- ZREAD Unit   71; Vers.    5:  //A1000000_1222_J/FLOW/04JUN2007/5MIN/RUN:10%(10YR)RUN/
 -----DSS*** ZRRTS:  CAUTION - Data block not found in file.  Unit:   71
 Pathname: ////31MAY2007/5MIN/RUN:10%(10YR)RUN/
 -----DSS--- ZREAD Unit   71; Vers.    5:  //MARY0100_9903_J/FLOW/31MAY2007/5MIN/RUN:10%(10YR)RUN/
 -----DSS--- ZREAD Unit   71; Vers.    5:  //MARY0100_9903_J/FLOW/01JUN2007/5MIN/RUN:10%(10YR)RUN/
 -----DSS--- ZREAD Unit   71; Vers.    5:  //MARY0100_9903_J/FLOW/02JUN2007/5MIN/RUN:10%(10YR)RUN/
 -----DSS--- ZREAD Unit   71; Vers.    5:  //MARY0100_9903_J/FLOW/03JUN2007/5MIN/RUN:10%(10YR)RUN/
 -----DSS--- ZREAD Unit   71; Vers.    5:  //MARY0100_9903_J/FLOW/04JUN2007/5MIN/RUN:10%(10YR)RUN/
 -----DSS--- ZREAD Unit   71; Vers.    5:  //MARY0100_9902_J/FLOW/31MAY2007/5MIN/RUN:10%(10YR)RUN/
 -----DSS--- ZREAD Unit   71; Vers.    5:  //MARY0100_9902_J/FLOW/01JUN2007/5MIN/RUN:10%(10YR)RUN/
 -----DSS--- ZREAD Unit   71; Vers.    5:  //MARY0100_9902_J/FLOW/02JUN2007/5MIN/RUN:10%(10YR)RUN/
 -----DSS--- ZREAD Unit   71; Vers.    5:  //MARY0100_9902_J/FLOW/03JUN2007/5MIN/RUN:10%(10YR)RUN/
 -----DSS--- ZREAD Unit   71; Vers.    5:  //MARY0100_9902_J/FLOW/04JUN2007/5MIN/RUN:10%(10YR)RUN/
 -----DSS--- ZREAD Unit   71; Vers.    5:  //COWA0100_9906_J/FLOW/31MAY2007/5MIN/RUN:10%(10YR)RUN/
 -----DSS--- ZREAD Unit   71; Vers.    5:  //COWA0100_9906_J/FLOW/01JUN2007/5MIN/RUN:10%(10YR)RUN/
 -----DSS--- ZREAD Unit   71; Vers.    5:  //COWA0100_9906_J/FLOW/02JUN2007/5MIN/RUN:10%(10YR)RUN/
 -----DSS--- ZREAD Unit   71; Vers.    5:  //COWA0100_9906_J/FLOW/03JUN2007/5MIN/RUN:10%(10YR)RUN/
 -----DSS--- ZREAD Unit   71; Vers.    5:  //COWA0100_9906_J/FLOW/04JUN2007/5MIN/RUN:10%(10YR)RUN/
 -----DSS--- ZREAD Unit   71; Vers.    5:  //COWA0103_9903_J/FLOW/31MAY2007/5MIN/RUN:10%(10YR)RUN/
 -----DSS--- ZREAD Unit   71; Vers.    5:  //COWA0103_9903_J/FLOW/01JUN2007/5MIN/RUN:10%(10YR)RUN/
 -----DSS--- ZREAD Unit   71; Vers.    5:  //COWA0103_9903_J/FLOW/02JUN2007/5MIN/RUN:10%(10YR)RUN/
 -----DSS--- ZREAD Unit   71; Vers.    5:  //COWA0103_9903_J/FLOW/03JUN2007/5MIN/RUN:10%(10YR)RUN/
 -----DSS--- ZREAD Unit   71; Vers.    5:  //COWA0103_9903_J/FLOW/04JUN2007/5MIN/RUN:10%(10YR)RUN/
 -----DSS--- ZREAD Unit   71; Vers.    5:  //COWA0102_9902_J/FLOW/31MAY2007/5MIN/RUN:10%(10YR)RUN/
 -----DSS--- ZREAD Unit   71; Vers.    5:  //COWA0102_9902_J/FLOW/01JUN2007/5MIN/RUN:10%(10YR)RUN/
 -----DSS--- ZREAD Unit   71; Vers.    5:  //COWA0102_9902_J/FLOW/02JUN2007/5MIN/RUN:10%(10YR)RUN/
 -----DSS--- ZREAD Unit   71; Vers.    5:  //COWA0102_9902_J/FLOW/03JUN2007/5MIN/RUN:10%(10YR)RUN/
 -----DSS--- ZREAD Unit   71; Vers.    5:  //COWA0102_9902_J/FLOW/04JUN2007/5MIN/RUN:10%(10YR)RUN/
 -----DSS--- ZREAD Unit   71; Vers.    5:  //COWA0100_9904_J/FLOW/31MAY2007/5MIN/RUN:10%(10YR)RUN/
 -----DSS--- ZREAD Unit   71; Vers.    5:  //COWA0100_9904_J/FLOW/01JUN2007/5MIN/RUN:10%(10YR)RUN/
 -----DSS--- ZREAD Unit   71; Vers.    5:  //COWA0100_9904_J/FLOW/02JUN2007/5MIN/RUN:10%(10YR)RUN/
 -----DSS--- ZREAD Unit   71; Vers.    5:  //COWA0100_9904_J/FLOW/03JUN2007/5MIN/RUN:10%(10YR)RUN/
 -----DSS--- ZREAD Unit   71; Vers.    5:  //COWA0100_9904_J/FLOW/04JUN2007/5MIN/RUN:10%(10YR)RUN/
 -----DSS--- ZREAD Unit   71; Vers.    5:  //COWA0100_9902_J/FLOW/31MAY2007/5MIN/RUN:10%(10YR)RUN/
 -----DSS--- ZREAD Unit   71; Vers.    5:  //COWA0100_9902_J/FLOW/01JUN2007/5MIN/RUN:10%(10YR)RUN/
 -----DSS--- ZREAD Unit   71; Vers.    5:  //COWA0100_9902_J/FLOW/02JUN2007/5MIN/RUN:10%(10YR)RUN/
 -----DSS--- ZREAD Unit   71; Vers.    5:  //COWA0100_9902_J/FLOW/03JUN2007/5MIN/RUN:10%(10YR)RUN/
 -----DSS--- ZREAD Unit   71; Vers.    5:  //COWA0100_9902_J/FLOW/04JUN2007/5MIN/RUN:10%(10YR)RUN/
 -----DSS--- ZREAD Unit   71; Vers.    5:  //A1180000_0005_J/FLOW/31MAY2007/5MIN/RUN:10%(10YR)RUN/
 -----DSS--- ZREAD Unit   71; Vers.    5:  //A1180000_0005_J/FLOW/01JUN2007/5MIN/RUN:10%(10YR)RUN/
 -----DSS--- ZREAD Unit   71; Vers.    5:  //A1180000_0005_J/FLOW/02JUN2007/5MIN/RUN:10%(10YR)RUN/
 -----DSS--- ZREAD Unit   71; Vers.    5:  //A1180000_0005_J/FLOW/03JUN2007/5MIN/RUN:10%(10YR)RUN/
 -----DSS--- ZREAD Unit   71; Vers.    5:  //A1180000_0005_J/FLOW/04JUN2007/5MIN/RUN:10%(10YR)RUN/
 -----DSS--- ZREAD Unit   71; Vers.    5:  //CHIG0100_9908_J/FLOW/31MAY2007/5MIN/RUN:10%(10YR)RUN/
 -----DSS--- ZREAD Unit   71; Vers.    5:  //CHIG0100_9908_J/FLOW/01JUN2007/5MIN/RUN:10%(10YR)RUN/
 -----DSS--- ZREAD Unit   71; Vers.    5:  //CHIG0100_9908_J/FLOW/02JUN2007/5MIN/RUN:10%(10YR)RUN/
 -----DSS--- ZREAD Unit   71; Vers.    5:  //CHIG0100_9908_J/FLOW/03JUN2007/5MIN/RUN:10%(10YR)RUN/
 -----DSS--- ZREAD Unit   71; Vers.    5:  //CHIG0100_9908_J/FLOW/04JUN2007/5MIN/RUN:10%(10YR)RUN/
 -----DSS--- ZREAD Unit   71; Vers.    5:  //CHIG0100_9906_J/FLOW/31MAY2007/5MIN/RUN:10%(10YR)RUN/
 -----DSS--- ZREAD Unit   71; Vers.    5:  //CHIG0100_9906_J/FLOW/01JUN2007/5MIN/RUN:10%(10YR)RUN/
 -----DSS--- ZREAD Unit   71; Vers.    5:  //CHIG0100_9906_J/FLOW/02JUN2007/5MIN/RUN:10%(10YR)RUN/
 -----DSS--- ZREAD Unit   71; Vers.    5:  //CHIG0100_9906_J/FLOW/03JUN2007/5MIN/RUN:10%(10YR)RUN/
 -----DSS--- ZREAD Unit   71; Vers.    5:  //CHIG0100_9906_J/FLOW/04JUN2007/5MIN/RUN:10%(10YR)RUN/
 -----DSS--- ZREAD Unit   71; Vers.    5:  //CHIG0100_9904_J/FLOW/31MAY2007/5MIN/RUN:10%(10YR)RUN/
 -----DSS--- ZREAD Unit   71; Vers.    5:  //CHIG0100_9904_J/FLOW/01JUN2007/5MIN/RUN:10%(10YR)RUN/
 -----DSS--- ZREAD Unit   71; Vers.    5:  //CHIG0100_9904_J/FLOW/02JUN2007/5MIN/RUN:10%(10YR)RUN/
 -----DSS--- ZREAD Unit   71; Vers.    5:  //CHIG0100_9904_J/FLOW/03JUN2007/5MIN/RUN:10%(10YR)RUN/
 -----DSS--- ZREAD Unit   71; Vers.    5:  //CHIG0100_9904_J/FLOW/04JUN2007/5MIN/RUN:10%(10YR)RUN/
 -----DSS--- ZREAD Unit   71; Vers.    5:  //A1000000_0927_J/FLOW/31MAY2007/5MIN/RUN:10%(10YR)RUN/
 -----DSS--- ZREAD Unit   71; Vers.    5:  //A1000000_0927_J/FLOW/01JUN2007/5MIN/RUN:10%(10YR)RUN/
 -----DSS--- ZREAD Unit   71; Vers.    5:  //A1000000_0927_J/FLOW/02JUN2007/5MIN/RUN:10%(10YR)RUN/
 -----DSS--- ZREAD Unit   71; Vers.    5:  //A1000000_0927_J/FLOW/03JUN2007/5MIN/RUN:10%(10YR)RUN/
 -----DSS--- ZREAD Unit   71; Vers.    5:  //A1000000_0927_J/FLOW/04JUN2007/5MIN/RUN:10%(10YR)RUN/
 -----DSS--- ZREAD Unit   71; Vers.    5:  //CHIG0100_9902_J/FLOW/31MAY2007/5MIN/RUN:10%(10YR)RUN/
 -----DSS--- ZREAD Unit   71; Vers.    5:  //CHIG0100_9902_J/FLOW/01JUN2007/5MIN/RUN:10%(10YR)RUN/
 -----DSS--- ZREAD Unit   71; Vers.    5:  //CHIG0100_9902_J/FLOW/02JUN2007/5MIN/RUN:10%(10YR)RUN/
 -----DSS--- ZREAD Unit   71; Vers.    5:  //CHIG0100_9902_J/FLOW/03JUN2007/5MIN/RUN:10%(10YR)RUN/
 -----DSS--- ZREAD Unit   71; Vers.    5:  //CHIG0100_9902_J/FLOW/04JUN2007/5MIN/RUN:10%(10YR)RUN/
 -----DSS--- ZREAD Unit   71; Vers.    5:  //MAGN0100_9907_J/FLOW/31MAY2007/5MIN/RUN:10%(10YR)RUN/
 -----DSS--- ZREAD Unit   71; Vers.    5:  //MAGN0100_9907_J/FLOW/01JUN2007/5MIN/RUN:10%(10YR)RUN/
 -----DSS--- ZREAD Unit   71; Vers.    5:  //MAGN0100_9907_J/FLOW/02JUN2007/5MIN/RUN:10%(10YR)RUN/
 -----DSS--- ZREAD Unit   71; Vers.    5:  //MAGN0100_9907_J/FLOW/03JUN2007/5MIN/RUN:10%(10YR)RUN/
 -----DSS--- ZREAD Unit   71; Vers.    5:  //MAGN0100_9907_J/FLOW/04JUN2007/5MIN/RUN:10%(10YR)RUN/
 -----DSS--- ZREAD Unit   71; Vers.    5:  //MAGN0100_9906_J/FLOW/31MAY2007/5MIN/RUN:10%(10YR)RUN/
 -----DSS--- ZREAD Unit   71; Vers.    5:  //MAGN0100_9906_J/FLOW/01JUN2007/5MIN/RUN:10%(10YR)RUN/
 -----DSS--- ZREAD Unit   71; Vers.    5:  //MAGN0100_9906_J/FLOW/02JUN2007/5MIN/RUN:10%(10YR)RUN/
 -----DSS--- ZREAD Unit   71; Vers.    5:  //MAGN0100_9906_J/FLOW/03JUN2007/5MIN/RUN:10%(10YR)RUN/
 -----DSS--- ZREAD Unit   71; Vers.    5:  //MAGN0100_9906_J/FLOW/04JUN2007/5MIN/RUN:10%(10YR)RUN/
 -----DSS--- ZREAD Unit   71; Vers.    5:  //MAGN0100_9905_J/FLOW/31MAY2007/5MIN/RUN:10%(10YR)RUN/
 -----DSS--- ZREAD Unit   71; Vers.    5:  //MAGN0100_9905_J/FLOW/01JUN2007/5MIN/RUN:10%(10YR)RUN/
 -----DSS--- ZREAD Unit   71; Vers.    5:  //MAGN0100_9905_J/FLOW/02JUN2007/5MIN/RUN:10%(10YR)RUN/
 -----DSS--- ZREAD Unit   71; Vers.    5:  //MAGN0100_9905_J/FLOW/03JUN2007/5MIN/RUN:10%(10YR)RUN/
 -----DSS--- ZREAD Unit   71; Vers.    5:  //MAGN0100_9905_J/FLOW/04JUN2007/5MIN/RUN:10%(10YR)RUN/
 -----DSS--- ZREAD Unit   71; Vers.    5:  //CG000100_9903_J/FLOW/31MAY2007/5MIN/RUN:10%(10YR)RUN/
 -----DSS--- ZREAD Unit   71; Vers.    5:  //CG000100_9903_J/FLOW/01JUN2007/5MIN/RUN:10%(10YR)RUN/
 -----DSS--- ZREAD Unit   71; Vers.    5:  //CG000100_9903_J/FLOW/02JUN2007/5MIN/RUN:10%(10YR)RUN/
 -----DSS--- ZREAD Unit   71; Vers.    5:  //CG000100_9903_J/FLOW/03JUN2007/5MIN/RUN:10%(10YR)RUN/
 -----DSS--- ZREAD Unit   71; Vers.    5:  //CG000100_9903_J/FLOW/04JUN2007/5MIN/RUN:10%(10YR)RUN/
 -----DSS--- ZREAD Unit   71; Vers.    5:  //MAGN0100_9904_J/FLOW/31MAY2007/5MIN/RUN:10%(10YR)RUN/
 -----DSS--- ZREAD Unit   71; Vers.    5:  //MAGN0100_9904_J/FLOW/01JUN2007/5MIN/RUN:10%(10YR)RUN/
 -----DSS--- ZREAD Unit   71; Vers.    5:  //MAGN0100_9904_J/FLOW/02JUN2007/5MIN/RUN:10%(10YR)RUN/
 -----DSS--- ZREAD Unit   71; Vers.    5:  //MAGN0100_9904_J/FLOW/03JUN2007/5MIN/RUN:10%(10YR)RUN/
 -----DSS--- ZREAD Unit   71; Vers.    5:  //MAGN0100_9904_J/FLOW/04JUN2007/5MIN/RUN:10%(10YR)RUN/
 -----DSS--- ZREAD Unit   71; Vers.    5:  //CG000100_9902_J/FLOW/31MAY2007/5MIN/RUN:10%(10YR)RUN/
 -----DSS--- ZREAD Unit   71; Vers.    5:  //CG000100_9902_J/FLOW/01JUN2007/5MIN/RUN:10%(10YR)RUN/
 -----DSS--- ZREAD Unit   71; Vers.    5:  //CG000100_9902_J/FLOW/02JUN2007/5MIN/RUN:10%(10YR)RUN/
 -----DSS--- ZREAD Unit   71; Vers.    5:  //CG000100_9902_J/FLOW/03JUN2007/5MIN/RUN:10%(10YR)RUN/
 -----DSS--- ZREAD Unit   71; Vers.    5:  //CG000100_9902_J/FLOW/04JUN2007/5MIN/RUN:10%(10YR)RUN/
 -----DSS--- ZREAD Unit   71; Vers.    5:  //MAGN0100_9902_J/FLOW/31MAY2007/5MIN/RUN:10%(10YR)RUN/
 -----DSS--- ZREAD Unit   71; Vers.    5:  //MAGN0100_9902_J/FLOW/01JUN2007/5MIN/RUN:10%(10YR)RUN/
 -----DSS--- ZREAD Unit   71; Vers.    5:  //MAGN0100_9902_J/FLOW/02JUN2007/5MIN/RUN:10%(10YR)RUN/
 -----DSS--- ZREAD Unit   71; Vers.    5:  //MAGN0100_9902_J/FLOW/03JUN2007/5MIN/RUN:10%(10YR)RUN/
 -----DSS--- ZREAD Unit   71; Vers.    5:  //MAGN0100_9902_J/FLOW/04JUN2007/5MIN/RUN:10%(10YR)RUN/
 -----DSS--- ZREAD Unit   71; Vers.    5:  //A1000000_0702_J/FLOW/31MAY2007/5MIN/RUN:10%(10YR)RUN/
 -----DSS--- ZREAD Unit   71; Vers.    5:  //A1000000_0702_J/FLOW/01JUN2007/5MIN/RUN:10%(10YR)RUN/
 -----DSS--- ZREAD Unit   71; Vers.    5:  //A1000000_0702_J/FLOW/02JUN2007/5MIN/RUN:10%(10YR)RUN/
 -----DSS--- ZREAD Unit   71; Vers.    5:  //A1000000_0702_J/FLOW/03JUN2007/5MIN/RUN:10%(10YR)RUN/
 -----DSS--- ZREAD Unit   71; Vers.    5:  //A1000000_0702_J/FLOW/04JUN2007/5MIN/RUN:10%(10YR)RUN/
 -----DSS--- ZREAD Unit   71; Vers.    5:  //A1000000_0556_J/FLOW/31MAY2007/5MIN/RUN:10%(10YR)RUN/
 -----DSS--- ZREAD Unit   71; Vers.    5:  //A1000000_0556_J/FLOW/01JUN2007/5MIN/RUN:10%(10YR)RUN/
 -----DSS--- ZREAD Unit   71; Vers.    5:  //A1000000_0556_J/FLOW/02JUN2007/5MIN/RUN:10%(10YR)RUN/
 -----DSS--- ZREAD Unit   71; Vers.    5:  //A1000000_0556_J/FLOW/03JUN2007/5MIN/RUN:10%(10YR)RUN/
 -----DSS--- ZREAD Unit   71; Vers.    5:  //A1000000_0556_J/FLOW/04JUN2007/5MIN/RUN:10%(10YR)RUN/
 -----DSS--- ZREAD Unit   71; Vers.    5:  //A1070000_0107_J/FLOW/31MAY2007/5MIN/RUN:10%(10YR)RUN/
 -----DSS--- ZREAD Unit   71; Vers.    5:  //A1070000_0107_J/FLOW/01JUN2007/5MIN/RUN:10%(10YR)RUN/
 -----DSS--- ZREAD Unit   71; Vers.    5:  //A1070000_0107_J/FLOW/02JUN2007/5MIN/RUN:10%(10YR)RUN/
 -----DSS--- ZREAD Unit   71; Vers.    5:  //A1070000_0107_J/FLOW/03JUN2007/5MIN/RUN:10%(10YR)RUN/
 -----DSS--- ZREAD Unit   71; Vers.    5:  //A1070000_0107_J/FLOW/04JUN2007/5MIN/RUN:10%(10YR)RUN/
 -----DSS--- ZREAD Unit   71; Vers.    5:  //A1000000_0366_J/FLOW/31MAY2007/5MIN/RUN:10%(10YR)RUN/
 -----DSS--- ZREAD Unit   71; Vers.    5:  //A1000000_0366_J/FLOW/01JUN2007/5MIN/RUN:10%(10YR)RUN/
 -----DSS--- ZREAD Unit   71; Vers.    5:  //A1000000_0366_J/FLOW/02JUN2007/5MIN/RUN:10%(10YR)RUN/
 -----DSS--- ZREAD Unit   71; Vers.    5:  //A1000000_0366_J/FLOW/03JUN2007/5MIN/RUN:10%(10YR)RUN/
 -----DSS--- ZREAD Unit   71; Vers.    5:  //A1000000_0366_J/FLOW/04JUN2007/5MIN/RUN:10%(10YR)RUN/
 -----DSS--- ZREAD Unit   71; Vers.    5:  //A1040000_0232_J/FLOW/31MAY2007/5MIN/RUN:10%(10YR)RUN/
 -----DSS--- ZREAD Unit   71; Vers.    5:  //A1040000_0232_J/FLOW/01JUN2007/5MIN/RUN:10%(10YR)RUN/
 -----DSS--- ZREAD Unit   71; Vers.    5:  //A1040000_0232_J/FLOW/02JUN2007/5MIN/RUN:10%(10YR)RUN/
 -----DSS--- ZREAD Unit   71; Vers.    5:  //A1040000_0232_J/FLOW/03JUN2007/5MIN/RUN:10%(10YR)RUN/
 -----DSS--- ZREAD Unit   71; Vers.    5:  //A1040000_0232_J/FLOW/04JUN2007/5MIN/RUN:10%(10YR)RUN/
 -----DSS--- ZREAD Unit   71; Vers.    5:  //A1040000_0170_J/FLOW/31MAY2007/5MIN/RUN:10%(10YR)RUN/
 -----DSS--- ZREAD Unit   71; Vers.    5:  //A1040000_0170_J/FLOW/01JUN2007/5MIN/RUN:10%(10YR)RUN/
 -----DSS--- ZREAD Unit   71; Vers.    5:  //A1040000_0170_J/FLOW/02JUN2007/5MIN/RUN:10%(10YR)RUN/
 -----DSS--- ZREAD Unit   71; Vers.    5:  //A1040000_0170_J/FLOW/03JUN2007/5MIN/RUN:10%(10YR)RUN/
 -----DSS--- ZREAD Unit   71; Vers.    5:  //A1040000_0170_J/FLOW/04JUN2007/5MIN/RUN:10%(10YR)RUN/
 -----DSS--- ZREAD Unit   71; Vers.    5:  //A1040000_0142_J/FLOW/31MAY2007/5MIN/RUN:10%(10YR)RUN/
 -----DSS--- ZREAD Unit   71; Vers.    5:  //A1040000_0142_J/FLOW/01JUN2007/5MIN/RUN:10%(10YR)RUN/
 -----DSS--- ZREAD Unit   71; Vers.    5:  //A1040000_0142_J/FLOW/02JUN2007/5MIN/RUN:10%(10YR)RUN/
 -----DSS--- ZREAD Unit   71; Vers.    5:  //A1040000_0142_J/FLOW/03JUN2007/5MIN/RUN:10%(10YR)RUN/
 -----DSS--- ZREAD Unit   71; Vers.    5:  //A1040000_0142_J/FLOW/04JUN2007/5MIN/RUN:10%(10YR)RUN/
 -----DSS--- ZREAD Unit   71; Vers.    5:  //B1000000_0639_J/FLOW/31MAY2007/5MIN/RUN:10%(10YR)RUN/
 -----DSS--- ZREAD Unit   71; Vers.    5:  //B1000000_0639_J/FLOW/01JUN2007/5MIN/RUN:10%(10YR)RUN/
 -----DSS--- ZREAD Unit   71; Vers.    5:  //B1000000_0639_J/FLOW/02JUN2007/5MIN/RUN:10%(10YR)RUN/
 -----DSS--- ZREAD Unit   71; Vers.    5:  //B1000000_0639_J/FLOW/03JUN2007/5MIN/RUN:10%(10YR)RUN/
 -----DSS--- ZREAD Unit   71; Vers.    5:  //B1000000_0639_J/FLOW/04JUN2007/5MIN/RUN:10%(10YR)RUN/
 -----DSS--- ZREAD Unit   71; Vers.    5:  //B1120000_0013_J/FLOW/31MAY2007/5MIN/RUN:10%(10YR)RUN/
 -----DSS--- ZREAD Unit   71; Vers.    5:  //B1120000_0013_J/FLOW/01JUN2007/5MIN/RUN:10%(10YR)RUN/
 -----DSS--- ZREAD Unit   71; Vers.    5:  //B1120000_0013_J/FLOW/02JUN2007/5MIN/RUN:10%(10YR)RUN/
 -----DSS--- ZREAD Unit   71; Vers.    5:  //B1120000_0013_J/FLOW/03JUN2007/5MIN/RUN:10%(10YR)RUN/
 -----DSS--- ZREAD Unit   71; Vers.    5:  //B1120000_0013_J/FLOW/04JUN2007/5MIN/RUN:10%(10YR)RUN/
 -----DSS--- ZREAD Unit   71; Vers.    5:  //B1000000_0620_J/FLOW/31MAY2007/5MIN/RUN:10%(10YR)RUN/
 -----DSS--- ZREAD Unit   71; Vers.    5:  //B1000000_0620_J/FLOW/01JUN2007/5MIN/RUN:10%(10YR)RUN/
 -----DSS--- ZREAD Unit   71; Vers.    5:  //B1000000_0620_J/FLOW/02JUN2007/5MIN/RUN:10%(10YR)RUN/
 -----DSS--- ZREAD Unit   71; Vers.    5:  //B1000000_0620_J/FLOW/03JUN2007/5MIN/RUN:10%(10YR)RUN/
 -----DSS--- ZREAD Unit   71; Vers.    5:  //B1000000_0620_J/FLOW/04JUN2007/5MIN/RUN:10%(10YR)RUN/
 -----DSS--- ZREAD Unit   71; Vers.    5:  //B1110000_0039_J/FLOW/31MAY2007/5MIN/RUN:10%(10YR)RUN/
 -----DSS--- ZREAD Unit   71; Vers.    5:  //B1110000_0039_J/FLOW/01JUN2007/5MIN/RUN:10%(10YR)RUN/
 -----DSS--- ZREAD Unit   71; Vers.    5:  //B1110000_0039_J/FLOW/02JUN2007/5MIN/RUN:10%(10YR)RUN/
 -----DSS--- ZREAD Unit   71; Vers.    5:  //B1110000_0039_J/FLOW/03JUN2007/5MIN/RUN:10%(10YR)RUN/
 -----DSS--- ZREAD Unit   71; Vers.    5:  //B1110000_0039_J/FLOW/04JUN2007/5MIN/RUN:10%(10YR)RUN/
 -----DSS--- ZREAD Unit   71; Vers.    5:  //B1000000_0513_J/FLOW/31MAY2007/5MIN/RUN:10%(10YR)RUN/
 -----DSS--- ZREAD Unit   71; Vers.    5:  //B1000000_0513_J/FLOW/01JUN2007/5MIN/RUN:10%(10YR)RUN/
 -----DSS--- ZREAD Unit   71; Vers.    5:  //B1000000_0513_J/FLOW/02JUN2007/5MIN/RUN:10%(10YR)RUN/
 -----DSS--- ZREAD Unit   71; Vers.    5:  //B1000000_0513_J/FLOW/03JUN2007/5MIN/RUN:10%(10YR)RUN/
 -----DSS--- ZREAD Unit   71; Vers.    5:  //B1000000_0513_J/FLOW/04JUN2007/5MIN/RUN:10%(10YR)RUN/
 -----DSS--- ZREAD Unit   71; Vers.    5:  //B1000000_0470_J/FLOW/31MAY2007/5MIN/RUN:10%(10YR)RUN/
 -----DSS--- ZREAD Unit   71; Vers.    5:  //B1000000_0470_J/FLOW/01JUN2007/5MIN/RUN:10%(10YR)RUN/
 -----DSS--- ZREAD Unit   71; Vers.    5:  //B1000000_0470_J/FLOW/02JUN2007/5MIN/RUN:10%(10YR)RUN/
 -----DSS--- ZREAD Unit   71; Vers.    5:  //B1000000_0470_J/FLOW/03JUN2007/5MIN/RUN:10%(10YR)RUN/
 -----DSS--- ZREAD Unit   71; Vers.    5:  //B1000000_0470_J/FLOW/04JUN2007/5MIN/RUN:10%(10YR)RUN/
 -----DSS--- ZREAD Unit   71; Vers.    5:  //B1000000_0341_J/FLOW/31MAY2007/5MIN/RUN:10%(10YR)RUN/
 -----DSS--- ZREAD Unit   71; Vers.    5:  //B1000000_0341_J/FLOW/01JUN2007/5MIN/RUN:10%(10YR)RUN/
 -----DSS--- ZREAD Unit   71; Vers.    5:  //B1000000_0341_J/FLOW/02JUN2007/5MIN/RUN:10%(10YR)RUN/
 -----DSS--- ZREAD Unit   71; Vers.    5:  //B1000000_0341_J/FLOW/03JUN2007/5MIN/RUN:10%(10YR)RUN/
 -----DSS--- ZREAD Unit   71; Vers.    5:  //B1000000_0341_J/FLOW/04JUN2007/5MIN/RUN:10%(10YR)RUN/
 -----DSS--- ZREAD Unit   71; Vers.    5:  //B1000000_0266_J/FLOW/31MAY2007/5MIN/RUN:10%(10YR)RUN/
 -----DSS--- ZREAD Unit   71; Vers.    5:  //B1000000_0266_J/FLOW/01JUN2007/5MIN/RUN:10%(10YR)RUN/
 -----DSS--- ZREAD Unit   71; Vers.    5:  //B1000000_0266_J/FLOW/02JUN2007/5MIN/RUN:10%(10YR)RUN/
 -----DSS--- ZREAD Unit   71; Vers.    5:  //B1000000_0266_J/FLOW/03JUN2007/5MIN/RUN:10%(10YR)RUN/
 -----DSS--- ZREAD Unit   71; Vers.    5:  //B1000000_0266_J/FLOW/04JUN2007/5MIN/RUN:10%(10YR)RUN/
 -----DSS--- ZREAD Unit   71; Vers.    5:  //B1000000_0212_J/FLOW/31MAY2007/5MIN/RUN:10%(10YR)RUN/
 -----DSS--- ZREAD Unit   71; Vers.    5:  //B1000000_0212_J/FLOW/01JUN2007/5MIN/RUN:10%(10YR)RUN/
 -----DSS--- ZREAD Unit   71; Vers.    5:  //B1000000_0212_J/FLOW/02JUN2007/5MIN/RUN:10%(10YR)RUN/
 -----DSS--- ZREAD Unit   71; Vers.    5:  //B1000000_0212_J/FLOW/03JUN2007/5MIN/RUN:10%(10YR)RUN/
 -----DSS--- ZREAD Unit   71; Vers.    5:  //B1000000_0212_J/FLOW/04JUN2007/5MIN/RUN:10%(10YR)RUN/
 -----DSS--- ZREAD Unit   71; Vers.    5:  //B1060000_0322_J/FLOW/31MAY2007/5MIN/RUN:10%(10YR)RUN/
 -----DSS--- ZREAD Unit   71; Vers.    5:  //B1060000_0322_J/FLOW/01JUN2007/5MIN/RUN:10%(10YR)RUN/
 -----DSS--- ZREAD Unit   71; Vers.    5:  //B1060000_0322_J/FLOW/02JUN2007/5MIN/RUN:10%(10YR)RUN/
 -----DSS--- ZREAD Unit   71; Vers.    5:  //B1060000_0322_J/FLOW/03JUN2007/5MIN/RUN:10%(10YR)RUN/
 -----DSS--- ZREAD Unit   71; Vers.    5:  //B1060000_0322_J/FLOW/04JUN2007/5MIN/RUN:10%(10YR)RUN/
 -----DSS--- ZREAD Unit   71; Vers.    5:  //B1060000_0267_J/FLOW/31MAY2007/5MIN/RUN:10%(10YR)RUN/
 -----DSS--- ZREAD Unit   71; Vers.    5:  //B1060000_0267_J/FLOW/01JUN2007/5MIN/RUN:10%(10YR)RUN/
 -----DSS--- ZREAD Unit   71; Vers.    5:  //B1060000_0267_J/FLOW/02JUN2007/5MIN/RUN:10%(10YR)RUN/
 -----DSS--- ZREAD Unit   71; Vers.    5:  //B1060000_0267_J/FLOW/03JUN2007/5MIN/RUN:10%(10YR)RUN/
 -----DSS--- ZREAD Unit   71; Vers.    5:  //B1060000_0267_J/FLOW/04JUN2007/5MIN/RUN:10%(10YR)RUN/
 -----DSS--- ZREAD Unit   71; Vers.    5:  //B1060000_0218_J/FLOW/31MAY2007/5MIN/RUN:10%(10YR)RUN/
 -----DSS--- ZREAD Unit   71; Vers.    5:  //B1060000_0218_J/FLOW/01JUN2007/5MIN/RUN:10%(10YR)RUN/
 -----DSS--- ZREAD Unit   71; Vers.    5:  //B1060000_0218_J/FLOW/02JUN2007/5MIN/RUN:10%(10YR)RUN/
 -----DSS--- ZREAD Unit   71; Vers.    5:  //B1060000_0218_J/FLOW/03JUN2007/5MIN/RUN:10%(10YR)RUN/
 -----DSS--- ZREAD Unit   71; Vers.    5:  //B1060000_0218_J/FLOW/04JUN2007/5MIN/RUN:10%(10YR)RUN/
 -----DSS--- ZREAD Unit   71; Vers.    5:  //B1060000_0099_J/FLOW/31MAY2007/5MIN/RUN:10%(10YR)RUN/
 -----DSS--- ZREAD Unit   71; Vers.    5:  //B1060000_0099_J/FLOW/01JUN2007/5MIN/RUN:10%(10YR)RUN/
 -----DSS--- ZREAD Unit   71; Vers.    5:  //B1060000_0099_J/FLOW/02JUN2007/5MIN/RUN:10%(10YR)RUN/
 -----DSS--- ZREAD Unit   71; Vers.    5:  //B1060000_0099_J/FLOW/03JUN2007/5MIN/RUN:10%(10YR)RUN/
 -----DSS--- ZREAD Unit   71; Vers.    5:  //B1060000_0099_J/FLOW/04JUN2007/5MIN/RUN:10%(10YR)RUN/
 -----DSS--- ZREAD Unit   71; Vers.    5:  //B1040000_0316_J/FLOW/31MAY2007/5MIN/RUN:10%(10YR)RUN/
 -----DSS--- ZREAD Unit   71; Vers.    5:  //B1040000_0316_J/FLOW/01JUN2007/5MIN/RUN:10%(10YR)RUN/
 -----DSS--- ZREAD Unit   71; Vers.    5:  //B1040000_0316_J/FLOW/02JUN2007/5MIN/RUN:10%(10YR)RUN/
 -----DSS--- ZREAD Unit   71; Vers.    5:  //B1040000_0316_J/FLOW/03JUN2007/5MIN/RUN:10%(10YR)RUN/
 -----DSS--- ZREAD Unit   71; Vers.    5:  //B1040000_0316_J/FLOW/04JUN2007/5MIN/RUN:10%(10YR)RUN/
 -----DSS--- ZREAD Unit   71; Vers.    5:  //B1040000_0298_J/FLOW/31MAY2007/5MIN/RUN:10%(10YR)RUN/
 -----DSS--- ZREAD Unit   71; Vers.    5:  //B1040000_0298_J/FLOW/01JUN2007/5MIN/RUN:10%(10YR)RUN/
 -----DSS--- ZREAD Unit   71; Vers.    5:  //B1040000_0298_J/FLOW/02JUN2007/5MIN/RUN:10%(10YR)RUN/
 -----DSS--- ZREAD Unit   71; Vers.    5:  //B1040000_0298_J/FLOW/03JUN2007/5MIN/RUN:10%(10YR)RUN/
 -----DSS--- ZREAD Unit   71; Vers.    5:  //B1040000_0298_J/FLOW/04JUN2007/5MIN/RUN:10%(10YR)RUN/
 -----DSS--- ZREAD Unit   71; Vers.    5:  //B1040500_0046_J/FLOW/31MAY2007/5MIN/RUN:10%(10YR)RUN/
 -----DSS--- ZREAD Unit   71; Vers.    5:  //B1040500_0046_J/FLOW/01JUN2007/5MIN/RUN:10%(10YR)RUN/
 -----DSS--- ZREAD Unit   71; Vers.    5:  //B1040500_0046_J/FLOW/02JUN2007/5MIN/RUN:10%(10YR)RUN/
 -----DSS--- ZREAD Unit   71; Vers.    5:  //B1040500_0046_J/FLOW/03JUN2007/5MIN/RUN:10%(10YR)RUN/
 -----DSS--- ZREAD Unit   71; Vers.    5:  //B1040500_0046_J/FLOW/04JUN2007/5MIN/RUN:10%(10YR)RUN/
 -----DSS--- ZREAD Unit   71; Vers.    5:  //B1040000_0273_J/FLOW/31MAY2007/5MIN/RUN:10%(10YR)RUN/
 -----DSS--- ZREAD Unit   71; Vers.    5:  //B1040000_0273_J/FLOW/01JUN2007/5MIN/RUN:10%(10YR)RUN/
 -----DSS--- ZREAD Unit   71; Vers.    5:  //B1040000_0273_J/FLOW/02JUN2007/5MIN/RUN:10%(10YR)RUN/
 -----DSS--- ZREAD Unit   71; Vers.    5:  //B1040000_0273_J/FLOW/03JUN2007/5MIN/RUN:10%(10YR)RUN/
 -----DSS--- ZREAD Unit   71; Vers.    5:  //B1040000_0273_J/FLOW/04JUN2007/5MIN/RUN:10%(10YR)RUN/
 -----DSS--- ZREAD Unit   71; Vers.    5:  //B1040000_0260_J/FLOW/31MAY2007/5MIN/RUN:10%(10YR)RUN/
 -----DSS--- ZREAD Unit   71; Vers.    5:  //B1040000_0260_J/FLOW/01JUN2007/5MIN/RUN:10%(10YR)RUN/
 -----DSS--- ZREAD Unit   71; Vers.    5:  //B1040000_0260_J/FLOW/02JUN2007/5MIN/RUN:10%(10YR)RUN/
 -----DSS--- ZREAD Unit   71; Vers.    5:  //B1040000_0260_J/FLOW/03JUN2007/5MIN/RUN:10%(10YR)RUN/
 -----DSS--- ZREAD Unit   71; Vers.    5:  //B1040000_0260_J/FLOW/04JUN2007/5MIN/RUN:10%(10YR)RUN/
 -----DSS*** ZRRTS:  CAUTION - Data block not found in file.  Unit:   71
 Pathname: ////31MAY2007/5MIN/RUN:10%(10YR)RUN/
 -----DSS--- ZREAD Unit   71; Vers.    5:  //B1040400_0091_J/FLOW/31MAY2007/5MIN/RUN:10%(10YR)RUN/
 -----DSS--- ZREAD Unit   71; Vers.    5:  //B1040400_0091_J/FLOW/01JUN2007/5MIN/RUN:10%(10YR)RUN/
 -----DSS--- ZREAD Unit   71; Vers.    5:  //B1040400_0091_J/FLOW/02JUN2007/5MIN/RUN:10%(10YR)RUN/
 -----DSS--- ZREAD Unit   71; Vers.    5:  //B1040400_0091_J/FLOW/03JUN2007/5MIN/RUN:10%(10YR)RUN/
 -----DSS--- ZREAD Unit   71; Vers.    5:  //B1040400_0091_J/FLOW/04JUN2007/5MIN/RUN:10%(10YR)RUN/
 -----DSS*** ZRRTS:  CAUTION - Data block not found in file.  Unit:   71
 Pathname: ////31MAY2007/5MIN/RUN:10%(10YR)RUN/
 -----DSS--- ZREAD Unit   71; Vers.    5:  //B1040000_0210_J/FLOW/31MAY2007/5MIN/RUN:10%(10YR)RUN/
 -----DSS--- ZREAD Unit   71; Vers.    5:  //B1040000_0210_J/FLOW/01JUN2007/5MIN/RUN:10%(10YR)RUN/
 -----DSS--- ZREAD Unit   71; Vers.    5:  //B1040000_0210_J/FLOW/02JUN2007/5MIN/RUN:10%(10YR)RUN/
 -----DSS--- ZREAD Unit   71; Vers.    5:  //B1040000_0210_J/FLOW/03JUN2007/5MIN/RUN:10%(10YR)RUN/
 -----DSS--- ZREAD Unit   71; Vers.    5:  //B1040000_0210_J/FLOW/04JUN2007/5MIN/RUN:10%(10YR)RUN/
 -----DSS--- ZREAD Unit   71; Vers.    5:  //B1040000_0165_J/FLOW/31MAY2007/5MIN/RUN:10%(10YR)RUN/
 -----DSS--- ZREAD Unit   71; Vers.    5:  //B1040000_0165_J/FLOW/01JUN2007/5MIN/RUN:10%(10YR)RUN/
 -----DSS--- ZREAD Unit   71; Vers.    5:  //B1040000_0165_J/FLOW/02JUN2007/5MIN/RUN:10%(10YR)RUN/
 -----DSS--- ZREAD Unit   71; Vers.    5:  //B1040000_0165_J/FLOW/03JUN2007/5MIN/RUN:10%(10YR)RUN/
 -----DSS--- ZREAD Unit   71; Vers.    5:  //B1040000_0165_J/FLOW/04JUN2007/5MIN/RUN:10%(10YR)RUN/
 -----DSS--- ZREAD Unit   71; Vers.    5:  //B1040000_0132_J/FLOW/31MAY2007/5MIN/RUN:10%(10YR)RUN/
 -----DSS--- ZREAD Unit   71; Vers.    5:  //B1040000_0132_J/FLOW/01JUN2007/5MIN/RUN:10%(10YR)RUN/
 -----DSS--- ZREAD Unit   71; Vers.    5:  //B1040000_0132_J/FLOW/02JUN2007/5MIN/RUN:10%(10YR)RUN/
 -----DSS--- ZREAD Unit   71; Vers.    5:  //B1040000_0132_J/FLOW/03JUN2007/5MIN/RUN:10%(10YR)RUN/
 -----DSS--- ZREAD Unit   71; Vers.    5:  //B1040000_0132_J/FLOW/04JUN2007/5MIN/RUN:10%(10YR)RUN/
 -----DSS--- ZREAD Unit   71; Vers.    5:  //B1040000_0113_J/FLOW/31MAY2007/5MIN/RUN:10%(10YR)RUN/
 -----DSS--- ZREAD Unit   71; Vers.    5:  //B1040000_0113_J/FLOW/01JUN2007/5MIN/RUN:10%(10YR)RUN/
 -----DSS--- ZREAD Unit   71; Vers.    5:  //B1040000_0113_J/FLOW/02JUN2007/5MIN/RUN:10%(10YR)RUN/
 -----DSS--- ZREAD Unit   71; Vers.    5:  //B1040000_0113_J/FLOW/03JUN2007/5MIN/RUN:10%(10YR)RUN/
 -----DSS--- ZREAD Unit   71; Vers.    5:  //B1040000_0113_J/FLOW/04JUN2007/5MIN/RUN:10%(10YR)RUN/
 -----DSS--- ZREAD Unit   71; Vers.    5:  //B1040000_0070_J/FLOW/31MAY2007/5MIN/RUN:10%(10YR)RUN/
 -----DSS--- ZREAD Unit   71; Vers.    5:  //B1040000_0070_J/FLOW/01JUN2007/5MIN/RUN:10%(10YR)RUN/
 -----DSS--- ZREAD Unit   71; Vers.    5:  //B1040000_0070_J/FLOW/02JUN2007/5MIN/RUN:10%(10YR)RUN/
 -----DSS--- ZREAD Unit   71; Vers.    5:  //B1040000_0070_J/FLOW/03JUN2007/5MIN/RUN:10%(10YR)RUN/
 -----DSS--- ZREAD Unit   71; Vers.    5:  //B1040000_0070_J/FLOW/04JUN2007/5MIN/RUN:10%(10YR)RUN/
 -----DSS--- ZREAD Unit   71; Vers.    5:  //B1000000_0140_J/FLOW/31MAY2007/5MIN/RUN:10%(10YR)RUN/
 -----DSS--- ZREAD Unit   71; Vers.    5:  //B1000000_0140_J/FLOW/01JUN2007/5MIN/RUN:10%(10YR)RUN/
 -----DSS--- ZREAD Unit   71; Vers.    5:  //B1000000_0140_J/FLOW/02JUN2007/5MIN/RUN:10%(10YR)RUN/
 -----DSS--- ZREAD Unit   71; Vers.    5:  //B1000000_0140_J/FLOW/03JUN2007/5MIN/RUN:10%(10YR)RUN/
 -----DSS--- ZREAD Unit   71; Vers.    5:  //B1000000_0140_J/FLOW/04JUN2007/5MIN/RUN:10%(10YR)RUN/
 -----DSS--- ZREAD Unit   71; Vers.    5:  //A1000000_0771_J/FLOW/31MAY2007/5MIN/RUN:10%(10YR)RUN/
 -----DSS--- ZREAD Unit   71; Vers.    5:  //A1000000_0771_J/FLOW/01JUN2007/5MIN/RUN:10%(10YR)RUN/
 -----DSS--- ZREAD Unit   71; Vers.    5:  //A1000000_0771_J/FLOW/02JUN2007/5MIN/RUN:10%(10YR)RUN/
 -----DSS--- ZREAD Unit   71; Vers.    5:  //A1000000_0771_J/FLOW/03JUN2007/5MIN/RUN:10%(10YR)RUN/
 -----DSS--- ZREAD Unit   71; Vers.    5:  //A1000000_0771_J/FLOW/04JUN2007/5MIN/RUN:10%(10YR)RUN/
 -----DSS*** ZRRTS:  CAUTION - Data block not found in file.  Unit:   71
 Pathname: ////31MAY2007/5MIN/RUN:10%(10YR)RUN/
 -----DSS--- ZREAD Unit   71; Vers.    5:  //A1000000_0301_J/FLOW/31MAY2007/5MIN/RUN:10%(10YR)RUN/
 -----DSS--- ZREAD Unit   71; Vers.    5:  //A1000000_0301_J/FLOW/01JUN2007/5MIN/RUN:10%(10YR)RUN/
 -----DSS--- ZREAD Unit   71; Vers.    5:  //A1000000_0301_J/FLOW/02JUN2007/5MIN/RUN:10%(10YR)RUN/
 -----DSS--- ZREAD Unit   71; Vers.    5:  //A1000000_0301_J/FLOW/03JUN2007/5MIN/RUN:10%(10YR)RUN/
 -----DSS--- ZREAD Unit   71; Vers.    5:  //A1000000_0301_J/FLOW/04JUN2007/5MIN/RUN:10%(10YR)RUN/
 -----DSS--- ZREAD Unit   71; Vers.    5:  //A1000000_0184_J/FLOW/31MAY2007/5MIN/RUN:10%(10YR)RUN/
 -----DSS--- ZREAD Unit   71; Vers.    5:  //A1000000_0184_J/FLOW/01JUN2007/5MIN/RUN:10%(10YR)RUN/
 -----DSS--- ZREAD Unit   71; Vers.    5:  //A1000000_0184_J/FLOW/02JUN2007/5MIN/RUN:10%(10YR)RUN/
 -----DSS--- ZREAD Unit   71; Vers.    5:  //A1000000_0184_J/FLOW/03JUN2007/5MIN/RUN:10%(10YR)RUN/
 -----DSS--- ZREAD Unit   71; Vers.    5:  //A1000000_0184_J/FLOW/04JUN2007/5MIN/RUN:10%(10YR)RUN/
 -----DSS*** ZRRTS:  CAUTION - Data block not found in file.  Unit:   71
 Pathname: ////31MAY2007/5MIN/RUN:10%(10YR)RUN/
 -----DSS--- ZREAD Unit   71; Vers.    5:  //A1000000_1052_J/FLOW/31MAY2007/5MIN/RUN:10%(10YR)RUN/
 -----DSS--- ZREAD Unit   71; Vers.    5:  //A1000000_1052_J/FLOW/01JUN2007/5MIN/RUN:10%(10YR)RUN/
 -----DSS--- ZREAD Unit   71; Vers.    5:  //A1000000_1052_J/FLOW/02JUN2007/5MIN/RUN:10%(10YR)RUN/
 -----DSS--- ZREAD Unit   71; Vers.    5:  //A1000000_1052_J/FLOW/03JUN2007/5MIN/RUN:10%(10YR)RUN/
 -----DSS--- ZREAD Unit   71; Vers.    5:  //A1000000_1052_J/FLOW/04JUN2007/5MIN/RUN:10%(10YR)RUN/
 -----DSS--- ZREAD Unit   71; Vers.    5:  //COWA0103_9905_J/FLOW/31MAY2007/5MIN/RUN:10%(10YR)RUN/
 -----DSS--- ZREAD Unit   71; Vers.    5:  //COWA0103_9905_J/FLOW/01JUN2007/5MIN/RUN:10%(10YR)RUN/
 -----DSS--- ZREAD Unit   71; Vers.    5:  //COWA0103_9905_J/FLOW/02JUN2007/5MIN/RUN:10%(10YR)RUN/
 -----DSS--- ZREAD Unit   71; Vers.    5:  //COWA0103_9905_J/FLOW/03JUN2007/5MIN/RUN:10%(10YR)RUN/
 -----DSS--- ZREAD Unit   71; Vers.    5:  //COWA0103_9905_J/FLOW/04JUN2007/5MIN/RUN:10%(10YR)RUN/
 -----DSS--- ZREAD Unit   71; Vers.    5:  //A1000000_1271_J/FLOW/31MAY2007/5MIN/RUN:10%(10YR)RUN/
 -----DSS--- ZREAD Unit   71; Vers.    5:  //A1000000_1271_J/FLOW/01JUN2007/5MIN/RUN:10%(10YR)RUN/
 -----DSS--- ZREAD Unit   71; Vers.    5:  //A1000000_1271_J/FLOW/02JUN2007/5MIN/RUN:10%(10YR)RUN/
 -----DSS--- ZREAD Unit   71; Vers.    5:  //A1000000_1271_J/FLOW/03JUN2007/5MIN/RUN:10%(10YR)RUN/
 -----DSS--- ZREAD Unit   71; Vers.    5:  //A1000000_1271_J/FLOW/04JUN2007/5MIN/RUN:10%(10YR)RUN/
 -----DSS--- ZREAD Unit   71; Vers.    5:  //A1040000_0194_J/FLOW/31MAY2007/5MIN/RUN:10%(10YR)RUN/
 -----DSS--- ZREAD Unit   71; Vers.    5:  //A1040000_0194_J/FLOW/01JUN2007/5MIN/RUN:10%(10YR)RUN/
 -----DSS--- ZREAD Unit   71; Vers.    5:  //A1040000_0194_J/FLOW/02JUN2007/5MIN/RUN:10%(10YR)RUN/
 -----DSS--- ZREAD Unit   71; Vers.    5:  //A1040000_0194_J/FLOW/03JUN2007/5MIN/RUN:10%(10YR)RUN/
 -----DSS--- ZREAD Unit   71; Vers.    5:  //A1040000_0194_J/FLOW/04JUN2007/5MIN/RUN:10%(10YR)RUN/
 -----DSS*** ZRRTS:  CAUTION - Data block not found in file.  Unit:   71
 Pathname: ////31MAY2007/5MIN/RUN:10%(10YR)RUN/
 -----DSS--- ZREAD Unit   71; Vers.    5:  //COWA0100_9902_D/FLOW-DIVERSION/31MAY2007/5MIN/RUN:10%(10YR)RUN/
 -----DSS--- ZREAD Unit   71; Vers.    5:  //COWA0100_9902_D/FLOW-DIVERSION/01JUN2007/5MIN/RUN:10%(10YR)RUN/
 -----DSS--- ZREAD Unit   71; Vers.    5:  //COWA0100_9902_D/FLOW-DIVERSION/02JUN2007/5MIN/RUN:10%(10YR)RUN/
 -----DSS--- ZREAD Unit   71; Vers.    5:  //COWA0100_9902_D/FLOW-DIVERSION/03JUN2007/5MIN/RUN:10%(10YR)RUN/
 -----DSS--- ZREAD Unit   71; Vers.    5:  //COWA0100_9902_D/FLOW-DIVERSION/04JUN2007/5MIN/RUN:10%(10YR)RUN/
 -----DSS--- ZREAD Unit   71; Vers.    5:  //COWA0103_9901_D/FLOW-DIVERSION/31MAY2007/5MIN/RUN:10%(10YR)RUN/
 -----DSS--- ZREAD Unit   71; Vers.    5:  //COWA0103_9901_D/FLOW-DIVERSION/01JUN2007/5MIN/RUN:10%(10YR)RUN/
 -----DSS--- ZREAD Unit   71; Vers.    5:  //COWA0103_9901_D/FLOW-DIVERSION/02JUN2007/5MIN/RUN:10%(10YR)RUN/
 -----DSS--- ZREAD Unit   71; Vers.    5:  //COWA0103_9901_D/FLOW-DIVERSION/03JUN2007/5MIN/RUN:10%(10YR)RUN/
 -----DSS--- ZREAD Unit   71; Vers.    5:  //COWA0103_9901_D/FLOW-DIVERSION/04JUN2007/5MIN/RUN:10%(10YR)RUN/
 -----DSS--- ZREAD Unit   71; Vers.    5:  //COWA0103_9902_D/FLOW-DIVERSION/31MAY2007/5MIN/RUN:10%(10YR)RUN/
 -----DSS--- ZREAD Unit   71; Vers.    5:  //COWA0103_9902_D/FLOW-DIVERSION/01JUN2007/5MIN/RUN:10%(10YR)RUN/
 -----DSS--- ZREAD Unit   71; Vers.    5:  //COWA0103_9902_D/FLOW-DIVERSION/02JUN2007/5MIN/RUN:10%(10YR)RUN/
 -----DSS--- ZREAD Unit   71; Vers.    5:  //COWA0103_9902_D/FLOW-DIVERSION/03JUN2007/5MIN/RUN:10%(10YR)RUN/
 -----DSS--- ZREAD Unit   71; Vers.    5:  //COWA0103_9902_D/FLOW-DIVERSION/04JUN2007/5MIN/RUN:10%(10YR)RUN/
 -----DSS--- ZREAD Unit   71; Vers.    5:  //COWA0102_9901_D/FLOW-DIVERSION/31MAY2007/5MIN/RUN:10%(10YR)RUN/
 -----DSS--- ZREAD Unit   71; Vers.    5:  //COWA0102_9901_D/FLOW-DIVERSION/01JUN2007/5MIN/RUN:10%(10YR)RUN/
 -----DSS--- ZREAD Unit   71; Vers.    5:  //COWA0102_9901_D/FLOW-DIVERSION/02JUN2007/5MIN/RUN:10%(10YR)RUN/
 -----DSS--- ZREAD Unit   71; Vers.    5:  //COWA0102_9901_D/FLOW-DIVERSION/03JUN2007/5MIN/RUN:10%(10YR)RUN/
 -----DSS--- ZREAD Unit   71; Vers.    5:  //COWA0102_9901_D/FLOW-DIVERSION/04JUN2007/5MIN/RUN:10%(10YR)RUN/
 -----DSS--- ZREAD Unit   71; Vers.    5:  //CHIG0100_9901_D/FLOW-DIVERSION/31MAY2007/5MIN/RUN:10%(10YR)RUN/
 -----DSS--- ZREAD Unit   71; Vers.    5:  //CHIG0100_9901_D/FLOW-DIVERSION/01JUN2007/5MIN/RUN:10%(10YR)RUN/
 -----DSS--- ZREAD Unit   71; Vers.    5:  //CHIG0100_9901_D/FLOW-DIVERSION/02JUN2007/5MIN/RUN:10%(10YR)RUN/
 -----DSS--- ZREAD Unit   71; Vers.    5:  //CHIG0100_9901_D/FLOW-DIVERSION/03JUN2007/5MIN/RUN:10%(10YR)RUN/
 -----DSS--- ZREAD Unit   71; Vers.    5:  //CHIG0100_9901_D/FLOW-DIVERSION/04JUN2007/5MIN/RUN:10%(10YR)RUN/
 -----DSS--- ZREAD Unit   71; Vers.    5:  //A1200000_1785_J/FLOW/31MAY2007/5MIN/RUN:10%(10YR)RUN/
 -----DSS--- ZREAD Unit   71; Vers.    5:  //A1200000_1785_J/FLOW/01JUN2007/5MIN/RUN:10%(10YR)RUN/
 -----DSS--- ZREAD Unit   71; Vers.    5:  //A1200000_1785_J/FLOW/02JUN2007/5MIN/RUN:10%(10YR)RUN/
 -----DSS--- ZREAD Unit   71; Vers.    5:  //A1200000_1785_J/FLOW/03JUN2007/5MIN/RUN:10%(10YR)RUN/
 -----DSS--- ZREAD Unit   71; Vers.    5:  //A1200000_1785_J/FLOW/04JUN2007/5MIN/RUN:10%(10YR)RUN/
 -----DSS--- ZREAD Unit   71; Vers.    5:  //B1150100_0065_J/FLOW/31MAY2007/5MIN/RUN:10%(10YR)RUN/
 -----DSS--- ZREAD Unit   71; Vers.    5:  //B1150100_0065_J/FLOW/01JUN2007/5MIN/RUN:10%(10YR)RUN/
 -----DSS--- ZREAD Unit   71; Vers.    5:  //B1150100_0065_J/FLOW/02JUN2007/5MIN/RUN:10%(10YR)RUN/
 -----DSS--- ZREAD Unit   71; Vers.    5:  //B1150100_0065_J/FLOW/03JUN2007/5MIN/RUN:10%(10YR)RUN/
 -----DSS--- ZREAD Unit   71; Vers.    5:  //B1150100_0065_J/FLOW/04JUN2007/5MIN/RUN:10%(10YR)RUN/
 -----DSS--- ZREAD Unit   71; Vers.    5:  //B1130000_0160_J/FLOW/31MAY2007/5MIN/RUN:10%(10YR)RUN/
 -----DSS--- ZREAD Unit   71; Vers.    5:  //B1130000_0160_J/FLOW/01JUN2007/5MIN/RUN:10%(10YR)RUN/
 -----DSS--- ZREAD Unit   71; Vers.    5:  //B1130000_0160_J/FLOW/02JUN2007/5MIN/RUN:10%(10YR)RUN/
 -----DSS--- ZREAD Unit   71; Vers.    5:  //B1130000_0160_J/FLOW/03JUN2007/5MIN/RUN:10%(10YR)RUN/
 -----DSS--- ZREAD Unit   71; Vers.    5:  //B1130000_0160_J/FLOW/04JUN2007/5MIN/RUN:10%(10YR)RUN/
 -----DSS--- ZREAD Unit   71; Vers.    5:  //A1190600_0054_J/FLOW/31MAY2007/5MIN/RUN:10%(10YR)RUN/
 -----DSS--- ZREAD Unit   71; Vers.    5:  //A1190600_0054_J/FLOW/01JUN2007/5MIN/RUN:10%(10YR)RUN/
 -----DSS--- ZREAD Unit   71; Vers.    5:  //A1190600_0054_J/FLOW/02JUN2007/5MIN/RUN:10%(10YR)RUN/
 -----DSS--- ZREAD Unit   71; Vers.    5:  //A1190600_0054_J/FLOW/03JUN2007/5MIN/RUN:10%(10YR)RUN/
 -----DSS--- ZREAD Unit   71; Vers.    5:  //A1190600_0054_J/FLOW/04JUN2007/5MIN/RUN:10%(10YR)RUN/
 -----DSS--- ZREAD Unit   71; Vers.    5:  //A1190600_0037_J/FLOW/31MAY2007/5MIN/RUN:10%(10YR)RUN/
 -----DSS--- ZREAD Unit   71; Vers.    5:  //A1190600_0037_J/FLOW/01JUN2007/5MIN/RUN:10%(10YR)RUN/
 -----DSS--- ZREAD Unit   71; Vers.    5:  //A1190600_0037_J/FLOW/02JUN2007/5MIN/RUN:10%(10YR)RUN/
 -----DSS--- ZREAD Unit   71; Vers.    5:  //A1190600_0037_J/FLOW/03JUN2007/5MIN/RUN:10%(10YR)RUN/
 -----DSS--- ZREAD Unit   71; Vers.    5:  //A1190600_0037_J/FLOW/04JUN2007/5MIN/RUN:10%(10YR)RUN/
 -----DSS--- ZREAD Unit   71; Vers.    5:  //A1190000_0198_J/FLOW/31MAY2007/5MIN/RUN:10%(10YR)RUN/
 -----DSS--- ZREAD Unit   71; Vers.    5:  //A1190000_0198_J/FLOW/01JUN2007/5MIN/RUN:10%(10YR)RUN/
 -----DSS--- ZREAD Unit   71; Vers.    5:  //A1190000_0198_J/FLOW/02JUN2007/5MIN/RUN:10%(10YR)RUN/
 -----DSS--- ZREAD Unit   71; Vers.    5:  //A1190000_0198_J/FLOW/03JUN2007/5MIN/RUN:10%(10YR)RUN/
 -----DSS--- ZREAD Unit   71; Vers.    5:  //A1190000_0198_J/FLOW/04JUN2007/5MIN/RUN:10%(10YR)RUN/
 -----DSS--- ZREAD Unit   71; Vers.    5:  //A1190500_0085_J/FLOW/31MAY2007/5MIN/RUN:10%(10YR)RUN/
 -----DSS--- ZREAD Unit   71; Vers.    5:  //A1190500_0085_J/FLOW/01JUN2007/5MIN/RUN:10%(10YR)RUN/
 -----DSS--- ZREAD Unit   71; Vers.    5:  //A1190500_0085_J/FLOW/02JUN2007/5MIN/RUN:10%(10YR)RUN/
 -----DSS--- ZREAD Unit   71; Vers.    5:  //A1190500_0085_J/FLOW/03JUN2007/5MIN/RUN:10%(10YR)RUN/
 -----DSS--- ZREAD Unit   71; Vers.    5:  //A1190500_0085_J/FLOW/04JUN2007/5MIN/RUN:10%(10YR)RUN/
 -----DSS--- ZREAD Unit   71; Vers.    5:  //B1090300_0016_D/FLOW-DIVERSION/31MAY2007/5MIN/RUN:10%(10YR)RUN/
 -----DSS--- ZREAD Unit   71; Vers.    5:  //B1090300_0016_D/FLOW-DIVERSION/01JUN2007/5MIN/RUN:10%(10YR)RUN/
 -----DSS--- ZREAD Unit   71; Vers.    5:  //B1090300_0016_D/FLOW-DIVERSION/02JUN2007/5MIN/RUN:10%(10YR)RUN/
 -----DSS--- ZREAD Unit   71; Vers.    5:  //B1090300_0016_D/FLOW-DIVERSION/03JUN2007/5MIN/RUN:10%(10YR)RUN/
 -----DSS--- ZREAD Unit   71; Vers.    5:  //B1090300_0016_D/FLOW-DIVERSION/04JUN2007/5MIN/RUN:10%(10YR)RUN/
 -----DSS--- ZREAD Unit   71; Vers.    5:  //COWA0100_9901_D/FLOW-DIVERSION/31MAY2007/5MIN/RUN:10%(10YR)RUN/
 -----DSS--- ZREAD Unit   71; Vers.    5:  //COWA0100_9901_D/FLOW-DIVERSION/01JUN2007/5MIN/RUN:10%(10YR)RUN/
 -----DSS--- ZREAD Unit   71; Vers.    5:  //COWA0100_9901_D/FLOW-DIVERSION/02JUN2007/5MIN/RUN:10%(10YR)RUN/
 -----DSS--- ZREAD Unit   71; Vers.    5:  //COWA0100_9901_D/FLOW-DIVERSION/03JUN2007/5MIN/RUN:10%(10YR)RUN/
 -----DSS--- ZREAD Unit   71; Vers.    5:  //COWA0100_9901_D/FLOW-DIVERSION/04JUN2007/5MIN/RUN:10%(10YR)RUN/
 -----DSS--- ZREAD Unit   71; Vers.    5:  //A1000000_0000_J/FLOW/31MAY2007/5MIN/RUN:10%(10YR)RUN/
 -----DSS--- ZREAD Unit   71; Vers.    5:  //A1000000_0000_J/FLOW/01JUN2007/5MIN/RUN:10%(10YR)RUN/
 -----DSS--- ZREAD Unit   71; Vers.    5:  //A1000000_0000_J/FLOW/02JUN2007/5MIN/RUN:10%(10YR)RUN/
 -----DSS--- ZREAD Unit   71; Vers.    5:  //A1000000_0000_J/FLOW/03JUN2007/5MIN/RUN:10%(10YR)RUN/
 -----DSS--- ZREAD Unit   71; Vers.    5:  //A1000000_0000_J/FLOW/04JUN2007/5MIN/RUN:10%(10YR)RUN/
 -----DSS--- ZREAD Unit   71; Vers.    5:  //A1000000_0000_J/FLOW/31MAY2007/5MIN/RUN:10%(10YR)RUN/
 -----DSS--- ZREAD Unit   71; Vers.    5:  //A1000000_0000_J/FLOW/01JUN2007/5MIN/RUN:10%(10YR)RUN/
 -----DSS--- ZREAD Unit   71; Vers.    5:  //A1000000_0000_J/FLOW/02JUN2007/5MIN/RUN:10%(10YR)RUN/
 -----DSS--- ZREAD Unit   71; Vers.    5:  //A1000000_0000_J/FLOW/03JUN2007/5MIN/RUN:10%(10YR)RUN/
 -----DSS--- ZREAD Unit   71; Vers.    5:  //A1000000_0000_J/FLOW/04JUN2007/5MIN/RUN:10%(10YR)RUN/
 -----DSS--- ZREAD Unit   71; Vers.    5:  //A1000000_0000_J/FLOW/31MAY2007/5MIN/RUN:10%(10YR)RUN/
 -----DSS--- ZREAD Unit   71; Vers.    5:  //A1000000_0000_J/FLOW/01JUN2007/5MIN/RUN:10%(10YR)RUN/
 -----DSS--- ZREAD Unit   71; Vers.    5:  //A1000000_0000_J/FLOW/02JUN2007/5MIN/RUN:10%(10YR)RUN/
 -----DSS--- ZREAD Unit   71; Vers.    5:  //A1000000_0000_J/FLOW/03JUN2007/5MIN/RUN:10%(10YR)RUN/
 -----DSS--- ZREAD Unit   71; Vers.    5:  //A1000000_0000_J/FLOW/04JUN2007/5MIN/RUN:10%(10YR)RUN/
 -----DSS--- ZREAD Unit   71; Vers.    5:  //A1000000_0000_J/FLOW-COMBINE/31MAY2007/5MIN/RUN:10%(10YR)RUN/
 -----DSS--- ZREAD Unit   71; Vers.    5:  //A1000000_0000_J/FLOW-COMBINE/01JUN2007/5MIN/RUN:10%(10YR)RUN/
 -----DSS--- ZREAD Unit   71; Vers.    5:  //A1000000_0000_J/FLOW-COMBINE/02JUN2007/5MIN/RUN:10%(10YR)RUN/
 -----DSS--- ZREAD Unit   71; Vers.    5:  //A1000000_0000_J/FLOW-COMBINE/03JUN2007/5MIN/RUN:10%(10YR)RUN/
 -----DSS--- ZREAD Unit   71; Vers.    5:  //A1000000_0000_J/FLOW-COMBINE/04JUN2007/5MIN/RUN:10%(10YR)RUN/
 -----DSS--- ZREAD Unit   71; Vers.    5:  //A1000000_0000_J/FLOW-COMBINE/31MAY2007/5MIN/RUN:10%(10YR)RUN/
 -----DSS--- ZREAD Unit   71; Vers.    5:  //A1000000_0000_J/FLOW-COMBINE/01JUN2007/5MIN/RUN:10%(10YR)RUN/
 -----DSS--- ZREAD Unit   71; Vers.    5:  //A1000000_0000_J/FLOW-COMBINE/02JUN2007/5MIN/RUN:10%(10YR)RUN/
 -----DSS--- ZREAD Unit   71; Vers.    5:  //A1000000_0000_J/FLOW-COMBINE/03JUN2007/5MIN/RUN:10%(10YR)RUN/
 -----DSS--- ZREAD Unit   71; Vers.    5:  //A1000000_0000_J/FLOW-COMBINE/04JUN2007/5MIN/RUN:10%(10YR)RUN/
 -----DSS--- ZREAD Unit   71; Vers.    5:  //A1000000_0000_J/FLOW-COMBINE/31MAY2007/5MIN/RUN:10%(10YR)RUN/
 -----DSS--- ZREAD Unit   71; Vers.    5:  //A1000000_0000_J/FLOW-COMBINE/01JUN2007/5MIN/RUN:10%(10YR)RUN/
 -----DSS--- ZREAD Unit   71; Vers.    5:  //A1000000_0000_J/FLOW-COMBINE/02JUN2007/5MIN/RUN:10%(10YR)RUN/
 -----DSS--- ZREAD Unit   71; Vers.    5:  //A1000000_0000_J/FLOW-COMBINE/03JUN2007/5MIN/RUN:10%(10YR)RUN/
 -----DSS--- ZREAD Unit   71; Vers.    5:  //A1000000_0000_J/FLOW-COMBINE/04JUN2007/5MIN/RUN:10%(10YR)RUN/
 -----DSS--- ZREAD Unit   71; Vers.    5:  //A1000000_0000_J/FLOW/31MAY2007/5MIN/RUN:10%(10YR)RUN/
 -----DSS--- ZREAD Unit   71; Vers.    5:  //A1000000_0000_J/FLOW/01JUN2007/5MIN/RUN:10%(10YR)RUN/
 -----DSS--- ZREAD Unit   71; Vers.    5:  //A1000000_0000_J/FLOW/02JUN2007/5MIN/RUN:10%(10YR)RUN/
 -----DSS--- ZREAD Unit   71; Vers.    5:  //A1000000_0000_J/FLOW/03JUN2007/5MIN/RUN:10%(10YR)RUN/
 -----DSS--- ZREAD Unit   71; Vers.    5:  //A1000000_0000_J/FLOW/04JUN2007/5MIN/RUN:10%(10YR)RUN/
 -----DSS--- ZREAD Unit   71; Vers.    5:  //LAKE/FLOW/31MAY2007/5MIN/RUN:10%(10YR)RUN/
 -----DSS--- ZREAD Unit   71; Vers.    5:  //LAKE/FLOW/01JUN2007/5MIN/RUN:10%(10YR)RUN/
 -----DSS--- ZREAD Unit   71; Vers.    5:  //LAKE/FLOW/02JUN2007/5MIN/RUN:10%(10YR)RUN/
 -----DSS--- ZREAD Unit   71; Vers.    5:  //LAKE/FLOW/03JUN2007/5MIN/RUN:10%(10YR)RUN/
 -----DSS--- ZREAD Unit   71; Vers.    5:  //LAKE/FLOW/04JUN2007/5MIN/RUN:10%(10YR)RUN/
 -----DSS--- ZREAD Unit   71; Vers.    5:  //A1000000_0000_R/FLOW/31MAY2007/5MIN/RUN:10%(10YR)RUN/
 -----DSS--- ZREAD Unit   71; Vers.    5:  //A1000000_0000_R/FLOW/01JUN2007/5MIN/RUN:10%(10YR)RUN/
 -----DSS--- ZREAD Unit   71; Vers.    5:  //A1000000_0000_R/FLOW/02JUN2007/5MIN/RUN:10%(10YR)RUN/
 -----DSS--- ZREAD Unit   71; Vers.    5:  //A1000000_0000_R/FLOW/03JUN2007/5MIN/RUN:10%(10YR)RUN/
 -----DSS--- ZREAD Unit   71; Vers.    5:  //A1000000_0000_R/FLOW/04JUN2007/5MIN/RUN:10%(10YR)RUN/
 -----DSS--- ZREAD Unit   71; Vers.    5:  //JB100A/FLOW/31MAY2007/5MIN/RUN:10%(10YR)RUN/
 -----DSS--- ZREAD Unit   71; Vers.    5:  //JB100A/FLOW/01JUN2007/5MIN/RUN:10%(10YR)RUN/
 -----DSS--- ZREAD Unit   71; Vers.    5:  //JB100A/FLOW/02JUN2007/5MIN/RUN:10%(10YR)RUN/
 -----DSS--- ZREAD Unit   71; Vers.    5:  //JB100A/FLOW/03JUN2007/5MIN/RUN:10%(10YR)RUN/
 -----DSS--- ZREAD Unit   71; Vers.    5:  //JB100A/FLOW/04JUN2007/5MIN/RUN:10%(10YR)RUN/
 -----DSS--- ZREAD Unit   71; Vers.    5:  //A100U/FLOW/31MAY2007/5MIN/RUN:10%(10YR)RUN/
 -----DSS--- ZREAD Unit   71; Vers.    5:  //A100U/FLOW/01JUN2007/5MIN/RUN:10%(10YR)RUN/
 -----DSS--- ZREAD Unit   71; Vers.    5:  //A100U/FLOW/02JUN2007/5MIN/RUN:10%(10YR)RUN/
 -----DSS--- ZREAD Unit   71; Vers.    5:  //A100U/FLOW/03JUN2007/5MIN/RUN:10%(10YR)RUN/
 -----DSS--- ZREAD Unit   71; Vers.    5:  //A100U/FLOW/04JUN2007/5MIN/RUN:10%(10YR)RUN/
 -----DSS--- ZREAD Unit   71; Vers.    5:  //A1000000_0000_J/FLOW/31MAY2007/5MIN/RUN:10%(10YR)RUN/
 -----DSS--- ZREAD Unit   71; Vers.    5:  //A1000000_0000_J/FLOW/01JUN2007/5MIN/RUN:10%(10YR)RUN/
 -----DSS--- ZREAD Unit   71; Vers.    5:  //A1000000_0000_J/FLOW/02JUN2007/5MIN/RUN:10%(10YR)RUN/
 -----DSS--- ZREAD Unit   71; Vers.    5:  //A1000000_0000_J/FLOW/03JUN2007/5MIN/RUN:10%(10YR)RUN/
 -----DSS--- ZREAD Unit   71; Vers.    5:  //A1000000_0000_J/FLOW/04JUN2007/5MIN/RUN:10%(10YR)RUN/
 -----DSS--- ZREAD Unit   71; Vers.    5:  //A1000000_0000_J/FLOW/31MAY2007/5MIN/RUN:10%(10YR)RUN/
 -----DSS--- ZREAD Unit   71; Vers.    5:  //A1000000_0000_J/FLOW/01JUN2007/5MIN/RUN:10%(10YR)RUN/
 -----DSS--- ZREAD Unit   71; Vers.    5:  //A1000000_0000_J/FLOW/02JUN2007/5MIN/RUN:10%(10YR)RUN/
 -----DSS--- ZREAD Unit   71; Vers.    5:  //A1000000_0000_J/FLOW/03JUN2007/5MIN/RUN:10%(10YR)RUN/
 -----DSS--- ZREAD Unit   71; Vers.    5:  //A1000000_0000_J/FLOW/04JUN2007/5MIN/RUN:10%(10YR)RUN/
 -----DSS--- ZREAD Unit   71; Vers.    5:  //A1000000_0000_J/FLOW/31MAY2007/5MIN/RUN:10%(10YR)RUN/
 -----DSS--- ZREAD Unit   71; Vers.    5:  //A1000000_0000_J/FLOW/01JUN2007/5MIN/RUN:10%(10YR)RUN/
 -----DSS--- ZREAD Unit   71; Vers.    5:  //A1000000_0000_J/FLOW/02JUN2007/5MIN/RUN:10%(10YR)RUN/
 -----DSS--- ZREAD Unit   71; Vers.    5:  //A1000000_0000_J/FLOW/03JUN2007/5MIN/RUN:10%(10YR)RUN/
 -----DSS--- ZREAD Unit   71; Vers.    5:  //A1000000_0000_J/FLOW/04JUN2007/5MIN/RUN:10%(10YR)RUN/
 -----DSS--- ZREAD Unit   71; Vers.    5:  //A1000000_0000_J/FLOW/31MAY2007/5MIN/RUN:10%(10YR)RUN/
 -----DSS--- ZREAD Unit   71; Vers.    5:  //A1000000_0000_J/FLOW/01JUN2007/5MIN/RUN:10%(10YR)RUN/
 -----DSS--- ZREAD Unit   71; Vers.    5:  //A1000000_0000_J/FLOW/02JUN2007/5MIN/RUN:10%(10YR)RUN/
 -----DSS--- ZREAD Unit   71; Vers.    5:  //A1000000_0000_J/FLOW/03JUN2007/5MIN/RUN:10%(10YR)RUN/
 -----DSS--- ZREAD Unit   71; Vers.    5:  //A1000000_0000_J/FLOW/04JUN2007/5MIN/RUN:10%(10YR)RUN/
 -----DSS--- ZREAD Unit   71; Vers.    5:  //A1000000_0000_J/FLOW/31MAY2007/5MIN/RUN:10%(10YR)RUN/
 -----DSS--- ZREAD Unit   71; Vers.    5:  //A1000000_0000_J/FLOW/01JUN2007/5MIN/RUN:10%(10YR)RUN/
 -----DSS--- ZREAD Unit   71; Vers.    5:  //A1000000_0000_J/FLOW/02JUN2007/5MIN/RUN:10%(10YR)RUN/
 -----DSS--- ZREAD Unit   71; Vers.    5:  //A1000000_0000_J/FLOW/03JUN2007/5MIN/RUN:10%(10YR)RUN/
 -----DSS--- ZREAD Unit   71; Vers.    5:  //A1000000_0000_J/FLOW/04JUN2007/5MIN/RUN:10%(10YR)RUN/
 -----DSS--- ZREAD Unit   71; Vers.    5:  //A1000000_0000_J/FLOW/31MAY2007/5MIN/RUN:10%(10YR)RUN/
 -----DSS--- ZREAD Unit   71; Vers.    5:  //A1000000_0000_J/FLOW/01JUN2007/5MIN/RUN:10%(10YR)RUN/
 -----DSS--- ZREAD Unit   71; Vers.    5:  //A1000000_0000_J/FLOW/02JUN2007/5MIN/RUN:10%(10YR)RUN/
 -----DSS--- ZREAD Unit   71; Vers.    5:  //A1000000_0000_J/FLOW/03JUN2007/5MIN/RUN:10%(10YR)RUN/
 -----DSS--- ZREAD Unit   71; Vers.    5:  //A1000000_0000_J/FLOW/04JUN2007/5MIN/RUN:10%(10YR)RUN/
 -----DSS--- ZREAD Unit   71; Vers.    5:  //A1000000_0000_J/FLOW/31MAY2007/5MIN/RUN:10%(10YR)RUN/
 -----DSS--- ZREAD Unit   71; Vers.    5:  //A1000000_0000_J/FLOW/01JUN2007/5MIN/RUN:10%(10YR)RUN/
 -----DSS--- ZREAD Unit   71; Vers.    5:  //A1000000_0000_J/FLOW/02JUN2007/5MIN/RUN:10%(10YR)RUN/
 -----DSS--- ZREAD Unit   71; Vers.    5:  //A1000000_0000_J/FLOW/03JUN2007/5MIN/RUN:10%(10YR)RUN/
 -----DSS--- ZREAD Unit   71; Vers.    5:  //A1000000_0000_J/FLOW/04JUN2007/5MIN/RUN:10%(10YR)RUN/
 -----DSS--- ZREAD Unit   71; Vers.    5:  //A1000000_0000_J/FLOW/31MAY2007/5MIN/RUN:10%(10YR)RUN/
 -----DSS--- ZREAD Unit   71; Vers.    5:  //A1000000_0000_J/FLOW/01JUN2007/5MIN/RUN:10%(10YR)RUN/
 -----DSS--- ZREAD Unit   71; Vers.    5:  //A1000000_0000_J/FLOW/02JUN2007/5MIN/RUN:10%(10YR)RUN/
 -----DSS--- ZREAD Unit   71; Vers.    5:  //A1000000_0000_J/FLOW/03JUN2007/5MIN/RUN:10%(10YR)RUN/
 -----DSS--- ZREAD Unit   71; Vers.    5:  //A1000000_0000_J/FLOW/04JUN2007/5MIN/RUN:10%(10YR)RUN/
 -----DSS--- ZREAD Unit   71; Vers.    5:  //A1000000_0000_J/FLOW/31MAY2007/5MIN/RUN:10%(10YR)RUN/
 -----DSS--- ZREAD Unit   71; Vers.    5:  //A1000000_0000_J/FLOW/01JUN2007/5MIN/RUN:10%(10YR)RUN/
 -----DSS--- ZREAD Unit   71; Vers.    5:  //A1000000_0000_J/FLOW/02JUN2007/5MIN/RUN:10%(10YR)RUN/
 -----DSS--- ZREAD Unit   71; Vers.    5:  //A1000000_0000_J/FLOW/03JUN2007/5MIN/RUN:10%(10YR)RUN/
 -----DSS--- ZREAD Unit   71; Vers.    5:  //A1000000_0000_J/FLOW/04JUN2007/5MIN/RUN:10%(10YR)RUN/
 -----DSS--- ZREAD Unit   71; Vers.    5:  //A1000000_0000_J/FLOW/31MAY2007/5MIN/RUN:10%(10YR)RUN/
 -----DSS--- ZREAD Unit   71; Vers.    5:  //A1000000_0000_J/FLOW/01JUN2007/5MIN/RUN:10%(10YR)RUN/
 -----DSS--- ZREAD Unit   71; Vers.    5:  //A1000000_0000_J/FLOW/02JUN2007/5MIN/RUN:10%(10YR)RUN/
 -----DSS--- ZREAD Unit   71; Vers.    5:  //A1000000_0000_J/FLOW/03JUN2007/5MIN/RUN:10%(10YR)RUN/
 -----DSS--- ZREAD Unit   71; Vers.    5:  //A1000000_0000_J/FLOW/04JUN2007/5MIN/RUN:10%(10YR)RUN/
 -----DSS--- ZREAD Unit   71; Vers.    5:  //A1000000_0000_J/FLOW/31MAY2007/5MIN/RUN:10%(10YR)RUN/
 -----DSS--- ZREAD Unit   71; Vers.    5:  //A1000000_0000_J/FLOW/01JUN2007/5MIN/RUN:10%(10YR)RUN/
 -----DSS--- ZREAD Unit   71; Vers.    5:  //A1000000_0000_J/FLOW/02JUN2007/5MIN/RUN:10%(10YR)RUN/
 -----DSS--- ZREAD Unit   71; Vers.    5:  //A1000000_0000_J/FLOW/03JUN2007/5MIN/RUN:10%(10YR)RUN/
 -----DSS--- ZREAD Unit   71; Vers.    5:  //A1000000_0000_J/FLOW/04JUN2007/5MIN/RUN:10%(10YR)RUN/
 -----DSS--- ZREAD Unit   71; Vers.    5:  //A1000000_0000_J/FLOW/31MAY2007/5MIN/RUN:10%(10YR)RUN/
 -----DSS--- ZREAD Unit   71; Vers.    5:  //A1000000_0000_J/FLOW/01JUN2007/5MIN/RUN:10%(10YR)RUN/
 -----DSS--- ZREAD Unit   71; Vers.    5:  //A1000000_0000_J/FLOW/02JUN2007/5MIN/RUN:10%(10YR)RUN/
 -----DSS--- ZREAD Unit   71; Vers.    5:  //A1000000_0000_J/FLOW/03JUN2007/5MIN/RUN:10%(10YR)RUN/
 -----DSS--- ZREAD Unit   71; Vers.    5:  //A1000000_0000_J/FLOW/04JUN2007/5MIN/RUN:10%(10YR)RUN/
    -----DSS---ZCLOSE Unit:   71,   File: C:/Projects/EffectiveHMS QAQC/2009_Updated ModelsVer3.3/A-Clear
               Pointer Utilization: 17.43
               Number of Records:  35427
               File Size:  95897.0  Kbytes
               Percent Inactive:   0.0

