NOTE 10184:  Began computing simulation run "1%_24HR" at time 27Jan2017, 09:03:34.
NOTE 20364:  Found no parameter problems in meteorologic model "1PCT_24HR".
NOTE 40049:  Found no parameter problems in basin model "P1000000".
NOTE 40368:  Reached maximum diversion volume of 480.3 at diversion "P1000000_1972_D".
WARNING 40257:  Reservoir "P530_0831" used a minimum time step of 1 seconds.
WARNING 41307:  Water surface in reservoir "P530_0831" may not submerge outlet 1 sufficiently for pressure flow to prevail during 206 time intervals.
WARNING 40257:  Reservoir "P530_08_32" used a minimum time step of 1 seconds.
WARNING 41307:  Water surface in reservoir "P530_08_32" may not submerge outlet 1 sufficiently for pressure flow to prevail during 163 time intervals.
WARNING 40257:  Reservoir "P530_08_33" used a minimum time step of 1 seconds.
WARNING 41307:  Water surface in reservoir "P530_08_33" may not submerge outlet 1 sufficiently for pressure flow to prevail during 182 time intervals.
WARNING 40257:  Reservoir "P530_08_34" used a minimum time step of 1 seconds.
WARNING 41307:  Water surface in reservoir "P530_08_34" may not submerge outlet 1 sufficiently for pressure flow to prevail during 122 time intervals.
WARNING 42803:  Computed diversion flow exceeded inflow for 161 time intervals at element "P1300800_0201_D"; diversion flow set to inflow.
WARNING 40257:  Reservoir "P530_08_11" used a minimum time step of 1 seconds.
WARNING 41307:  Water surface in reservoir "P530_08_11" may not submerge outlet 1 sufficiently for pressure flow to prevail during 272 time intervals.
WARNING 40257:  Reservoir "P530_08_12" used a minimum time step of 1 seconds.
WARNING 41307:  Water surface in reservoir "P530_08_12" may not submerge outlet 1 sufficiently for pressure flow to prevail during 208 time intervals.
WARNING 40257:  Reservoir "P530_08_13" used a minimum time step of 1 seconds.
WARNING 41307:  Water surface in reservoir "P530_08_13" may not submerge outlet 1 sufficiently for pressure flow to prevail during 274 time intervals.
WARNING 40257:  Reservoir "P530_08_21" used a minimum time step of 1 seconds.
WARNING 41307:  Water surface in reservoir "P530_08_21" may not submerge outlet 1 sufficiently for pressure flow to prevail during 237 time intervals.
WARNING 40257:  Reservoir "P530_08_22" used a minimum time step of 1 seconds.
WARNING 41307:  Water surface in reservoir "P530_08_22" may not submerge outlet 1 sufficiently for pressure flow to prevail during 236 time intervals.
WARNING 40257:  Reservoir "P530_08_23" used a minimum time step of 1 seconds.
WARNING 41307:  Water surface in reservoir "P530_08_23" may not submerge outlet 1 sufficiently for pressure flow to prevail during 236 time intervals.
WARNING 40257:  Reservoir "P530_08_24" used a minimum time step of 1 seconds.
WARNING 41307:  Water surface in reservoir "P530_08_24" may not submerge outlet 1 sufficiently for pressure flow to prevail during 220 time intervals.
WARNING 40257:  Reservoir "P530_08_25" used a minimum time step of 1 seconds.
WARNING 41307:  Water surface in reservoir "P530_08_25" may not submerge outlet 1 sufficiently for pressure flow to prevail during 231 time intervals.
NOTE 10185:  Finished computing simulation run "1%_24HR" at time 27Jan2017, 09:04:09.
