NOTE 10184:  Began computing simulation run "2%_24HR" at time 20Jun2014, 11:48:30.
NOTE 20364:  Found no parameter problems in meteorologic model "2PCT_24HR".
NOTE 40049:  Found no parameter problems in basin model "P1000000".
NOTE 40368:  Reached maximum diversion volume of 480.3 at diversion "P1000000_1972_D".
WARNING 40257:  Reservoir "P530_0831" used a minimum time step of 1 seconds.
WARNING 41307:  Water surface in reservoir "P530_0831" may not submerge outlet 1 sufficiently for pressure flow to prevail during 206 time intervals.
WARNING 40257:  Reservoir "P530_08_32" used a minimum time step of 1 seconds.
WARNING 41307:  Water surface in reservoir "P530_08_32" may not submerge outlet 1 sufficiently for pressure flow to prevail during 172 time intervals.
WARNING 40257:  Reservoir "P530_08_33" used a minimum time step of 1 seconds.
WARNING 41307:  Water surface in reservoir "P530_08_33" may not submerge outlet 1 sufficiently for pressure flow to prevail during 199 time intervals.
WARNING 40257:  Reservoir "P530_08_34" used a minimum time step of 1 seconds.
WARNING 41307:  Water surface in reservoir "P530_08_34" may not submerge outlet 1 sufficiently for pressure flow to prevail during 137 time intervals.
WARNING 42803:  Computed diversion flow exceeded inflow for 147 time intervals at element "P1300800_0201_D"; diversion flow set to inflow.
WARNING 40257:  Reservoir "P530_08_11" used a minimum time step of 1 seconds.
WARNING 41307:  Water surface in reservoir "P530_08_11" may not submerge outlet 1 sufficiently for pressure flow to prevail during 285 time intervals.
WARNING 40257:  Reservoir "P530_08_12" used a minimum time step of 1 seconds.
WARNING 41307:  Water surface in reservoir "P530_08_12" may not submerge outlet 1 sufficiently for pressure flow to prevail during 193 time intervals.
WARNING 40257:  Reservoir "P530_08_13" used a minimum time step of 1 seconds.
WARNING 41307:  Water surface in reservoir "P530_08_13" may not submerge outlet 1 sufficiently for pressure flow to prevail during 281 time intervals.
WARNING 40257:  Reservoir "P530_08_21" used a minimum time step of 1 seconds.
WARNING 41307:  Water surface in reservoir "P530_08_21" may not submerge outlet 1 sufficiently for pressure flow to prevail during 224 time intervals.
WARNING 40257:  Reservoir "P530_08_22" used a minimum time step of 1 seconds.
WARNING 41307:  Water surface in reservoir "P530_08_22" may not submerge outlet 1 sufficiently for pressure flow to prevail during 221 time intervals.
WARNING 40257:  Reservoir "P530_08_23" used a minimum time step of 1 seconds.
WARNING 41307:  Water surface in reservoir "P530_08_23" may not submerge outlet 1 sufficiently for pressure flow to prevail during 241 time intervals.
WARNING 40257:  Reservoir "P530_08_24" used a minimum time step of 1 seconds.
WARNING 41307:  Water surface in reservoir "P530_08_24" may not submerge outlet 1 sufficiently for pressure flow to prevail during 220 time intervals.
WARNING 40257:  Reservoir "P530_08_25" used a minimum time step of 1 seconds.
WARNING 41307:  Water surface in reservoir "P530_08_25" may not submerge outlet 1 sufficiently for pressure flow to prevail during 218 time intervals.
NOTE 10185:  Finished computing simulation run "2%_24HR" at time 20Jun2014, 11:48:52.
