    -----DSS---ZOPEN:  Existing File Opened,  File: C:/Projects/EffectiveHMS QAQC/2009_Updated ModelsVer3.3/S-Luce Bayou/Hydrology-HMS/S114-00-00/S1140000.dss
                       Unit:   76;  DSS Versions - Software: 6-QA, File: 6-ND
 -----DSS---ZWRITE Unit   76; Vers.    5:  //S114A/PRECIP-INC/01JUN2007/15MIN/RUN:S1140000_10%/
 -----DSS---ZWRITE Unit   76; Vers.    5:  //S114A/PRECIP-CUM/01MAY2007/15MIN/RUN:S1140000_10%/
 -----DSS---ZWRITE Unit   76; Vers.    5:  //S114A/PRECIP-CUM/01JUN2007/15MIN/RUN:S1140000_10%/
 -----DSS--- ZREAD Unit   76; Vers.    5:  //S114A/PRECIP-INC/01JUN2007/15MIN/RUN:S1140000_10%/
 -----DSS---ZWRITE Unit   76; Vers.    5:  //S114A/PRECIP-EXCESS/01JUN2007/15MIN/RUN:S1140000_10%/
 -----DSS---ZWRITE Unit   76; Vers.    5:  //S114A/PRECIP-EXCESS-CUM/01MAY2007/15MIN/RUN:S1140000_10%/
 -----DSS---ZWRITE Unit   76; Vers.    5:  //S114A/PRECIP-EXCESS-CUM/01JUN2007/15MIN/RUN:S1140000_10%/
 -----DSS---ZWRITE Unit   76; Vers.    5:  //S114A/INFILTRATION/01JUN2007/15MIN/RUN:S1140000_10%/
 -----DSS--- ZREAD Unit   76; Vers.    5:  //S114A/PRECIP-INC/01JUN2007/15MIN/RUN:S1140000_10%/
 -----DSS--- ZREAD Unit   76; Vers.    5:  //S114A/PRECIP-INC/01JUN2007/15MIN/RUN:S1140000_10%/
 -----DSS--- ZREAD Unit   76; Vers.    5:  //S114A/PRECIP-EXCESS/01JUN2007/15MIN/RUN:S1140000_10%/
 -----DSS--- ZREAD Unit   76; Vers.    5:  //S114A/PRECIP-EXCESS/01JUN2007/15MIN/RUN:S1140000_10%/
 -----DSS---ZWRITE Unit   76; Vers.    7:  //S114A/PRECIP-LOSS/01JUN2007/15MIN/RUN:S1140000_10%/
 -----DSS--- ZREAD Unit   76; Vers.    5:  //S114A/PRECIP-EXCESS/01JUN2007/15MIN/RUN:S1140000_10%/
 -----DSS---ZWRITE Unit   76; Vers.    5:  //S114A/FLOW-DIRECT/01MAY2007/15MIN/RUN:S1140000_10%/
 -----DSS---ZWRITE Unit   76; Vers.    5:  //S114A/FLOW-DIRECT/01JUN2007/15MIN/RUN:S1140000_10%/
 -----DSS--- ZREAD Unit   76; Vers.    5:  //S114A/FLOW-DIRECT/01MAY2007/15MIN/RUN:S1140000_10%/
 -----DSS--- ZREAD Unit   76; Vers.    5:  //S114A/FLOW-DIRECT/01JUN2007/15MIN/RUN:S1140000_10%/
 -----DSS---ZWRITE Unit   76; Vers.    5:  //S114A/FLOW-BASE/01MAY2007/15MIN/RUN:S1140000_10%/
 -----DSS---ZWRITE Unit   76; Vers.    5:  //S114A/FLOW-BASE/01JUN2007/15MIN/RUN:S1140000_10%/
 -----DSS---ZWRITE Unit   76; Vers.    5:  //S114A/FLOW/01MAY2007/15MIN/RUN:S1140000_10%/
 -----DSS---ZWRITE Unit   76; Vers.    5:  //S114A/FLOW/01JUN2007/15MIN/RUN:S1140000_10%/
 -----DSS--- ZREAD Unit   76; Vers.    5:  //S114A/FLOW/01MAY2007/15MIN/RUN:S1140000_10%/
 -----DSS--- ZREAD Unit   76; Vers.    5:  //S114A/FLOW/01JUN2007/15MIN/RUN:S1140000_10%/
 -----DSS---ZWRITE Unit   76; Vers.    5:  //S1140000_0001_J/FLOW-COMBINE/01MAY2007/15MIN/RUN:S1140000_10%/
 -----DSS---ZWRITE Unit   76; Vers.    5:  //S1140000_0001_J/FLOW-COMBINE/01JUN2007/15MIN/RUN:S1140000_10%/
 -----DSS--- ZREAD Unit   76; Vers.    5:  //S1140000_0001_J/FLOW-COMBINE/01MAY2007/15MIN/RUN:S1140000_10%/
 -----DSS--- ZREAD Unit   76; Vers.    5:  //S1140000_0001_J/FLOW-COMBINE/01JUN2007/15MIN/RUN:S1140000_10%/
 -----DSS---ZWRITE Unit   76; Vers.    5:  //S1140000_0001_J/FLOW/01MAY2007/15MIN/RUN:S1140000_10%/
 -----DSS---ZWRITE Unit   76; Vers.    5:  //S1140000_0001_J/FLOW/01JUN2007/15MIN/RUN:S1140000_10%/
 -----DSS---ZWRITE Unit   76; Vers.    5:  //S1140000_0001_J/FLOW-LOCAL/01MAY2007/15MIN/RUN:S1140000_10%/
 -----DSS---ZWRITE Unit   76; Vers.    5:  //S1140000_0001_J/FLOW-LOCAL/01JUN2007/15MIN/RUN:S1140000_10%/
 -----DSS--- ZREAD Unit   76; Vers.    5:  //S1140000_0001_J/FLOW/01MAY2007/15MIN/RUN:S1140000_10%/
 -----DSS--- ZREAD Unit   76; Vers.    5:  //S1140000_0001_J/FLOW/01JUN2007/15MIN/RUN:S1140000_10%/
 -----DSS--- ZREAD Unit   76; Vers.    5:  //S114A/PRECIP-CUM/01MAY2007/15MIN/RUN:S1140000_10%/
 -----DSS--- ZREAD Unit   76; Vers.    5:  //S114A/PRECIP-CUM/01JUN2007/15MIN/RUN:S1140000_10%/
 -----DSS--- ZREAD Unit   76; Vers.    5:  //S114A/PRECIP-EXCESS/01JUN2007/15MIN/RUN:S1140000_10%/
 -----DSS--- ZREAD Unit   76; Vers.    5:  //S114A/PRECIP-EXCESS/01JUN2007/15MIN/RUN:S1140000_10%/
 -----DSS--- ZREAD Unit   76; Vers.    5:  //S114A/PRECIP-EXCESS/01JUN2007/15MIN/RUN:S1140000_10%/
 -----DSS--- ZREAD Unit   76; Vers.    5:  //S114A/PRECIP-EXCESS-CUM/01MAY2007/15MIN/RUN:S1140000_10%/
 -----DSS--- ZREAD Unit   76; Vers.    5:  //S114A/PRECIP-EXCESS-CUM/01JUN2007/15MIN/RUN:S1140000_10%/
 -----DSS--- ZREAD Unit   76; Vers.    5:  //S114A/PRECIP-EXCESS-CUM/01MAY2007/15MIN/RUN:S1140000_10%/
 -----DSS--- ZREAD Unit   76; Vers.    5:  //S114A/PRECIP-EXCESS-CUM/01JUN2007/15MIN/RUN:S1140000_10%/
 -----DSS--- ZREAD Unit   76; Vers.    5:  //S114A/PRECIP-EXCESS-CUM/01MAY2007/15MIN/RUN:S1140000_10%/
 -----DSS--- ZREAD Unit   76; Vers.    5:  //S114A/PRECIP-EXCESS-CUM/01JUN2007/15MIN/RUN:S1140000_10%/
 -----DSS--- ZREAD Unit   76; Vers.    5:  //S114A/PRECIP-EXCESS-CUM/01MAY2007/15MIN/RUN:S1140000_10%/
 -----DSS--- ZREAD Unit   76; Vers.    5:  //S114A/PRECIP-EXCESS-CUM/01JUN2007/15MIN/RUN:S1140000_10%/
 -----DSS--- ZREAD Unit   76; Vers.    5:  //S114A/PRECIP-INC/01JUN2007/15MIN/RUN:S1140000_10%/
 -----DSS--- ZREAD Unit   76; Vers.    5:  //S114A/PRECIP-INC/01JUN2007/15MIN/RUN:S1140000_10%/
 -----DSS--- ZREAD Unit   76; Vers.    5:  //S114A/PRECIP-EXCESS/01JUN2007/15MIN/RUN:S1140000_10%/
 -----DSS--- ZREAD Unit   76; Vers.    5:  //S114A/PRECIP-EXCESS/01JUN2007/15MIN/RUN:S1140000_10%/
 -----DSS---ZWRITE Unit   76; Vers.    8:  //S114A/PRECIP-LOSS/01JUN2007/15MIN/RUN:S1140000_10%/
 -----DSS--- ZREAD Unit   76; Vers.    8:  //S114A/PRECIP-LOSS/01JUN2007/15MIN/RUN:S1140000_10%/
 -----DSS--- ZREAD Unit   76; Vers.    8:  //S114A/PRECIP-LOSS/01JUN2007/15MIN/RUN:S1140000_10%/
 -----DSS--- ZREAD Unit   76; Vers.    8:  //S114A/PRECIP-LOSS/01JUN2007/15MIN/RUN:S1140000_10%/
 -----DSS--- ZREAD Unit   76; Vers.    8:  //S114A/PRECIP-LOSS/01JUN2007/15MIN/RUN:S1140000_10%/
 -----DSS--- ZREAD Unit   76; Vers.    5:  //S114A/PRECIP-INC/01JUN2007/15MIN/RUN:S1140000_10%/
 -----DSS--- ZREAD Unit   76; Vers.    5:  //S114A/PRECIP-INC/01JUN2007/15MIN/RUN:S1140000_10%/
 -----DSS--- ZREAD Unit   76; Vers.    5:  //S114A/PRECIP-EXCESS/01JUN2007/15MIN/RUN:S1140000_10%/
 -----DSS--- ZREAD Unit   76; Vers.    5:  //S114A/PRECIP-EXCESS/01JUN2007/15MIN/RUN:S1140000_10%/
 -----DSS---ZWRITE Unit   76; Vers.    9:  //S114A/PRECIP-LOSS/01JUN2007/15MIN/RUN:S1140000_10%/
 -----DSS--- ZREAD Unit   76; Vers.    9:  //S114A/PRECIP-LOSS/01JUN2007/15MIN/RUN:S1140000_10%/
 -----DSS---ZWRITE Unit   76; Vers.    2:  //S114A/PRECIP-LOSS-CUM/01MAY2007/15MIN/RUN:S1140000_10%/
 -----DSS---ZWRITE Unit   76; Vers.    2:  //S114A/PRECIP-LOSS-CUM/01JUN2007/15MIN/RUN:S1140000_10%/
 -----DSS--- ZREAD Unit   76; Vers.    2:  //S114A/PRECIP-LOSS-CUM/01MAY2007/15MIN/RUN:S1140000_10%/
 -----DSS--- ZREAD Unit   76; Vers.    2:  //S114A/PRECIP-LOSS-CUM/01JUN2007/15MIN/RUN:S1140000_10%/
 -----DSS--- ZREAD Unit   76; Vers.    2:  //S114A/PRECIP-LOSS-CUM/01MAY2007/15MIN/RUN:S1140000_10%/
 -----DSS--- ZREAD Unit   76; Vers.    2:  //S114A/PRECIP-LOSS-CUM/01JUN2007/15MIN/RUN:S1140000_10%/
 -----DSS--- ZREAD Unit   76; Vers.    2:  //S114A/PRECIP-LOSS-CUM/01MAY2007/15MIN/RUN:S1140000_10%/
 -----DSS--- ZREAD Unit   76; Vers.    2:  //S114A/PRECIP-LOSS-CUM/01JUN2007/15MIN/RUN:S1140000_10%/
 -----DSS--- ZREAD Unit   76; Vers.    2:  //S114A/PRECIP-LOSS-CUM/01MAY2007/15MIN/RUN:S1140000_10%/
 -----DSS--- ZREAD Unit   76; Vers.    2:  //S114A/PRECIP-LOSS-CUM/01JUN2007/15MIN/RUN:S1140000_10%/
 -----DSS--- ZREAD Unit   76; Vers.    5:  //S114A/FLOW-BASE/01MAY2007/15MIN/RUN:S1140000_10%/
 -----DSS--- ZREAD Unit   76; Vers.    5:  //S114A/FLOW-BASE/01JUN2007/15MIN/RUN:S1140000_10%/
 -----DSS--- ZREAD Unit   76; Vers.    5:  //S114A/FLOW/01MAY2007/15MIN/RUN:S1140000_10%/
 -----DSS--- ZREAD Unit   76; Vers.    5:  //S114A/FLOW/01JUN2007/15MIN/RUN:S1140000_10%/
 -----DSS--- ZREAD Unit   76; Vers.    5:  //S114A/FLOW/01MAY2007/15MIN/RUN:S1140000_10%/
 -----DSS--- ZREAD Unit   76; Vers.    5:  //S114A/FLOW/01JUN2007/15MIN/RUN:S1140000_10%/
 -----DSS--- ZREAD Unit   76; Vers.    5:  //S114A/FLOW/01MAY2007/15MIN/RUN:S1140000_10%/
 -----DSS--- ZREAD Unit   76; Vers.    5:  //S114A/FLOW/01JUN2007/15MIN/RUN:S1140000_10%/
 -----DSS--- ZREAD Unit   76; Vers.    5:  //S114A/FLOW/01MAY2007/15MIN/RUN:S1140000_10%/
 -----DSS--- ZREAD Unit   76; Vers.    5:  //S114A/FLOW/01JUN2007/15MIN/RUN:S1140000_10%/
 -----DSS--- ZREAD Unit   76; Vers.    5:  //S114A/FLOW/01MAY2007/15MIN/RUN:S1140000_10%/
 -----DSS--- ZREAD Unit   76; Vers.    5:  //S114A/FLOW/01JUN2007/15MIN/RUN:S1140000_10%/
 -----DSS--- ZREAD Unit   76; Vers.    5:  //S114A/FLOW/01MAY2007/15MIN/RUN:S1140000_10%/
 -----DSS--- ZREAD Unit   76; Vers.    5:  //S114A/FLOW/01JUN2007/15MIN/RUN:S1140000_10%/
 -----DSS--- ZREAD Unit   76; Vers.    5:  //S114A/FLOW/01MAY2007/15MIN/RUN:S1140000_10%/
 -----DSS--- ZREAD Unit   76; Vers.    5:  //S114A/FLOW/01JUN2007/15MIN/RUN:S1140000_10%/
 -----DSS--- ZREAD Unit   76; Vers.    5:  //S114A/FLOW/01MAY2007/15MIN/RUN:S1140000_10%/
 -----DSS--- ZREAD Unit   76; Vers.    5:  //S114A/FLOW/01JUN2007/15MIN/RUN:S1140000_10%/
 -----DSS--- ZREAD Unit   76; Vers.    5:  //S114A/FLOW/01MAY2007/15MIN/RUN:S1140000_10%/
 -----DSS--- ZREAD Unit   76; Vers.    5:  //S114A/FLOW/01JUN2007/15MIN/RUN:S1140000_10%/
 -----DSS--- ZREAD Unit   76; Vers.    5:  //S114A/FLOW/01MAY2007/15MIN/RUN:S1140000_10%/
 -----DSS--- ZREAD Unit   76; Vers.    5:  //S114A/FLOW/01JUN2007/15MIN/RUN:S1140000_10%/
 -----DSS--- ZREAD Unit   76; Vers.    5:  //S114A/FLOW/01MAY2007/15MIN/RUN:S1140000_10%/
 -----DSS--- ZREAD Unit   76; Vers.    5:  //S114A/FLOW/01JUN2007/15MIN/RUN:S1140000_10%/
 -----DSS--- ZREAD Unit   76; Vers.    5:  //S114A/FLOW/01MAY2007/15MIN/RUN:S1140000_10%/
 -----DSS--- ZREAD Unit   76; Vers.    5:  //S114A/FLOW/01JUN2007/15MIN/RUN:S1140000_10%/
 -----DSS--- ZREAD Unit   76; Vers.    5:  //S1140000_0001_J/FLOW/01MAY2007/15MIN/RUN:S1140000_10%/
 -----DSS--- ZREAD Unit   76; Vers.    5:  //S1140000_0001_J/FLOW/01JUN2007/15MIN/RUN:S1140000_10%/
 -----DSS--- ZREAD Unit   76; Vers.    5:  //S1140000_0001_J/FLOW/01MAY2007/15MIN/RUN:S1140000_10%/
 -----DSS--- ZREAD Unit   76; Vers.    5:  //S1140000_0001_J/FLOW/01JUN2007/15MIN/RUN:S1140000_10%/
 -----DSS--- ZREAD Unit   76; Vers.    5:  //S1140000_0001_J/FLOW/01MAY2007/15MIN/RUN:S1140000_10%/
 -----DSS--- ZREAD Unit   76; Vers.    5:  //S1140000_0001_J/FLOW/01JUN2007/15MIN/RUN:S1140000_10%/
 -----DSS--- ZREAD Unit   76; Vers.    5:  //S1140000_0001_J/FLOW/01MAY2007/15MIN/RUN:S1140000_10%/
 -----DSS--- ZREAD Unit   76; Vers.    5:  //S1140000_0001_J/FLOW/01JUN2007/15MIN/RUN:S1140000_10%/
 -----DSS--- ZREAD Unit   76; Vers.    5:  //S1140000_0001_J/FLOW/01MAY2007/15MIN/RUN:S1140000_10%/
 -----DSS--- ZREAD Unit   76; Vers.    5:  //S1140000_0001_J/FLOW/01JUN2007/15MIN/RUN:S1140000_10%/
 -----DSS--- ZREAD Unit   76; Vers.    5:  //S1140000_0001_J/FLOW/01MAY2007/15MIN/RUN:S1140000_10%/
 -----DSS--- ZREAD Unit   76; Vers.    5:  //S1140000_0001_J/FLOW/01JUN2007/15MIN/RUN:S1140000_10%/
 -----DSS--- ZREAD Unit   76; Vers.    5:  //S1140000_0001_J/FLOW/01MAY2007/15MIN/RUN:S1140000_10%/
 -----DSS--- ZREAD Unit   76; Vers.    5:  //S1140000_0001_J/FLOW/01JUN2007/15MIN/RUN:S1140000_10%/
 -----DSS--- ZREAD Unit   76; Vers.    5:  //S1140000_0001_J/FLOW/01MAY2007/15MIN/RUN:S1140000_10%/
 -----DSS--- ZREAD Unit   76; Vers.    5:  //S1140000_0001_J/FLOW/01JUN2007/15MIN/RUN:S1140000_10%/
 -----DSS--- ZREAD Unit   76; Vers.    5:  //S1140000_0001_J/FLOW/01MAY2007/15MIN/RUN:S1140000_10%/
 -----DSS--- ZREAD Unit   76; Vers.    5:  //S1140000_0001_J/FLOW/01JUN2007/15MIN/RUN:S1140000_10%/
 -----DSS--- ZREAD Unit   76; Vers.    5:  //S1140000_0001_J/FLOW/01MAY2007/15MIN/RUN:S1140000_10%/
 -----DSS--- ZREAD Unit   76; Vers.    5:  //S1140000_0001_J/FLOW/01JUN2007/15MIN/RUN:S1140000_10%/
 -----DSS--- ZREAD Unit   76; Vers.    5:  //S1140000_0001_J/FLOW/01MAY2007/15MIN/RUN:S1140000_10%/
 -----DSS--- ZREAD Unit   76; Vers.    5:  //S1140000_0001_J/FLOW/01JUN2007/15MIN/RUN:S1140000_10%/
 -----DSS--- ZREAD Unit   76; Vers.    5:  //S1140000_0001_J/FLOW/01MAY2007/15MIN/RUN:S1140000_10%/
 -----DSS--- ZREAD Unit   76; Vers.    5:  //S1140000_0001_J/FLOW/01JUN2007/15MIN/RUN:S1140000_10%/
 -----DSS--- ZREAD Unit   76; Vers.    5:  //S114A/FLOW/01MAY2007/15MIN/RUN:S1140000_10%/
 -----DSS--- ZREAD Unit   76; Vers.    5:  //S114A/FLOW/01JUN2007/15MIN/RUN:S1140000_10%/
 -----DSS--- ZREAD Unit   76; Vers.    5:  //S114A/FLOW/01MAY2007/15MIN/RUN:S1140000_10%/
 -----DSS--- ZREAD Unit   76; Vers.    5:  //S114A/FLOW/01JUN2007/15MIN/RUN:S1140000_10%/
 -----DSS--- ZREAD Unit   76; Vers.    5:  //S114A/FLOW/01MAY2007/15MIN/RUN:S1140000_10%/
 -----DSS--- ZREAD Unit   76; Vers.    5:  //S114A/FLOW/01JUN2007/15MIN/RUN:S1140000_10%/
 -----DSS--- ZREAD Unit   76; Vers.    5:  //S114A/FLOW/01MAY2007/15MIN/RUN:S1140000_10%/
 -----DSS--- ZREAD Unit   76; Vers.    5:  //S114A/FLOW/01JUN2007/15MIN/RUN:S1140000_10%/
 -----DSS--- ZREAD Unit   76; Vers.    5:  //S114A/FLOW/01MAY2007/15MIN/RUN:S1140000_10%/
 -----DSS--- ZREAD Unit   76; Vers.    5:  //S114A/FLOW/01JUN2007/15MIN/RUN:S1140000_10%/
 -----DSS--- ZREAD Unit   76; Vers.    5:  //S114A/FLOW/01MAY2007/15MIN/RUN:S1140000_10%/
 -----DSS--- ZREAD Unit   76; Vers.    5:  //S114A/FLOW/01JUN2007/15MIN/RUN:S1140000_10%/
 -----DSS--- ZREAD Unit   76; Vers.    5:  //S114A/FLOW/01MAY2007/15MIN/RUN:S1140000_10%/
 -----DSS--- ZREAD Unit   76; Vers.    5:  //S114A/FLOW/01JUN2007/15MIN/RUN:S1140000_10%/
 -----DSS--- ZREAD Unit   76; Vers.    5:  //S114A/FLOW/01MAY2007/15MIN/RUN:S1140000_10%/
 -----DSS--- ZREAD Unit   76; Vers.    5:  //S114A/FLOW/01JUN2007/15MIN/RUN:S1140000_10%/
 -----DSS--- ZREAD Unit   76; Vers.    5:  //S114A/FLOW/01MAY2007/15MIN/RUN:S1140000_10%/
 -----DSS--- ZREAD Unit   76; Vers.    5:  //S114A/FLOW/01JUN2007/15MIN/RUN:S1140000_10%/
 -----DSS--- ZREAD Unit   76; Vers.    5:  //S114A/FLOW/01MAY2007/15MIN/RUN:S1140000_10%/
 -----DSS--- ZREAD Unit   76; Vers.    5:  //S114A/FLOW/01JUN2007/15MIN/RUN:S1140000_10%/
 -----DSS--- ZREAD Unit   76; Vers.    5:  //S114A/FLOW/01MAY2007/15MIN/RUN:S1140000_10%/
 -----DSS--- ZREAD Unit   76; Vers.    5:  //S114A/FLOW/01JUN2007/15MIN/RUN:S1140000_10%/
 -----DSS--- ZREAD Unit   76; Vers.    5:  //S114A/FLOW/01MAY2007/15MIN/RUN:S1140000_10%/
 -----DSS--- ZREAD Unit   76; Vers.    5:  //S114A/FLOW/01JUN2007/15MIN/RUN:S1140000_10%/
 -----DSS---ZWRITE Unit   76; Vers.    6:  //S114A/PRECIP-INC/01JUN2007/15MIN/RUN:S1140000_2%/
 -----DSS---ZWRITE Unit   76; Vers.    6:  //S114A/PRECIP-CUM/01MAY2007/15MIN/RUN:S1140000_2%/
 -----DSS---ZWRITE Unit   76; Vers.    6:  //S114A/PRECIP-CUM/01JUN2007/15MIN/RUN:S1140000_2%/
 -----DSS--- ZREAD Unit   76; Vers.    6:  //S114A/PRECIP-INC/01JUN2007/15MIN/RUN:S1140000_2%/
 -----DSS---ZWRITE Unit   76; Vers.    6:  //S114A/PRECIP-EXCESS/01JUN2007/15MIN/RUN:S1140000_2%/
 -----DSS---ZWRITE Unit   76; Vers.    6:  //S114A/PRECIP-EXCESS-CUM/01MAY2007/15MIN/RUN:S1140000_2%/
 -----DSS---ZWRITE Unit   76; Vers.    6:  //S114A/PRECIP-EXCESS-CUM/01JUN2007/15MIN/RUN:S1140000_2%/
 -----DSS---ZWRITE Unit   76; Vers.    6:  //S114A/INFILTRATION/01JUN2007/15MIN/RUN:S1140000_2%/
 -----DSS--- ZREAD Unit   76; Vers.    6:  //S114A/PRECIP-INC/01JUN2007/15MIN/RUN:S1140000_2%/
 -----DSS--- ZREAD Unit   76; Vers.    6:  //S114A/PRECIP-INC/01JUN2007/15MIN/RUN:S1140000_2%/
 -----DSS--- ZREAD Unit   76; Vers.    6:  //S114A/PRECIP-EXCESS/01JUN2007/15MIN/RUN:S1140000_2%/
 -----DSS--- ZREAD Unit   76; Vers.    6:  //S114A/PRECIP-EXCESS/01JUN2007/15MIN/RUN:S1140000_2%/
 -----DSS---ZWRITE Unit   76; Vers.    8:  //S114A/PRECIP-LOSS/01JUN2007/15MIN/RUN:S1140000_2%/
 -----DSS--- ZREAD Unit   76; Vers.    6:  //S114A/PRECIP-EXCESS/01JUN2007/15MIN/RUN:S1140000_2%/
 -----DSS---ZWRITE Unit   76; Vers.    6:  //S114A/FLOW-DIRECT/01MAY2007/15MIN/RUN:S1140000_2%/
 -----DSS---ZWRITE Unit   76; Vers.    6:  //S114A/FLOW-DIRECT/01JUN2007/15MIN/RUN:S1140000_2%/
 -----DSS--- ZREAD Unit   76; Vers.    6:  //S114A/FLOW-DIRECT/01MAY2007/15MIN/RUN:S1140000_2%/
 -----DSS--- ZREAD Unit   76; Vers.    6:  //S114A/FLOW-DIRECT/01JUN2007/15MIN/RUN:S1140000_2%/
 -----DSS---ZWRITE Unit   76; Vers.    6:  //S114A/FLOW-BASE/01MAY2007/15MIN/RUN:S1140000_2%/
 -----DSS---ZWRITE Unit   76; Vers.    6:  //S114A/FLOW-BASE/01JUN2007/15MIN/RUN:S1140000_2%/
 -----DSS---ZWRITE Unit   76; Vers.    6:  //S114A/FLOW/01MAY2007/15MIN/RUN:S1140000_2%/
 -----DSS---ZWRITE Unit   76; Vers.    6:  //S114A/FLOW/01JUN2007/15MIN/RUN:S1140000_2%/
 -----DSS--- ZREAD Unit   76; Vers.    6:  //S114A/FLOW/01MAY2007/15MIN/RUN:S1140000_2%/
 -----DSS--- ZREAD Unit   76; Vers.    6:  //S114A/FLOW/01JUN2007/15MIN/RUN:S1140000_2%/
 -----DSS---ZWRITE Unit   76; Vers.    6:  //S1140000_0001_J/FLOW-COMBINE/01MAY2007/15MIN/RUN:S1140000_2%/
 -----DSS---ZWRITE Unit   76; Vers.    6:  //S1140000_0001_J/FLOW-COMBINE/01JUN2007/15MIN/RUN:S1140000_2%/
 -----DSS--- ZREAD Unit   76; Vers.    6:  //S1140000_0001_J/FLOW-COMBINE/01MAY2007/15MIN/RUN:S1140000_2%/
 -----DSS--- ZREAD Unit   76; Vers.    6:  //S1140000_0001_J/FLOW-COMBINE/01JUN2007/15MIN/RUN:S1140000_2%/
 -----DSS---ZWRITE Unit   76; Vers.    6:  //S1140000_0001_J/FLOW/01MAY2007/15MIN/RUN:S1140000_2%/
 -----DSS---ZWRITE Unit   76; Vers.    6:  //S1140000_0001_J/FLOW/01JUN2007/15MIN/RUN:S1140000_2%/
 -----DSS---ZWRITE Unit   76; Vers.    6:  //S1140000_0001_J/FLOW-LOCAL/01MAY2007/15MIN/RUN:S1140000_2%/
 -----DSS---ZWRITE Unit   76; Vers.    6:  //S1140000_0001_J/FLOW-LOCAL/01JUN2007/15MIN/RUN:S1140000_2%/
 -----DSS---ZWRITE Unit   76; Vers.    7:  //S114A/PRECIP-INC/01JUN2007/15MIN/RUN:S1140000_2%/
 -----DSS---ZWRITE Unit   76; Vers.    7:  //S114A/PRECIP-CUM/01MAY2007/15MIN/RUN:S1140000_2%/
 -----DSS---ZWRITE Unit   76; Vers.    7:  //S114A/PRECIP-CUM/01JUN2007/15MIN/RUN:S1140000_2%/
 -----DSS--- ZREAD Unit   76; Vers.    7:  //S114A/PRECIP-INC/01JUN2007/15MIN/RUN:S1140000_2%/
 -----DSS---ZWRITE Unit   76; Vers.    7:  //S114A/PRECIP-EXCESS/01JUN2007/15MIN/RUN:S1140000_2%/
 -----DSS---ZWRITE Unit   76; Vers.    7:  //S114A/PRECIP-EXCESS-CUM/01MAY2007/15MIN/RUN:S1140000_2%/
 -----DSS---ZWRITE Unit   76; Vers.    7:  //S114A/PRECIP-EXCESS-CUM/01JUN2007/15MIN/RUN:S1140000_2%/
 -----DSS---ZWRITE Unit   76; Vers.    7:  //S114A/INFILTRATION/01JUN2007/15MIN/RUN:S1140000_2%/
 -----DSS--- ZREAD Unit   76; Vers.    7:  //S114A/PRECIP-INC/01JUN2007/15MIN/RUN:S1140000_2%/
 -----DSS--- ZREAD Unit   76; Vers.    7:  //S114A/PRECIP-INC/01JUN2007/15MIN/RUN:S1140000_2%/
 -----DSS--- ZREAD Unit   76; Vers.    7:  //S114A/PRECIP-EXCESS/01JUN2007/15MIN/RUN:S1140000_2%/
 -----DSS--- ZREAD Unit   76; Vers.    7:  //S114A/PRECIP-EXCESS/01JUN2007/15MIN/RUN:S1140000_2%/
 -----DSS---ZWRITE Unit   76; Vers.    9:  //S114A/PRECIP-LOSS/01JUN2007/15MIN/RUN:S1140000_2%/
 -----DSS--- ZREAD Unit   76; Vers.    7:  //S114A/PRECIP-EXCESS/01JUN2007/15MIN/RUN:S1140000_2%/
 -----DSS---ZWRITE Unit   76; Vers.    7:  //S114A/FLOW-DIRECT/01MAY2007/15MIN/RUN:S1140000_2%/
 -----DSS---ZWRITE Unit   76; Vers.    7:  //S114A/FLOW-DIRECT/01JUN2007/15MIN/RUN:S1140000_2%/
 -----DSS--- ZREAD Unit   76; Vers.    7:  //S114A/FLOW-DIRECT/01MAY2007/15MIN/RUN:S1140000_2%/
 -----DSS--- ZREAD Unit   76; Vers.    7:  //S114A/FLOW-DIRECT/01JUN2007/15MIN/RUN:S1140000_2%/
 -----DSS---ZWRITE Unit   76; Vers.    7:  //S114A/FLOW-BASE/01MAY2007/15MIN/RUN:S1140000_2%/
 -----DSS---ZWRITE Unit   76; Vers.    7:  //S114A/FLOW-BASE/01JUN2007/15MIN/RUN:S1140000_2%/
 -----DSS---ZWRITE Unit   76; Vers.    7:  //S114A/FLOW/01MAY2007/15MIN/RUN:S1140000_2%/
 -----DSS---ZWRITE Unit   76; Vers.    7:  //S114A/FLOW/01JUN2007/15MIN/RUN:S1140000_2%/
 -----DSS--- ZREAD Unit   76; Vers.    7:  //S114A/FLOW/01MAY2007/15MIN/RUN:S1140000_2%/
 -----DSS--- ZREAD Unit   76; Vers.    7:  //S114A/FLOW/01JUN2007/15MIN/RUN:S1140000_2%/
 -----DSS---ZWRITE Unit   76; Vers.    7:  //S1140000_0001_J/FLOW-COMBINE/01MAY2007/15MIN/RUN:S1140000_2%/
 -----DSS---ZWRITE Unit   76; Vers.    7:  //S1140000_0001_J/FLOW-COMBINE/01JUN2007/15MIN/RUN:S1140000_2%/
 -----DSS--- ZREAD Unit   76; Vers.    7:  //S1140000_0001_J/FLOW-COMBINE/01MAY2007/15MIN/RUN:S1140000_2%/
 -----DSS--- ZREAD Unit   76; Vers.    7:  //S1140000_0001_J/FLOW-COMBINE/01JUN2007/15MIN/RUN:S1140000_2%/
 -----DSS---ZWRITE Unit   76; Vers.    7:  //S1140000_0001_J/FLOW/01MAY2007/15MIN/RUN:S1140000_2%/
 -----DSS---ZWRITE Unit   76; Vers.    7:  //S1140000_0001_J/FLOW/01JUN2007/15MIN/RUN:S1140000_2%/
 -----DSS---ZWRITE Unit   76; Vers.    7:  //S1140000_0001_J/FLOW-LOCAL/01MAY2007/15MIN/RUN:S1140000_2%/
 -----DSS---ZWRITE Unit   76; Vers.    7:  //S1140000_0001_J/FLOW-LOCAL/01JUN2007/15MIN/RUN:S1140000_2%/
 -----DSS--- ZREAD Unit   76; Vers.    7:  //S1140000_0001_J/FLOW/01MAY2007/15MIN/RUN:S1140000_2%/
 -----DSS--- ZREAD Unit   76; Vers.    7:  //S1140000_0001_J/FLOW/01JUN2007/15MIN/RUN:S1140000_2%/
 -----DSS--- ZREAD Unit   76; Vers.    7:  //S114A/PRECIP-CUM/01MAY2007/15MIN/RUN:S1140000_2%/
 -----DSS--- ZREAD Unit   76; Vers.    7:  //S114A/PRECIP-CUM/01JUN2007/15MIN/RUN:S1140000_2%/
 -----DSS--- ZREAD Unit   76; Vers.    7:  //S114A/PRECIP-EXCESS/01JUN2007/15MIN/RUN:S1140000_2%/
 -----DSS--- ZREAD Unit   76; Vers.    7:  //S114A/PRECIP-EXCESS/01JUN2007/15MIN/RUN:S1140000_2%/
 -----DSS--- ZREAD Unit   76; Vers.    7:  //S114A/PRECIP-EXCESS/01JUN2007/15MIN/RUN:S1140000_2%/
 -----DSS--- ZREAD Unit   76; Vers.    7:  //S114A/PRECIP-EXCESS-CUM/01MAY2007/15MIN/RUN:S1140000_2%/
 -----DSS--- ZREAD Unit   76; Vers.    7:  //S114A/PRECIP-EXCESS-CUM/01JUN2007/15MIN/RUN:S1140000_2%/
 -----DSS--- ZREAD Unit   76; Vers.    7:  //S114A/PRECIP-EXCESS-CUM/01MAY2007/15MIN/RUN:S1140000_2%/
 -----DSS--- ZREAD Unit   76; Vers.    7:  //S114A/PRECIP-EXCESS-CUM/01JUN2007/15MIN/RUN:S1140000_2%/
 -----DSS--- ZREAD Unit   76; Vers.    7:  //S114A/PRECIP-EXCESS-CUM/01MAY2007/15MIN/RUN:S1140000_2%/
 -----DSS--- ZREAD Unit   76; Vers.    7:  //S114A/PRECIP-EXCESS-CUM/01JUN2007/15MIN/RUN:S1140000_2%/
 -----DSS--- ZREAD Unit   76; Vers.    7:  //S114A/PRECIP-EXCESS-CUM/01MAY2007/15MIN/RUN:S1140000_2%/
 -----DSS--- ZREAD Unit   76; Vers.    7:  //S114A/PRECIP-EXCESS-CUM/01JUN2007/15MIN/RUN:S1140000_2%/
 -----DSS--- ZREAD Unit   76; Vers.    7:  //S114A/PRECIP-INC/01JUN2007/15MIN/RUN:S1140000_2%/
 -----DSS--- ZREAD Unit   76; Vers.    7:  //S114A/PRECIP-INC/01JUN2007/15MIN/RUN:S1140000_2%/
 -----DSS--- ZREAD Unit   76; Vers.    7:  //S114A/PRECIP-EXCESS/01JUN2007/15MIN/RUN:S1140000_2%/
 -----DSS--- ZREAD Unit   76; Vers.    7:  //S114A/PRECIP-EXCESS/01JUN2007/15MIN/RUN:S1140000_2%/
 -----DSS---ZWRITE Unit   76; Vers.   10:  //S114A/PRECIP-LOSS/01JUN2007/15MIN/RUN:S1140000_2%/
 -----DSS--- ZREAD Unit   76; Vers.   10:  //S114A/PRECIP-LOSS/01JUN2007/15MIN/RUN:S1140000_2%/
 -----DSS--- ZREAD Unit   76; Vers.   10:  //S114A/PRECIP-LOSS/01JUN2007/15MIN/RUN:S1140000_2%/
 -----DSS--- ZREAD Unit   76; Vers.   10:  //S114A/PRECIP-LOSS/01JUN2007/15MIN/RUN:S1140000_2%/
 -----DSS--- ZREAD Unit   76; Vers.   10:  //S114A/PRECIP-LOSS/01JUN2007/15MIN/RUN:S1140000_2%/
 -----DSS--- ZREAD Unit   76; Vers.    7:  //S114A/PRECIP-INC/01JUN2007/15MIN/RUN:S1140000_2%/
 -----DSS--- ZREAD Unit   76; Vers.    7:  //S114A/PRECIP-INC/01JUN2007/15MIN/RUN:S1140000_2%/
 -----DSS--- ZREAD Unit   76; Vers.    7:  //S114A/PRECIP-EXCESS/01JUN2007/15MIN/RUN:S1140000_2%/
 -----DSS--- ZREAD Unit   76; Vers.    7:  //S114A/PRECIP-EXCESS/01JUN2007/15MIN/RUN:S1140000_2%/
 -----DSS---ZWRITE Unit   76; Vers.   11:  //S114A/PRECIP-LOSS/01JUN2007/15MIN/RUN:S1140000_2%/
 -----DSS--- ZREAD Unit   76; Vers.   11:  //S114A/PRECIP-LOSS/01JUN2007/15MIN/RUN:S1140000_2%/
 -----DSS---ZWRITE Unit   76; Vers.    2:  //S114A/PRECIP-LOSS-CUM/01MAY2007/15MIN/RUN:S1140000_2%/
 -----DSS---ZWRITE Unit   76; Vers.    2:  //S114A/PRECIP-LOSS-CUM/01JUN2007/15MIN/RUN:S1140000_2%/
 -----DSS--- ZREAD Unit   76; Vers.    2:  //S114A/PRECIP-LOSS-CUM/01MAY2007/15MIN/RUN:S1140000_2%/
 -----DSS--- ZREAD Unit   76; Vers.    2:  //S114A/PRECIP-LOSS-CUM/01JUN2007/15MIN/RUN:S1140000_2%/
 -----DSS--- ZREAD Unit   76; Vers.    2:  //S114A/PRECIP-LOSS-CUM/01MAY2007/15MIN/RUN:S1140000_2%/
 -----DSS--- ZREAD Unit   76; Vers.    2:  //S114A/PRECIP-LOSS-CUM/01JUN2007/15MIN/RUN:S1140000_2%/
 -----DSS--- ZREAD Unit   76; Vers.    2:  //S114A/PRECIP-LOSS-CUM/01MAY2007/15MIN/RUN:S1140000_2%/
 -----DSS--- ZREAD Unit   76; Vers.    2:  //S114A/PRECIP-LOSS-CUM/01JUN2007/15MIN/RUN:S1140000_2%/
 -----DSS--- ZREAD Unit   76; Vers.    2:  //S114A/PRECIP-LOSS-CUM/01MAY2007/15MIN/RUN:S1140000_2%/
 -----DSS--- ZREAD Unit   76; Vers.    2:  //S114A/PRECIP-LOSS-CUM/01JUN2007/15MIN/RUN:S1140000_2%/
 -----DSS--- ZREAD Unit   76; Vers.    7:  //S114A/FLOW-BASE/01MAY2007/15MIN/RUN:S1140000_2%/
 -----DSS--- ZREAD Unit   76; Vers.    7:  //S114A/FLOW-BASE/01JUN2007/15MIN/RUN:S1140000_2%/
 -----DSS--- ZREAD Unit   76; Vers.    7:  //S114A/FLOW/01MAY2007/15MIN/RUN:S1140000_2%/
 -----DSS--- ZREAD Unit   76; Vers.    7:  //S114A/FLOW/01JUN2007/15MIN/RUN:S1140000_2%/
 -----DSS--- ZREAD Unit   76; Vers.    7:  //S114A/FLOW/01MAY2007/15MIN/RUN:S1140000_2%/
 -----DSS--- ZREAD Unit   76; Vers.    7:  //S114A/FLOW/01JUN2007/15MIN/RUN:S1140000_2%/
 -----DSS--- ZREAD Unit   76; Vers.    7:  //S114A/FLOW/01MAY2007/15MIN/RUN:S1140000_2%/
 -----DSS--- ZREAD Unit   76; Vers.    7:  //S114A/FLOW/01JUN2007/15MIN/RUN:S1140000_2%/
 -----DSS--- ZREAD Unit   76; Vers.    7:  //S114A/FLOW/01MAY2007/15MIN/RUN:S1140000_2%/
 -----DSS--- ZREAD Unit   76; Vers.    7:  //S114A/FLOW/01JUN2007/15MIN/RUN:S1140000_2%/
 -----DSS--- ZREAD Unit   76; Vers.    7:  //S114A/FLOW/01MAY2007/15MIN/RUN:S1140000_2%/
 -----DSS--- ZREAD Unit   76; Vers.    7:  //S114A/FLOW/01JUN2007/15MIN/RUN:S1140000_2%/
 -----DSS--- ZREAD Unit   76; Vers.    7:  //S114A/FLOW/01MAY2007/15MIN/RUN:S1140000_2%/
 -----DSS--- ZREAD Unit   76; Vers.    7:  //S114A/FLOW/01JUN2007/15MIN/RUN:S1140000_2%/
 -----DSS--- ZREAD Unit   76; Vers.    7:  //S114A/FLOW/01MAY2007/15MIN/RUN:S1140000_2%/
 -----DSS--- ZREAD Unit   76; Vers.    7:  //S114A/FLOW/01JUN2007/15MIN/RUN:S1140000_2%/
 -----DSS--- ZREAD Unit   76; Vers.    7:  //S114A/FLOW/01MAY2007/15MIN/RUN:S1140000_2%/
 -----DSS--- ZREAD Unit   76; Vers.    7:  //S114A/FLOW/01JUN2007/15MIN/RUN:S1140000_2%/
 -----DSS--- ZREAD Unit   76; Vers.    7:  //S114A/FLOW/01MAY2007/15MIN/RUN:S1140000_2%/
 -----DSS--- ZREAD Unit   76; Vers.    7:  //S114A/FLOW/01JUN2007/15MIN/RUN:S1140000_2%/
 -----DSS--- ZREAD Unit   76; Vers.    7:  //S114A/FLOW/01MAY2007/15MIN/RUN:S1140000_2%/
 -----DSS--- ZREAD Unit   76; Vers.    7:  //S114A/FLOW/01JUN2007/15MIN/RUN:S1140000_2%/
 -----DSS--- ZREAD Unit   76; Vers.    7:  //S114A/FLOW/01MAY2007/15MIN/RUN:S1140000_2%/
 -----DSS--- ZREAD Unit   76; Vers.    7:  //S114A/FLOW/01JUN2007/15MIN/RUN:S1140000_2%/
 -----DSS--- ZREAD Unit   76; Vers.    7:  //S114A/FLOW/01MAY2007/15MIN/RUN:S1140000_2%/
 -----DSS--- ZREAD Unit   76; Vers.    7:  //S114A/FLOW/01JUN2007/15MIN/RUN:S1140000_2%/
 -----DSS--- ZREAD Unit   76; Vers.    7:  //S1140000_0001_J/FLOW/01MAY2007/15MIN/RUN:S1140000_2%/
 -----DSS--- ZREAD Unit   76; Vers.    7:  //S1140000_0001_J/FLOW/01JUN2007/15MIN/RUN:S1140000_2%/
 -----DSS--- ZREAD Unit   76; Vers.    7:  //S1140000_0001_J/FLOW/01MAY2007/15MIN/RUN:S1140000_2%/
 -----DSS--- ZREAD Unit   76; Vers.    7:  //S1140000_0001_J/FLOW/01JUN2007/15MIN/RUN:S1140000_2%/
 -----DSS--- ZREAD Unit   76; Vers.    7:  //S1140000_0001_J/FLOW/01MAY2007/15MIN/RUN:S1140000_2%/
 -----DSS--- ZREAD Unit   76; Vers.    7:  //S1140000_0001_J/FLOW/01JUN2007/15MIN/RUN:S1140000_2%/
 -----DSS--- ZREAD Unit   76; Vers.    7:  //S1140000_0001_J/FLOW/01MAY2007/15MIN/RUN:S1140000_2%/
 -----DSS--- ZREAD Unit   76; Vers.    7:  //S1140000_0001_J/FLOW/01JUN2007/15MIN/RUN:S1140000_2%/
 -----DSS--- ZREAD Unit   76; Vers.    7:  //S1140000_0001_J/FLOW/01MAY2007/15MIN/RUN:S1140000_2%/
 -----DSS--- ZREAD Unit   76; Vers.    7:  //S1140000_0001_J/FLOW/01JUN2007/15MIN/RUN:S1140000_2%/
 -----DSS--- ZREAD Unit   76; Vers.    7:  //S1140000_0001_J/FLOW/01MAY2007/15MIN/RUN:S1140000_2%/
 -----DSS--- ZREAD Unit   76; Vers.    7:  //S1140000_0001_J/FLOW/01JUN2007/15MIN/RUN:S1140000_2%/
 -----DSS--- ZREAD Unit   76; Vers.    7:  //S1140000_0001_J/FLOW/01MAY2007/15MIN/RUN:S1140000_2%/
 -----DSS--- ZREAD Unit   76; Vers.    7:  //S1140000_0001_J/FLOW/01JUN2007/15MIN/RUN:S1140000_2%/
 -----DSS--- ZREAD Unit   76; Vers.    7:  //S1140000_0001_J/FLOW/01MAY2007/15MIN/RUN:S1140000_2%/
 -----DSS--- ZREAD Unit   76; Vers.    7:  //S1140000_0001_J/FLOW/01JUN2007/15MIN/RUN:S1140000_2%/
 -----DSS--- ZREAD Unit   76; Vers.    7:  //S1140000_0001_J/FLOW/01MAY2007/15MIN/RUN:S1140000_2%/
 -----DSS--- ZREAD Unit   76; Vers.    7:  //S1140000_0001_J/FLOW/01JUN2007/15MIN/RUN:S1140000_2%/
 -----DSS--- ZREAD Unit   76; Vers.    7:  //S1140000_0001_J/FLOW/01MAY2007/15MIN/RUN:S1140000_2%/
 -----DSS--- ZREAD Unit   76; Vers.    7:  //S1140000_0001_J/FLOW/01JUN2007/15MIN/RUN:S1140000_2%/
 -----DSS--- ZREAD Unit   76; Vers.    7:  //S1140000_0001_J/FLOW/01MAY2007/15MIN/RUN:S1140000_2%/
 -----DSS--- ZREAD Unit   76; Vers.    7:  //S1140000_0001_J/FLOW/01JUN2007/15MIN/RUN:S1140000_2%/
 -----DSS--- ZREAD Unit   76; Vers.    7:  //S1140000_0001_J/FLOW/01MAY2007/15MIN/RUN:S1140000_2%/
 -----DSS--- ZREAD Unit   76; Vers.    7:  //S1140000_0001_J/FLOW/01JUN2007/15MIN/RUN:S1140000_2%/
 -----DSS--- ZREAD Unit   76; Vers.    7:  //S114A/FLOW/01MAY2007/15MIN/RUN:S1140000_2%/
 -----DSS--- ZREAD Unit   76; Vers.    7:  //S114A/FLOW/01JUN2007/15MIN/RUN:S1140000_2%/
 -----DSS--- ZREAD Unit   76; Vers.    7:  //S114A/FLOW/01MAY2007/15MIN/RUN:S1140000_2%/
 -----DSS--- ZREAD Unit   76; Vers.    7:  //S114A/FLOW/01JUN2007/15MIN/RUN:S1140000_2%/
 -----DSS--- ZREAD Unit   76; Vers.    7:  //S114A/FLOW/01MAY2007/15MIN/RUN:S1140000_2%/
 -----DSS--- ZREAD Unit   76; Vers.    7:  //S114A/FLOW/01JUN2007/15MIN/RUN:S1140000_2%/
 -----DSS--- ZREAD Unit   76; Vers.    7:  //S114A/FLOW/01MAY2007/15MIN/RUN:S1140000_2%/
 -----DSS--- ZREAD Unit   76; Vers.    7:  //S114A/FLOW/01JUN2007/15MIN/RUN:S1140000_2%/
 -----DSS--- ZREAD Unit   76; Vers.    7:  //S114A/FLOW/01MAY2007/15MIN/RUN:S1140000_2%/
 -----DSS--- ZREAD Unit   76; Vers.    7:  //S114A/FLOW/01JUN2007/15MIN/RUN:S1140000_2%/
 -----DSS--- ZREAD Unit   76; Vers.    7:  //S114A/FLOW/01MAY2007/15MIN/RUN:S1140000_2%/
 -----DSS--- ZREAD Unit   76; Vers.    7:  //S114A/FLOW/01JUN2007/15MIN/RUN:S1140000_2%/
 -----DSS--- ZREAD Unit   76; Vers.    7:  //S114A/FLOW/01MAY2007/15MIN/RUN:S1140000_2%/
 -----DSS--- ZREAD Unit   76; Vers.    7:  //S114A/FLOW/01JUN2007/15MIN/RUN:S1140000_2%/
 -----DSS--- ZREAD Unit   76; Vers.    7:  //S114A/FLOW/01MAY2007/15MIN/RUN:S1140000_2%/
 -----DSS--- ZREAD Unit   76; Vers.    7:  //S114A/FLOW/01JUN2007/15MIN/RUN:S1140000_2%/
 -----DSS--- ZREAD Unit   76; Vers.    7:  //S114A/FLOW/01MAY2007/15MIN/RUN:S1140000_2%/
 -----DSS--- ZREAD Unit   76; Vers.    7:  //S114A/FLOW/01JUN2007/15MIN/RUN:S1140000_2%/
 -----DSS--- ZREAD Unit   76; Vers.    7:  //S114A/FLOW/01MAY2007/15MIN/RUN:S1140000_2%/
 -----DSS--- ZREAD Unit   76; Vers.    7:  //S114A/FLOW/01JUN2007/15MIN/RUN:S1140000_2%/
 -----DSS--- ZREAD Unit   76; Vers.    7:  //S114A/FLOW/01MAY2007/15MIN/RUN:S1140000_2%/
 -----DSS--- ZREAD Unit   76; Vers.    7:  //S114A/FLOW/01JUN2007/15MIN/RUN:S1140000_2%/
 -----DSS--- ZREAD Unit   76; Vers.    7:  //S114A/FLOW/01MAY2007/15MIN/RUN:S1140000_2%/
 -----DSS--- ZREAD Unit   76; Vers.    7:  //S114A/FLOW/01JUN2007/15MIN/RUN:S1140000_2%/
 -----DSS---ZWRITE Unit   76; Vers.    5:  //S114A/PRECIP-INC/01JUN2007/15MIN/RUN:S1140000_1%/
 -----DSS---ZWRITE Unit   76; Vers.    5:  //S114A/PRECIP-CUM/01MAY2007/15MIN/RUN:S1140000_1%/
 -----DSS---ZWRITE Unit   76; Vers.    5:  //S114A/PRECIP-CUM/01JUN2007/15MIN/RUN:S1140000_1%/
 -----DSS--- ZREAD Unit   76; Vers.    5:  //S114A/PRECIP-INC/01JUN2007/15MIN/RUN:S1140000_1%/
 -----DSS---ZWRITE Unit   76; Vers.    5:  //S114A/PRECIP-EXCESS/01JUN2007/15MIN/RUN:S1140000_1%/
 -----DSS---ZWRITE Unit   76; Vers.    5:  //S114A/PRECIP-EXCESS-CUM/01MAY2007/15MIN/RUN:S1140000_1%/
 -----DSS---ZWRITE Unit   76; Vers.    5:  //S114A/PRECIP-EXCESS-CUM/01JUN2007/15MIN/RUN:S1140000_1%/
 -----DSS---ZWRITE Unit   76; Vers.    5:  //S114A/INFILTRATION/01JUN2007/15MIN/RUN:S1140000_1%/
 -----DSS--- ZREAD Unit   76; Vers.    5:  //S114A/PRECIP-INC/01JUN2007/15MIN/RUN:S1140000_1%/
 -----DSS--- ZREAD Unit   76; Vers.    5:  //S114A/PRECIP-INC/01JUN2007/15MIN/RUN:S1140000_1%/
 -----DSS--- ZREAD Unit   76; Vers.    5:  //S114A/PRECIP-EXCESS/01JUN2007/15MIN/RUN:S1140000_1%/
 -----DSS--- ZREAD Unit   76; Vers.    5:  //S114A/PRECIP-EXCESS/01JUN2007/15MIN/RUN:S1140000_1%/
 -----DSS---ZWRITE Unit   76; Vers.    7:  //S114A/PRECIP-LOSS/01JUN2007/15MIN/RUN:S1140000_1%/
 -----DSS--- ZREAD Unit   76; Vers.    5:  //S114A/PRECIP-EXCESS/01JUN2007/15MIN/RUN:S1140000_1%/
 -----DSS---ZWRITE Unit   76; Vers.    5:  //S114A/FLOW-DIRECT/01MAY2007/15MIN/RUN:S1140000_1%/
 -----DSS---ZWRITE Unit   76; Vers.    5:  //S114A/FLOW-DIRECT/01JUN2007/15MIN/RUN:S1140000_1%/
 -----DSS--- ZREAD Unit   76; Vers.    5:  //S114A/FLOW-DIRECT/01MAY2007/15MIN/RUN:S1140000_1%/
 -----DSS--- ZREAD Unit   76; Vers.    5:  //S114A/FLOW-DIRECT/01JUN2007/15MIN/RUN:S1140000_1%/
 -----DSS---ZWRITE Unit   76; Vers.    5:  //S114A/FLOW-BASE/01MAY2007/15MIN/RUN:S1140000_1%/
 -----DSS---ZWRITE Unit   76; Vers.    5:  //S114A/FLOW-BASE/01JUN2007/15MIN/RUN:S1140000_1%/
 -----DSS---ZWRITE Unit   76; Vers.    5:  //S114A/FLOW/01MAY2007/15MIN/RUN:S1140000_1%/
 -----DSS---ZWRITE Unit   76; Vers.    5:  //S114A/FLOW/01JUN2007/15MIN/RUN:S1140000_1%/
 -----DSS--- ZREAD Unit   76; Vers.    5:  //S114A/FLOW/01MAY2007/15MIN/RUN:S1140000_1%/
 -----DSS--- ZREAD Unit   76; Vers.    5:  //S114A/FLOW/01JUN2007/15MIN/RUN:S1140000_1%/
 -----DSS---ZWRITE Unit   76; Vers.    5:  //S1140000_0001_J/FLOW-COMBINE/01MAY2007/15MIN/RUN:S1140000_1%/
 -----DSS---ZWRITE Unit   76; Vers.    5:  //S1140000_0001_J/FLOW-COMBINE/01JUN2007/15MIN/RUN:S1140000_1%/
 -----DSS--- ZREAD Unit   76; Vers.    5:  //S1140000_0001_J/FLOW-COMBINE/01MAY2007/15MIN/RUN:S1140000_1%/
 -----DSS--- ZREAD Unit   76; Vers.    5:  //S1140000_0001_J/FLOW-COMBINE/01JUN2007/15MIN/RUN:S1140000_1%/
 -----DSS---ZWRITE Unit   76; Vers.    5:  //S1140000_0001_J/FLOW/01MAY2007/15MIN/RUN:S1140000_1%/
 -----DSS---ZWRITE Unit   76; Vers.    5:  //S1140000_0001_J/FLOW/01JUN2007/15MIN/RUN:S1140000_1%/
 -----DSS---ZWRITE Unit   76; Vers.    5:  //S1140000_0001_J/FLOW-LOCAL/01MAY2007/15MIN/RUN:S1140000_1%/
 -----DSS---ZWRITE Unit   76; Vers.    5:  //S1140000_0001_J/FLOW-LOCAL/01JUN2007/15MIN/RUN:S1140000_1%/
 -----DSS--- ZREAD Unit   76; Vers.    5:  //S1140000_0001_J/FLOW/01MAY2007/15MIN/RUN:S1140000_1%/
 -----DSS--- ZREAD Unit   76; Vers.    5:  //S1140000_0001_J/FLOW/01JUN2007/15MIN/RUN:S1140000_1%/
 -----DSS--- ZREAD Unit   76; Vers.    5:  //S114A/PRECIP-CUM/01MAY2007/15MIN/RUN:S1140000_1%/
 -----DSS--- ZREAD Unit   76; Vers.    5:  //S114A/PRECIP-CUM/01JUN2007/15MIN/RUN:S1140000_1%/
 -----DSS--- ZREAD Unit   76; Vers.    5:  //S114A/PRECIP-EXCESS/01JUN2007/15MIN/RUN:S1140000_1%/
 -----DSS--- ZREAD Unit   76; Vers.    5:  //S114A/PRECIP-EXCESS/01JUN2007/15MIN/RUN:S1140000_1%/
 -----DSS--- ZREAD Unit   76; Vers.    5:  //S114A/PRECIP-EXCESS/01JUN2007/15MIN/RUN:S1140000_1%/
 -----DSS--- ZREAD Unit   76; Vers.    5:  //S114A/PRECIP-EXCESS-CUM/01MAY2007/15MIN/RUN:S1140000_1%/
 -----DSS--- ZREAD Unit   76; Vers.    5:  //S114A/PRECIP-EXCESS-CUM/01JUN2007/15MIN/RUN:S1140000_1%/
 -----DSS--- ZREAD Unit   76; Vers.    5:  //S114A/PRECIP-EXCESS-CUM/01MAY2007/15MIN/RUN:S1140000_1%/
 -----DSS--- ZREAD Unit   76; Vers.    5:  //S114A/PRECIP-EXCESS-CUM/01JUN2007/15MIN/RUN:S1140000_1%/
 -----DSS--- ZREAD Unit   76; Vers.    5:  //S114A/PRECIP-EXCESS-CUM/01MAY2007/15MIN/RUN:S1140000_1%/
 -----DSS--- ZREAD Unit   76; Vers.    5:  //S114A/PRECIP-EXCESS-CUM/01JUN2007/15MIN/RUN:S1140000_1%/
 -----DSS--- ZREAD Unit   76; Vers.    5:  //S114A/PRECIP-EXCESS-CUM/01MAY2007/15MIN/RUN:S1140000_1%/
 -----DSS--- ZREAD Unit   76; Vers.    5:  //S114A/PRECIP-EXCESS-CUM/01JUN2007/15MIN/RUN:S1140000_1%/
 -----DSS--- ZREAD Unit   76; Vers.    5:  //S114A/PRECIP-INC/01JUN2007/15MIN/RUN:S1140000_1%/
 -----DSS--- ZREAD Unit   76; Vers.    5:  //S114A/PRECIP-INC/01JUN2007/15MIN/RUN:S1140000_1%/
 -----DSS--- ZREAD Unit   76; Vers.    5:  //S114A/PRECIP-EXCESS/01JUN2007/15MIN/RUN:S1140000_1%/
 -----DSS--- ZREAD Unit   76; Vers.    5:  //S114A/PRECIP-EXCESS/01JUN2007/15MIN/RUN:S1140000_1%/
 -----DSS---ZWRITE Unit   76; Vers.    8:  //S114A/PRECIP-LOSS/01JUN2007/15MIN/RUN:S1140000_1%/
 -----DSS--- ZREAD Unit   76; Vers.    8:  //S114A/PRECIP-LOSS/01JUN2007/15MIN/RUN:S1140000_1%/
 -----DSS--- ZREAD Unit   76; Vers.    8:  //S114A/PRECIP-LOSS/01JUN2007/15MIN/RUN:S1140000_1%/
 -----DSS--- ZREAD Unit   76; Vers.    8:  //S114A/PRECIP-LOSS/01JUN2007/15MIN/RUN:S1140000_1%/
 -----DSS--- ZREAD Unit   76; Vers.    8:  //S114A/PRECIP-LOSS/01JUN2007/15MIN/RUN:S1140000_1%/
 -----DSS--- ZREAD Unit   76; Vers.    5:  //S114A/PRECIP-INC/01JUN2007/15MIN/RUN:S1140000_1%/
 -----DSS--- ZREAD Unit   76; Vers.    5:  //S114A/PRECIP-INC/01JUN2007/15MIN/RUN:S1140000_1%/
 -----DSS--- ZREAD Unit   76; Vers.    5:  //S114A/PRECIP-EXCESS/01JUN2007/15MIN/RUN:S1140000_1%/
 -----DSS--- ZREAD Unit   76; Vers.    5:  //S114A/PRECIP-EXCESS/01JUN2007/15MIN/RUN:S1140000_1%/
 -----DSS---ZWRITE Unit   76; Vers.    9:  //S114A/PRECIP-LOSS/01JUN2007/15MIN/RUN:S1140000_1%/
 -----DSS--- ZREAD Unit   76; Vers.    9:  //S114A/PRECIP-LOSS/01JUN2007/15MIN/RUN:S1140000_1%/
 -----DSS---ZWRITE Unit   76; Vers.    2:  //S114A/PRECIP-LOSS-CUM/01MAY2007/15MIN/RUN:S1140000_1%/
 -----DSS---ZWRITE Unit   76; Vers.    2:  //S114A/PRECIP-LOSS-CUM/01JUN2007/15MIN/RUN:S1140000_1%/
 -----DSS--- ZREAD Unit   76; Vers.    2:  //S114A/PRECIP-LOSS-CUM/01MAY2007/15MIN/RUN:S1140000_1%/
 -----DSS--- ZREAD Unit   76; Vers.    2:  //S114A/PRECIP-LOSS-CUM/01JUN2007/15MIN/RUN:S1140000_1%/
 -----DSS--- ZREAD Unit   76; Vers.    2:  //S114A/PRECIP-LOSS-CUM/01MAY2007/15MIN/RUN:S1140000_1%/
 -----DSS--- ZREAD Unit   76; Vers.    2:  //S114A/PRECIP-LOSS-CUM/01JUN2007/15MIN/RUN:S1140000_1%/
 -----DSS--- ZREAD Unit   76; Vers.    2:  //S114A/PRECIP-LOSS-CUM/01MAY2007/15MIN/RUN:S1140000_1%/
 -----DSS--- ZREAD Unit   76; Vers.    2:  //S114A/PRECIP-LOSS-CUM/01JUN2007/15MIN/RUN:S1140000_1%/
 -----DSS--- ZREAD Unit   76; Vers.    2:  //S114A/PRECIP-LOSS-CUM/01MAY2007/15MIN/RUN:S1140000_1%/
 -----DSS--- ZREAD Unit   76; Vers.    2:  //S114A/PRECIP-LOSS-CUM/01JUN2007/15MIN/RUN:S1140000_1%/
 -----DSS--- ZREAD Unit   76; Vers.    5:  //S114A/FLOW-BASE/01MAY2007/15MIN/RUN:S1140000_1%/
 -----DSS--- ZREAD Unit   76; Vers.    5:  //S114A/FLOW-BASE/01JUN2007/15MIN/RUN:S1140000_1%/
 -----DSS--- ZREAD Unit   76; Vers.    5:  //S114A/FLOW/01MAY2007/15MIN/RUN:S1140000_1%/
 -----DSS--- ZREAD Unit   76; Vers.    5:  //S114A/FLOW/01JUN2007/15MIN/RUN:S1140000_1%/
 -----DSS--- ZREAD Unit   76; Vers.    5:  //S114A/FLOW/01MAY2007/15MIN/RUN:S1140000_1%/
 -----DSS--- ZREAD Unit   76; Vers.    5:  //S114A/FLOW/01JUN2007/15MIN/RUN:S1140000_1%/
 -----DSS--- ZREAD Unit   76; Vers.    5:  //S114A/FLOW/01MAY2007/15MIN/RUN:S1140000_1%/
 -----DSS--- ZREAD Unit   76; Vers.    5:  //S114A/FLOW/01JUN2007/15MIN/RUN:S1140000_1%/
 -----DSS--- ZREAD Unit   76; Vers.    5:  //S114A/FLOW/01MAY2007/15MIN/RUN:S1140000_1%/
 -----DSS--- ZREAD Unit   76; Vers.    5:  //S114A/FLOW/01JUN2007/15MIN/RUN:S1140000_1%/
 -----DSS--- ZREAD Unit   76; Vers.    5:  //S114A/FLOW/01MAY2007/15MIN/RUN:S1140000_1%/
 -----DSS--- ZREAD Unit   76; Vers.    5:  //S114A/FLOW/01JUN2007/15MIN/RUN:S1140000_1%/
 -----DSS--- ZREAD Unit   76; Vers.    5:  //S114A/FLOW/01MAY2007/15MIN/RUN:S1140000_1%/
 -----DSS--- ZREAD Unit   76; Vers.    5:  //S114A/FLOW/01JUN2007/15MIN/RUN:S1140000_1%/
 -----DSS--- ZREAD Unit   76; Vers.    5:  //S114A/FLOW/01MAY2007/15MIN/RUN:S1140000_1%/
 -----DSS--- ZREAD Unit   76; Vers.    5:  //S114A/FLOW/01JUN2007/15MIN/RUN:S1140000_1%/
 -----DSS--- ZREAD Unit   76; Vers.    5:  //S114A/FLOW/01MAY2007/15MIN/RUN:S1140000_1%/
 -----DSS--- ZREAD Unit   76; Vers.    5:  //S114A/FLOW/01JUN2007/15MIN/RUN:S1140000_1%/
 -----DSS--- ZREAD Unit   76; Vers.    5:  //S114A/FLOW/01MAY2007/15MIN/RUN:S1140000_1%/
 -----DSS--- ZREAD Unit   76; Vers.    5:  //S114A/FLOW/01JUN2007/15MIN/RUN:S1140000_1%/
 -----DSS--- ZREAD Unit   76; Vers.    5:  //S114A/FLOW/01MAY2007/15MIN/RUN:S1140000_1%/
 -----DSS--- ZREAD Unit   76; Vers.    5:  //S114A/FLOW/01JUN2007/15MIN/RUN:S1140000_1%/
 -----DSS--- ZREAD Unit   76; Vers.    5:  //S114A/FLOW/01MAY2007/15MIN/RUN:S1140000_1%/
 -----DSS--- ZREAD Unit   76; Vers.    5:  //S114A/FLOW/01JUN2007/15MIN/RUN:S1140000_1%/
 -----DSS--- ZREAD Unit   76; Vers.    5:  //S114A/FLOW/01MAY2007/15MIN/RUN:S1140000_1%/
 -----DSS--- ZREAD Unit   76; Vers.    5:  //S114A/FLOW/01JUN2007/15MIN/RUN:S1140000_1%/
 -----DSS--- ZREAD Unit   76; Vers.    5:  //S1140000_0001_J/FLOW/01MAY2007/15MIN/RUN:S1140000_1%/
 -----DSS--- ZREAD Unit   76; Vers.    5:  //S1140000_0001_J/FLOW/01JUN2007/15MIN/RUN:S1140000_1%/
 -----DSS--- ZREAD Unit   76; Vers.    5:  //S1140000_0001_J/FLOW/01MAY2007/15MIN/RUN:S1140000_1%/
 -----DSS--- ZREAD Unit   76; Vers.    5:  //S1140000_0001_J/FLOW/01JUN2007/15MIN/RUN:S1140000_1%/
 -----DSS--- ZREAD Unit   76; Vers.    5:  //S1140000_0001_J/FLOW/01MAY2007/15MIN/RUN:S1140000_1%/
 -----DSS--- ZREAD Unit   76; Vers.    5:  //S1140000_0001_J/FLOW/01JUN2007/15MIN/RUN:S1140000_1%/
 -----DSS--- ZREAD Unit   76; Vers.    5:  //S1140000_0001_J/FLOW/01MAY2007/15MIN/RUN:S1140000_1%/
 -----DSS--- ZREAD Unit   76; Vers.    5:  //S1140000_0001_J/FLOW/01JUN2007/15MIN/RUN:S1140000_1%/
 -----DSS--- ZREAD Unit   76; Vers.    5:  //S1140000_0001_J/FLOW/01MAY2007/15MIN/RUN:S1140000_1%/
 -----DSS--- ZREAD Unit   76; Vers.    5:  //S1140000_0001_J/FLOW/01JUN2007/15MIN/RUN:S1140000_1%/
 -----DSS--- ZREAD Unit   76; Vers.    5:  //S1140000_0001_J/FLOW/01MAY2007/15MIN/RUN:S1140000_1%/
 -----DSS--- ZREAD Unit   76; Vers.    5:  //S1140000_0001_J/FLOW/01JUN2007/15MIN/RUN:S1140000_1%/
 -----DSS--- ZREAD Unit   76; Vers.    5:  //S1140000_0001_J/FLOW/01MAY2007/15MIN/RUN:S1140000_1%/
 -----DSS--- ZREAD Unit   76; Vers.    5:  //S1140000_0001_J/FLOW/01JUN2007/15MIN/RUN:S1140000_1%/
 -----DSS--- ZREAD Unit   76; Vers.    5:  //S1140000_0001_J/FLOW/01MAY2007/15MIN/RUN:S1140000_1%/
 -----DSS--- ZREAD Unit   76; Vers.    5:  //S1140000_0001_J/FLOW/01JUN2007/15MIN/RUN:S1140000_1%/
 -----DSS--- ZREAD Unit   76; Vers.    5:  //S1140000_0001_J/FLOW/01MAY2007/15MIN/RUN:S1140000_1%/
 -----DSS--- ZREAD Unit   76; Vers.    5:  //S1140000_0001_J/FLOW/01JUN2007/15MIN/RUN:S1140000_1%/
 -----DSS--- ZREAD Unit   76; Vers.    5:  //S1140000_0001_J/FLOW/01MAY2007/15MIN/RUN:S1140000_1%/
 -----DSS--- ZREAD Unit   76; Vers.    5:  //S1140000_0001_J/FLOW/01JUN2007/15MIN/RUN:S1140000_1%/
 -----DSS--- ZREAD Unit   76; Vers.    5:  //S1140000_0001_J/FLOW/01MAY2007/15MIN/RUN:S1140000_1%/
 -----DSS--- ZREAD Unit   76; Vers.    5:  //S1140000_0001_J/FLOW/01JUN2007/15MIN/RUN:S1140000_1%/
 -----DSS--- ZREAD Unit   76; Vers.    5:  //S1140000_0001_J/FLOW/01MAY2007/15MIN/RUN:S1140000_1%/
 -----DSS--- ZREAD Unit   76; Vers.    5:  //S1140000_0001_J/FLOW/01JUN2007/15MIN/RUN:S1140000_1%/
 -----DSS--- ZREAD Unit   76; Vers.    5:  //S114A/FLOW/01MAY2007/15MIN/RUN:S1140000_1%/
 -----DSS--- ZREAD Unit   76; Vers.    5:  //S114A/FLOW/01JUN2007/15MIN/RUN:S1140000_1%/
 -----DSS--- ZREAD Unit   76; Vers.    5:  //S114A/FLOW/01MAY2007/15MIN/RUN:S1140000_1%/
 -----DSS--- ZREAD Unit   76; Vers.    5:  //S114A/FLOW/01JUN2007/15MIN/RUN:S1140000_1%/
 -----DSS--- ZREAD Unit   76; Vers.    5:  //S114A/FLOW/01MAY2007/15MIN/RUN:S1140000_1%/
 -----DSS--- ZREAD Unit   76; Vers.    5:  //S114A/FLOW/01JUN2007/15MIN/RUN:S1140000_1%/
 -----DSS--- ZREAD Unit   76; Vers.    5:  //S114A/FLOW/01MAY2007/15MIN/RUN:S1140000_1%/
 -----DSS--- ZREAD Unit   76; Vers.    5:  //S114A/FLOW/01JUN2007/15MIN/RUN:S1140000_1%/
 -----DSS--- ZREAD Unit   76; Vers.    5:  //S114A/FLOW/01MAY2007/15MIN/RUN:S1140000_1%/
 -----DSS--- ZREAD Unit   76; Vers.    5:  //S114A/FLOW/01JUN2007/15MIN/RUN:S1140000_1%/
 -----DSS--- ZREAD Unit   76; Vers.    5:  //S114A/FLOW/01MAY2007/15MIN/RUN:S1140000_1%/
 -----DSS--- ZREAD Unit   76; Vers.    5:  //S114A/FLOW/01JUN2007/15MIN/RUN:S1140000_1%/
 -----DSS--- ZREAD Unit   76; Vers.    5:  //S114A/FLOW/01MAY2007/15MIN/RUN:S1140000_1%/
 -----DSS--- ZREAD Unit   76; Vers.    5:  //S114A/FLOW/01JUN2007/15MIN/RUN:S1140000_1%/
 -----DSS--- ZREAD Unit   76; Vers.    5:  //S114A/FLOW/01MAY2007/15MIN/RUN:S1140000_1%/
 -----DSS--- ZREAD Unit   76; Vers.    5:  //S114A/FLOW/01JUN2007/15MIN/RUN:S1140000_1%/
 -----DSS--- ZREAD Unit   76; Vers.    5:  //S114A/FLOW/01MAY2007/15MIN/RUN:S1140000_1%/
 -----DSS--- ZREAD Unit   76; Vers.    5:  //S114A/FLOW/01JUN2007/15MIN/RUN:S1140000_1%/
 -----DSS--- ZREAD Unit   76; Vers.    5:  //S114A/FLOW/01MAY2007/15MIN/RUN:S1140000_1%/
 -----DSS--- ZREAD Unit   76; Vers.    5:  //S114A/FLOW/01JUN2007/15MIN/RUN:S1140000_1%/
 -----DSS--- ZREAD Unit   76; Vers.    5:  //S114A/FLOW/01MAY2007/15MIN/RUN:S1140000_1%/
 -----DSS--- ZREAD Unit   76; Vers.    5:  //S114A/FLOW/01JUN2007/15MIN/RUN:S1140000_1%/
 -----DSS--- ZREAD Unit   76; Vers.    5:  //S114A/FLOW/01MAY2007/15MIN/RUN:S1140000_1%/
 -----DSS--- ZREAD Unit   76; Vers.    5:  //S114A/FLOW/01JUN2007/15MIN/RUN:S1140000_1%/
 -----DSS---ZWRITE Unit   76; Vers.    6:  //S114A/PRECIP-INC/01JUN2007/15MIN/RUN:S1140000_0.2%/
 -----DSS---ZWRITE Unit   76; Vers.    6:  //S114A/PRECIP-CUM/01MAY2007/15MIN/RUN:S1140000_0.2%/
 -----DSS---ZWRITE Unit   76; Vers.    6:  //S114A/PRECIP-CUM/01JUN2007/15MIN/RUN:S1140000_0.2%/
 -----DSS--- ZREAD Unit   76; Vers.    6:  //S114A/PRECIP-INC/01JUN2007/15MIN/RUN:S1140000_0.2%/
 -----DSS---ZWRITE Unit   76; Vers.    6:  //S114A/PRECIP-EXCESS/01JUN2007/15MIN/RUN:S1140000_0.2%/
 -----DSS---ZWRITE Unit   76; Vers.    6:  //S114A/PRECIP-EXCESS-CUM/01MAY2007/15MIN/RUN:S1140000_0.2%/
 -----DSS---ZWRITE Unit   76; Vers.    6:  //S114A/PRECIP-EXCESS-CUM/01JUN2007/15MIN/RUN:S1140000_0.2%/
 -----DSS---ZWRITE Unit   76; Vers.    6:  //S114A/INFILTRATION/01JUN2007/15MIN/RUN:S1140000_0.2%/
 -----DSS--- ZREAD Unit   76; Vers.    6:  //S114A/PRECIP-INC/01JUN2007/15MIN/RUN:S1140000_0.2%/
 -----DSS--- ZREAD Unit   76; Vers.    6:  //S114A/PRECIP-INC/01JUN2007/15MIN/RUN:S1140000_0.2%/
 -----DSS--- ZREAD Unit   76; Vers.    6:  //S114A/PRECIP-EXCESS/01JUN2007/15MIN/RUN:S1140000_0.2%/
 -----DSS--- ZREAD Unit   76; Vers.    6:  //S114A/PRECIP-EXCESS/01JUN2007/15MIN/RUN:S1140000_0.2%/
 -----DSS---ZWRITE Unit   76; Vers.    8:  //S114A/PRECIP-LOSS/01JUN2007/15MIN/RUN:S1140000_0.2%/
 -----DSS--- ZREAD Unit   76; Vers.    6:  //S114A/PRECIP-EXCESS/01JUN2007/15MIN/RUN:S1140000_0.2%/
 -----DSS---ZWRITE Unit   76; Vers.    6:  //S114A/FLOW-DIRECT/01MAY2007/15MIN/RUN:S1140000_0.2%/
 -----DSS---ZWRITE Unit   76; Vers.    6:  //S114A/FLOW-DIRECT/01JUN2007/15MIN/RUN:S1140000_0.2%/
 -----DSS--- ZREAD Unit   76; Vers.    6:  //S114A/FLOW-DIRECT/01MAY2007/15MIN/RUN:S1140000_0.2%/
 -----DSS--- ZREAD Unit   76; Vers.    6:  //S114A/FLOW-DIRECT/01JUN2007/15MIN/RUN:S1140000_0.2%/
 -----DSS---ZWRITE Unit   76; Vers.    6:  //S114A/FLOW-BASE/01MAY2007/15MIN/RUN:S1140000_0.2%/
 -----DSS---ZWRITE Unit   76; Vers.    6:  //S114A/FLOW-BASE/01JUN2007/15MIN/RUN:S1140000_0.2%/
 -----DSS---ZWRITE Unit   76; Vers.    6:  //S114A/FLOW/01MAY2007/15MIN/RUN:S1140000_0.2%/
 -----DSS---ZWRITE Unit   76; Vers.    6:  //S114A/FLOW/01JUN2007/15MIN/RUN:S1140000_0.2%/
 -----DSS--- ZREAD Unit   76; Vers.    6:  //S114A/FLOW/01MAY2007/15MIN/RUN:S1140000_0.2%/
 -----DSS--- ZREAD Unit   76; Vers.    6:  //S114A/FLOW/01JUN2007/15MIN/RUN:S1140000_0.2%/
 -----DSS---ZWRITE Unit   76; Vers.    6:  //S1140000_0001_J/FLOW-COMBINE/01MAY2007/15MIN/RUN:S1140000_0.2%/
 -----DSS---ZWRITE Unit   76; Vers.    6:  //S1140000_0001_J/FLOW-COMBINE/01JUN2007/15MIN/RUN:S1140000_0.2%/
 -----DSS--- ZREAD Unit   76; Vers.    6:  //S1140000_0001_J/FLOW-COMBINE/01MAY2007/15MIN/RUN:S1140000_0.2%/
 -----DSS--- ZREAD Unit   76; Vers.    6:  //S1140000_0001_J/FLOW-COMBINE/01JUN2007/15MIN/RUN:S1140000_0.2%/
 -----DSS---ZWRITE Unit   76; Vers.    6:  //S1140000_0001_J/FLOW/01MAY2007/15MIN/RUN:S1140000_0.2%/
 -----DSS---ZWRITE Unit   76; Vers.    6:  //S1140000_0001_J/FLOW/01JUN2007/15MIN/RUN:S1140000_0.2%/
 -----DSS---ZWRITE Unit   76; Vers.    6:  //S1140000_0001_J/FLOW-LOCAL/01MAY2007/15MIN/RUN:S1140000_0.2%/
 -----DSS---ZWRITE Unit   76; Vers.    6:  //S1140000_0001_J/FLOW-LOCAL/01JUN2007/15MIN/RUN:S1140000_0.2%/
 -----DSS--- ZREAD Unit   76; Vers.    6:  //S1140000_0001_J/FLOW/01MAY2007/15MIN/RUN:S1140000_0.2%/
 -----DSS--- ZREAD Unit   76; Vers.    6:  //S1140000_0001_J/FLOW/01JUN2007/15MIN/RUN:S1140000_0.2%/
 -----DSS--- ZREAD Unit   76; Vers.    6:  //S114A/PRECIP-CUM/01MAY2007/15MIN/RUN:S1140000_0.2%/
 -----DSS--- ZREAD Unit   76; Vers.    6:  //S114A/PRECIP-CUM/01JUN2007/15MIN/RUN:S1140000_0.2%/
 -----DSS--- ZREAD Unit   76; Vers.    6:  //S114A/PRECIP-EXCESS/01JUN2007/15MIN/RUN:S1140000_0.2%/
 -----DSS--- ZREAD Unit   76; Vers.    6:  //S114A/PRECIP-EXCESS/01JUN2007/15MIN/RUN:S1140000_0.2%/
 -----DSS--- ZREAD Unit   76; Vers.    6:  //S114A/PRECIP-EXCESS/01JUN2007/15MIN/RUN:S1140000_0.2%/
 -----DSS--- ZREAD Unit   76; Vers.    6:  //S114A/PRECIP-EXCESS-CUM/01MAY2007/15MIN/RUN:S1140000_0.2%/
 -----DSS--- ZREAD Unit   76; Vers.    6:  //S114A/PRECIP-EXCESS-CUM/01JUN2007/15MIN/RUN:S1140000_0.2%/
 -----DSS--- ZREAD Unit   76; Vers.    6:  //S114A/PRECIP-EXCESS-CUM/01MAY2007/15MIN/RUN:S1140000_0.2%/
 -----DSS--- ZREAD Unit   76; Vers.    6:  //S114A/PRECIP-EXCESS-CUM/01JUN2007/15MIN/RUN:S1140000_0.2%/
 -----DSS--- ZREAD Unit   76; Vers.    6:  //S114A/PRECIP-EXCESS-CUM/01MAY2007/15MIN/RUN:S1140000_0.2%/
 -----DSS--- ZREAD Unit   76; Vers.    6:  //S114A/PRECIP-EXCESS-CUM/01JUN2007/15MIN/RUN:S1140000_0.2%/
 -----DSS--- ZREAD Unit   76; Vers.    6:  //S114A/PRECIP-EXCESS-CUM/01MAY2007/15MIN/RUN:S1140000_0.2%/
 -----DSS--- ZREAD Unit   76; Vers.    6:  //S114A/PRECIP-EXCESS-CUM/01JUN2007/15MIN/RUN:S1140000_0.2%/
 -----DSS--- ZREAD Unit   76; Vers.    6:  //S114A/PRECIP-INC/01JUN2007/15MIN/RUN:S1140000_0.2%/
 -----DSS--- ZREAD Unit   76; Vers.    6:  //S114A/PRECIP-INC/01JUN2007/15MIN/RUN:S1140000_0.2%/
 -----DSS--- ZREAD Unit   76; Vers.    6:  //S114A/PRECIP-EXCESS/01JUN2007/15MIN/RUN:S1140000_0.2%/
 -----DSS--- ZREAD Unit   76; Vers.    6:  //S114A/PRECIP-EXCESS/01JUN2007/15MIN/RUN:S1140000_0.2%/
 -----DSS---ZWRITE Unit   76; Vers.    9:  //S114A/PRECIP-LOSS/01JUN2007/15MIN/RUN:S1140000_0.2%/
 -----DSS--- ZREAD Unit   76; Vers.    9:  //S114A/PRECIP-LOSS/01JUN2007/15MIN/RUN:S1140000_0.2%/
 -----DSS--- ZREAD Unit   76; Vers.    9:  //S114A/PRECIP-LOSS/01JUN2007/15MIN/RUN:S1140000_0.2%/
 -----DSS--- ZREAD Unit   76; Vers.    9:  //S114A/PRECIP-LOSS/01JUN2007/15MIN/RUN:S1140000_0.2%/
 -----DSS--- ZREAD Unit   76; Vers.    9:  //S114A/PRECIP-LOSS/01JUN2007/15MIN/RUN:S1140000_0.2%/
 -----DSS--- ZREAD Unit   76; Vers.    6:  //S114A/PRECIP-INC/01JUN2007/15MIN/RUN:S1140000_0.2%/
 -----DSS--- ZREAD Unit   76; Vers.    6:  //S114A/PRECIP-INC/01JUN2007/15MIN/RUN:S1140000_0.2%/
 -----DSS--- ZREAD Unit   76; Vers.    6:  //S114A/PRECIP-EXCESS/01JUN2007/15MIN/RUN:S1140000_0.2%/
 -----DSS--- ZREAD Unit   76; Vers.    6:  //S114A/PRECIP-EXCESS/01JUN2007/15MIN/RUN:S1140000_0.2%/
 -----DSS---ZWRITE Unit   76; Vers.   10:  //S114A/PRECIP-LOSS/01JUN2007/15MIN/RUN:S1140000_0.2%/
 -----DSS--- ZREAD Unit   76; Vers.   10:  //S114A/PRECIP-LOSS/01JUN2007/15MIN/RUN:S1140000_0.2%/
 -----DSS---ZWRITE Unit   76; Vers.    2:  //S114A/PRECIP-LOSS-CUM/01MAY2007/15MIN/RUN:S1140000_0.2%/
 -----DSS---ZWRITE Unit   76; Vers.    2:  //S114A/PRECIP-LOSS-CUM/01JUN2007/15MIN/RUN:S1140000_0.2%/
 -----DSS--- ZREAD Unit   76; Vers.    2:  //S114A/PRECIP-LOSS-CUM/01MAY2007/15MIN/RUN:S1140000_0.2%/
 -----DSS--- ZREAD Unit   76; Vers.    2:  //S114A/PRECIP-LOSS-CUM/01JUN2007/15MIN/RUN:S1140000_0.2%/
 -----DSS--- ZREAD Unit   76; Vers.    2:  //S114A/PRECIP-LOSS-CUM/01MAY2007/15MIN/RUN:S1140000_0.2%/
 -----DSS--- ZREAD Unit   76; Vers.    2:  //S114A/PRECIP-LOSS-CUM/01JUN2007/15MIN/RUN:S1140000_0.2%/
 -----DSS--- ZREAD Unit   76; Vers.    2:  //S114A/PRECIP-LOSS-CUM/01MAY2007/15MIN/RUN:S1140000_0.2%/
 -----DSS--- ZREAD Unit   76; Vers.    2:  //S114A/PRECIP-LOSS-CUM/01JUN2007/15MIN/RUN:S1140000_0.2%/
 -----DSS--- ZREAD Unit   76; Vers.    2:  //S114A/PRECIP-LOSS-CUM/01MAY2007/15MIN/RUN:S1140000_0.2%/
 -----DSS--- ZREAD Unit   76; Vers.    2:  //S114A/PRECIP-LOSS-CUM/01JUN2007/15MIN/RUN:S1140000_0.2%/
 -----DSS--- ZREAD Unit   76; Vers.    6:  //S114A/FLOW-BASE/01MAY2007/15MIN/RUN:S1140000_0.2%/
 -----DSS--- ZREAD Unit   76; Vers.    6:  //S114A/FLOW-BASE/01JUN2007/15MIN/RUN:S1140000_0.2%/
 -----DSS--- ZREAD Unit   76; Vers.    6:  //S114A/FLOW/01MAY2007/15MIN/RUN:S1140000_0.2%/
 -----DSS--- ZREAD Unit   76; Vers.    6:  //S114A/FLOW/01JUN2007/15MIN/RUN:S1140000_0.2%/
 -----DSS--- ZREAD Unit   76; Vers.    6:  //S114A/FLOW/01MAY2007/15MIN/RUN:S1140000_0.2%/
 -----DSS--- ZREAD Unit   76; Vers.    6:  //S114A/FLOW/01JUN2007/15MIN/RUN:S1140000_0.2%/
 -----DSS--- ZREAD Unit   76; Vers.    6:  //S114A/FLOW/01MAY2007/15MIN/RUN:S1140000_0.2%/
 -----DSS--- ZREAD Unit   76; Vers.    6:  //S114A/FLOW/01JUN2007/15MIN/RUN:S1140000_0.2%/
 -----DSS--- ZREAD Unit   76; Vers.    6:  //S114A/FLOW/01MAY2007/15MIN/RUN:S1140000_0.2%/
 -----DSS--- ZREAD Unit   76; Vers.    6:  //S114A/FLOW/01JUN2007/15MIN/RUN:S1140000_0.2%/
 -----DSS--- ZREAD Unit   76; Vers.    6:  //S114A/FLOW/01MAY2007/15MIN/RUN:S1140000_0.2%/
 -----DSS--- ZREAD Unit   76; Vers.    6:  //S114A/FLOW/01JUN2007/15MIN/RUN:S1140000_0.2%/
 -----DSS--- ZREAD Unit   76; Vers.    6:  //S114A/FLOW/01MAY2007/15MIN/RUN:S1140000_0.2%/
 -----DSS--- ZREAD Unit   76; Vers.    6:  //S114A/FLOW/01JUN2007/15MIN/RUN:S1140000_0.2%/
 -----DSS--- ZREAD Unit   76; Vers.    6:  //S114A/FLOW/01MAY2007/15MIN/RUN:S1140000_0.2%/
 -----DSS--- ZREAD Unit   76; Vers.    6:  //S114A/FLOW/01JUN2007/15MIN/RUN:S1140000_0.2%/
 -----DSS--- ZREAD Unit   76; Vers.    6:  //S114A/FLOW/01MAY2007/15MIN/RUN:S1140000_0.2%/
 -----DSS--- ZREAD Unit   76; Vers.    6:  //S114A/FLOW/01JUN2007/15MIN/RUN:S1140000_0.2%/
 -----DSS--- ZREAD Unit   76; Vers.    6:  //S114A/FLOW/01MAY2007/15MIN/RUN:S1140000_0.2%/
 -----DSS--- ZREAD Unit   76; Vers.    6:  //S114A/FLOW/01JUN2007/15MIN/RUN:S1140000_0.2%/
 -----DSS--- ZREAD Unit   76; Vers.    6:  //S114A/FLOW/01MAY2007/15MIN/RUN:S1140000_0.2%/
 -----DSS--- ZREAD Unit   76; Vers.    6:  //S114A/FLOW/01JUN2007/15MIN/RUN:S1140000_0.2%/
 -----DSS--- ZREAD Unit   76; Vers.    6:  //S114A/FLOW/01MAY2007/15MIN/RUN:S1140000_0.2%/
 -----DSS--- ZREAD Unit   76; Vers.    6:  //S114A/FLOW/01JUN2007/15MIN/RUN:S1140000_0.2%/
 -----DSS--- ZREAD Unit   76; Vers.    6:  //S114A/FLOW/01MAY2007/15MIN/RUN:S1140000_0.2%/
 -----DSS--- ZREAD Unit   76; Vers.    6:  //S114A/FLOW/01JUN2007/15MIN/RUN:S1140000_0.2%/
 -----DSS--- ZREAD Unit   76; Vers.    6:  //S1140000_0001_J/FLOW/01MAY2007/15MIN/RUN:S1140000_0.2%/
 -----DSS--- ZREAD Unit   76; Vers.    6:  //S1140000_0001_J/FLOW/01JUN2007/15MIN/RUN:S1140000_0.2%/
 -----DSS--- ZREAD Unit   76; Vers.    6:  //S1140000_0001_J/FLOW/01MAY2007/15MIN/RUN:S1140000_0.2%/
 -----DSS--- ZREAD Unit   76; Vers.    6:  //S1140000_0001_J/FLOW/01JUN2007/15MIN/RUN:S1140000_0.2%/
 -----DSS--- ZREAD Unit   76; Vers.    6:  //S1140000_0001_J/FLOW/01MAY2007/15MIN/RUN:S1140000_0.2%/
 -----DSS--- ZREAD Unit   76; Vers.    6:  //S1140000_0001_J/FLOW/01JUN2007/15MIN/RUN:S1140000_0.2%/
 -----DSS--- ZREAD Unit   76; Vers.    6:  //S1140000_0001_J/FLOW/01MAY2007/15MIN/RUN:S1140000_0.2%/
 -----DSS--- ZREAD Unit   76; Vers.    6:  //S1140000_0001_J/FLOW/01JUN2007/15MIN/RUN:S1140000_0.2%/
 -----DSS--- ZREAD Unit   76; Vers.    6:  //S1140000_0001_J/FLOW/01MAY2007/15MIN/RUN:S1140000_0.2%/
 -----DSS--- ZREAD Unit   76; Vers.    6:  //S1140000_0001_J/FLOW/01JUN2007/15MIN/RUN:S1140000_0.2%/
 -----DSS--- ZREAD Unit   76; Vers.    6:  //S1140000_0001_J/FLOW/01MAY2007/15MIN/RUN:S1140000_0.2%/
 -----DSS--- ZREAD Unit   76; Vers.    6:  //S1140000_0001_J/FLOW/01JUN2007/15MIN/RUN:S1140000_0.2%/
 -----DSS--- ZREAD Unit   76; Vers.    6:  //S1140000_0001_J/FLOW/01MAY2007/15MIN/RUN:S1140000_0.2%/
 -----DSS--- ZREAD Unit   76; Vers.    6:  //S1140000_0001_J/FLOW/01JUN2007/15MIN/RUN:S1140000_0.2%/
 -----DSS--- ZREAD Unit   76; Vers.    6:  //S1140000_0001_J/FLOW/01MAY2007/15MIN/RUN:S1140000_0.2%/
 -----DSS--- ZREAD Unit   76; Vers.    6:  //S1140000_0001_J/FLOW/01JUN2007/15MIN/RUN:S1140000_0.2%/
 -----DSS--- ZREAD Unit   76; Vers.    6:  //S1140000_0001_J/FLOW/01MAY2007/15MIN/RUN:S1140000_0.2%/
 -----DSS--- ZREAD Unit   76; Vers.    6:  //S1140000_0001_J/FLOW/01JUN2007/15MIN/RUN:S1140000_0.2%/
 -----DSS--- ZREAD Unit   76; Vers.    6:  //S1140000_0001_J/FLOW/01MAY2007/15MIN/RUN:S1140000_0.2%/
 -----DSS--- ZREAD Unit   76; Vers.    6:  //S1140000_0001_J/FLOW/01JUN2007/15MIN/RUN:S1140000_0.2%/
 -----DSS--- ZREAD Unit   76; Vers.    6:  //S1140000_0001_J/FLOW/01MAY2007/15MIN/RUN:S1140000_0.2%/
 -----DSS--- ZREAD Unit   76; Vers.    6:  //S1140000_0001_J/FLOW/01JUN2007/15MIN/RUN:S1140000_0.2%/
 -----DSS--- ZREAD Unit   76; Vers.    6:  //S1140000_0001_J/FLOW/01MAY2007/15MIN/RUN:S1140000_0.2%/
 -----DSS--- ZREAD Unit   76; Vers.    6:  //S1140000_0001_J/FLOW/01JUN2007/15MIN/RUN:S1140000_0.2%/
 -----DSS--- ZREAD Unit   76; Vers.    6:  //S114A/FLOW/01MAY2007/15MIN/RUN:S1140000_0.2%/
 -----DSS--- ZREAD Unit   76; Vers.    6:  //S114A/FLOW/01JUN2007/15MIN/RUN:S1140000_0.2%/
 -----DSS--- ZREAD Unit   76; Vers.    6:  //S114A/FLOW/01MAY2007/15MIN/RUN:S1140000_0.2%/
 -----DSS--- ZREAD Unit   76; Vers.    6:  //S114A/FLOW/01JUN2007/15MIN/RUN:S1140000_0.2%/
 -----DSS--- ZREAD Unit   76; Vers.    6:  //S114A/FLOW/01MAY2007/15MIN/RUN:S1140000_0.2%/
 -----DSS--- ZREAD Unit   76; Vers.    6:  //S114A/FLOW/01JUN2007/15MIN/RUN:S1140000_0.2%/
 -----DSS--- ZREAD Unit   76; Vers.    6:  //S114A/FLOW/01MAY2007/15MIN/RUN:S1140000_0.2%/
 -----DSS--- ZREAD Unit   76; Vers.    6:  //S114A/FLOW/01JUN2007/15MIN/RUN:S1140000_0.2%/
 -----DSS--- ZREAD Unit   76; Vers.    6:  //S114A/FLOW/01MAY2007/15MIN/RUN:S1140000_0.2%/
 -----DSS--- ZREAD Unit   76; Vers.    6:  //S114A/FLOW/01JUN2007/15MIN/RUN:S1140000_0.2%/
 -----DSS--- ZREAD Unit   76; Vers.    6:  //S114A/FLOW/01MAY2007/15MIN/RUN:S1140000_0.2%/
 -----DSS--- ZREAD Unit   76; Vers.    6:  //S114A/FLOW/01JUN2007/15MIN/RUN:S1140000_0.2%/
 -----DSS--- ZREAD Unit   76; Vers.    6:  //S114A/FLOW/01MAY2007/15MIN/RUN:S1140000_0.2%/
 -----DSS--- ZREAD Unit   76; Vers.    6:  //S114A/FLOW/01JUN2007/15MIN/RUN:S1140000_0.2%/
 -----DSS--- ZREAD Unit   76; Vers.    6:  //S114A/FLOW/01MAY2007/15MIN/RUN:S1140000_0.2%/
 -----DSS--- ZREAD Unit   76; Vers.    6:  //S114A/FLOW/01JUN2007/15MIN/RUN:S1140000_0.2%/
 -----DSS--- ZREAD Unit   76; Vers.    6:  //S114A/FLOW/01MAY2007/15MIN/RUN:S1140000_0.2%/
 -----DSS--- ZREAD Unit   76; Vers.    6:  //S114A/FLOW/01JUN2007/15MIN/RUN:S1140000_0.2%/
 -----DSS--- ZREAD Unit   76; Vers.    6:  //S114A/FLOW/01MAY2007/15MIN/RUN:S1140000_0.2%/
 -----DSS--- ZREAD Unit   76; Vers.    6:  //S114A/FLOW/01JUN2007/15MIN/RUN:S1140000_0.2%/
 -----DSS--- ZREAD Unit   76; Vers.    6:  //S114A/FLOW/01MAY2007/15MIN/RUN:S1140000_0.2%/
 -----DSS--- ZREAD Unit   76; Vers.    6:  //S114A/FLOW/01JUN2007/15MIN/RUN:S1140000_0.2%/
 -----DSS--- ZREAD Unit   76; Vers.    6:  //S114A/FLOW/01MAY2007/15MIN/RUN:S1140000_0.2%/
 -----DSS--- ZREAD Unit   76; Vers.    6:  //S114A/FLOW/01JUN2007/15MIN/RUN:S1140000_0.2%/
    -----DSS---ZCLOSE Unit:   76,   File: C:/Projects/EffectiveHMS QAQC/2009_Updated ModelsVer3.3/S-Luce B
               Pointer Utilization:  0.32
               Number of Records:     88
               File Size:   2136.0  Kbytes
               Percent Inactive:   0.0

